05/07/2021 12:10:24 AM - <module> - INFO: Browser Opened
05/07/2021 12:10:24 AM - HomePage - INFO: Element Found with locator: {'xpath': "//a[@class='zh-login']"}
05/07/2021 12:10:26 AM - HomePage - INFO: Clicked on element with locator: {'xpath': "//a[@class='zh-login']"}
05/07/2021 12:10:26 AM - LoginPage - INFO: Element Found with locator: {'xpath': "//input[@id='login_id']"}
05/07/2021 12:10:26 AM - LoginPage - INFO: Sent data on element with locator: {'xpath': "//input[@id='login_id']"}
05/07/2021 12:10:26 AM - LoginPage - INFO: Element Found with locator: {'xpath': "//button[@id='nextbtn']//span[text()='Next']"}
05/07/2021 12:10:26 AM - LoginPage - INFO: Clicked on element with locator: {'xpath': "//button[@id='nextbtn']//span[text()='Next']"}
05/07/2021 12:10:26 AM - LoginPage - INFO: Element Found with locator: {'xpath': "//input[@id='password']"}
05/07/2021 12:10:29 AM - LoginPage - INFO: Cannot send data on the element with locator: {'xpath': "//input[@id='password']"}
05/07/2021 12:10:36 AM - LoginPage - INFO: Element not found with locator: {'xpath': "//button[@id='nextbtn']//span[text()='Sign in']"}
05/07/2021 12:10:36 AM - LoginPage - INFO: Cannot click on the element with locator: {'xpath': "//button[@id='nextbtn']//span[text()='Sign in']"}
05/07/2021 12:10:41 AM - LoginPage - INFO: Element Found with locator: {'xpath': "//div[@id='getusername']//div[@class='fielderror errorlabel']"}
05/07/2021 12:10:41 AM - TestStatus - INFO: ### VERIFICATION SUCCESSFUL :: + Error Message is Displayed
05/07/2021 12:10:41 AM - TestStatus - INFO: userErrorMessage ### TEST SUCCESSFUL
05/07/2021 12:10:41 AM - <module> - INFO: Browser Closed
05/07/2021 12:10:46 AM - <module> - INFO: Browser Opened
05/07/2021 12:10:46 AM - HomePage - INFO: Element Found with locator: {'xpath': "//a[@class='zh-login']"}
05/07/2021 12:10:48 AM - HomePage - INFO: Clicked on element with locator: {'xpath': "//a[@class='zh-login']"}
05/07/2021 12:10:48 AM - LoginPage - INFO: Element Found with locator: {'xpath': "//input[@id='login_id']"}
05/07/2021 12:10:48 AM - LoginPage - INFO: Sent data on element with locator: {'xpath': "//input[@id='login_id']"}
05/07/2021 12:10:48 AM - LoginPage - INFO: Element Found with locator: {'xpath': "//button[@id='nextbtn']//span[text()='Next']"}
05/07/2021 12:10:48 AM - LoginPage - INFO: Clicked on element with locator: {'xpath': "//button[@id='nextbtn']//span[text()='Next']"}
05/07/2021 12:10:48 AM - LoginPage - INFO: Element Found with locator: {'xpath': "//input[@id='password']"}
05/07/2021 12:10:51 AM - LoginPage - INFO: Cannot send data on the element with locator: {'xpath': "//input[@id='password']"}
05/07/2021 12:10:58 AM - LoginPage - INFO: Element not found with locator: {'xpath': "//button[@id='nextbtn']//span[text()='Sign in']"}
05/07/2021 12:10:58 AM - LoginPage - INFO: Cannot click on the element with locator: {'xpath': "//button[@id='nextbtn']//span[text()='Sign in']"}
05/07/2021 12:11:03 AM - LoginPage - INFO: Element Found with locator: {'xpath': "//div[@id='getusername']//div[@class='fielderror errorlabel']"}
05/07/2021 12:11:03 AM - TestStatus - INFO: ### VERIFICATION SUCCESSFUL :: + Error Message is Displayed
05/07/2021 12:11:03 AM - TestStatus - INFO: userErrorMessage ### TEST SUCCESSFUL
05/07/2021 12:11:03 AM - <module> - INFO: Browser Closed
05/07/2021 12:13:40 AM - <module> - INFO: Browser Opened
05/07/2021 12:13:40 AM - HomePage - INFO: Element Found with locator: {'xpath': "//a[@class='zh-login']"}
05/07/2021 12:13:42 AM - HomePage - INFO: Clicked on element with locator: {'xpath': "//a[@class='zh-login']"}
05/07/2021 12:13:42 AM - LoginPage - INFO: Element Found with locator: {'xpath': "//input[@id='login_id']"}
05/07/2021 12:13:42 AM - LoginPage - INFO: Sent data on element with locator: {'xpath': "//input[@id='login_id']"}
05/07/2021 12:13:42 AM - LoginPage - INFO: Element Found with locator: {'xpath': "//button[@id='nextbtn']//span[text()='Next']"}
05/07/2021 12:13:43 AM - LoginPage - INFO: Clicked on element with locator: {'xpath': "//button[@id='nextbtn']//span[text()='Next']"}
05/07/2021 12:13:43 AM - LoginPage - INFO: Element Found with locator: {'xpath': "//input[@id='password']"}
05/07/2021 12:13:46 AM - LoginPage - INFO: Cannot send data on the element with locator: {'xpath': "//input[@id='password']"}
05/07/2021 12:13:53 AM - LoginPage - INFO: Element not found with locator: {'xpath': "//button[@id='nextbtn']//span[text()='Sign in']"}
05/07/2021 12:13:53 AM - LoginPage - INFO: Cannot click on the element with locator: {'xpath': "//button[@id='nextbtn']//span[text()='Sign in']"}
05/07/2021 12:13:58 AM - LoginPage - INFO: Element Found with locator: {'xpath': "//div[@id='getusername']//div[@class='fielderror errorlabel']"}
05/07/2021 12:13:58 AM - TestStatus - INFO: ### VERIFICATION SUCCESSFUL :: + Error Message is Displayed
05/07/2021 12:13:58 AM - TestStatus - INFO: userErrorMessage ### TEST SUCCESSFUL
05/07/2021 12:13:58 AM - <module> - INFO: Browser Closed
05/07/2021 12:14:03 AM - <module> - INFO: Browser Opened
05/07/2021 12:14:03 AM - HomePage - INFO: Element Found with locator: {'xpath': "//a[@class='zh-login']"}
05/07/2021 12:14:05 AM - HomePage - INFO: Clicked on element with locator: {'xpath': "//a[@class='zh-login']"}
05/07/2021 12:14:05 AM - LoginPage - INFO: Element Found with locator: {'xpath': "//input[@id='login_id']"}
05/07/2021 12:14:05 AM - LoginPage - INFO: Sent data on element with locator: {'xpath': "//input[@id='login_id']"}
05/07/2021 12:14:05 AM - LoginPage - INFO: Element Found with locator: {'xpath': "//button[@id='nextbtn']//span[text()='Next']"}
05/07/2021 12:14:05 AM - LoginPage - INFO: Clicked on element with locator: {'xpath': "//button[@id='nextbtn']//span[text()='Next']"}
05/07/2021 12:14:05 AM - LoginPage - INFO: Element Found with locator: {'xpath': "//input[@id='password']"}
05/07/2021 12:14:08 AM - LoginPage - INFO: Cannot send data on the element with locator: {'xpath': "//input[@id='password']"}
05/07/2021 12:20:27 AM - <module> - INFO: Browser Opened
05/07/2021 12:20:27 AM - HomePage - INFO: Element Found with locator: {'xpath': "//a[@class='zh-login']"}
05/07/2021 12:20:28 AM - HomePage - INFO: Clicked on element with locator: {'xpath': "//a[@class='zh-login']"}
05/07/2021 12:20:28 AM - LoginPage - INFO: Element Found with locator: {'xpath': "//input[@id='login_id']"}
05/07/2021 12:20:28 AM - LoginPage - INFO: Sent data on element with locator: {'xpath': "//input[@id='login_id']"}
05/07/2021 12:20:28 AM - LoginPage - INFO: Element Found with locator: {'xpath': "//button[@id='nextbtn']//span[text()='Next']"}
05/07/2021 12:20:28 AM - LoginPage - INFO: Clicked on element with locator: {'xpath': "//button[@id='nextbtn']//span[text()='Next']"}
05/07/2021 12:20:28 AM - LoginPage - INFO: Element Found with locator: {'xpath': "//input[@id='password']"}
05/07/2021 12:20:32 AM - LoginPage - INFO: Cannot send data on the element with locator: {'xpath': "//input[@id='password']"}
05/07/2021 12:20:39 AM - LoginPage - INFO: Element not found with locator: {'xpath': "//button[@id='nextbtn']//span[text()='Sign in']"}
05/07/2021 12:20:39 AM - LoginPage - INFO: Cannot click on the element with locator: {'xpath': "//button[@id='nextbtn']//span[text()='Sign in']"}
05/07/2021 12:20:44 AM - LoginPage - INFO: Element Found with locator: {'xpath': "//div[@id='getusername']//div[@class='fielderror errorlabel']"}
05/07/2021 12:20:44 AM - TestStatus - INFO: ### VERIFICATION SUCCESSFUL :: + Error Message is Displayed
05/07/2021 12:20:44 AM - TestStatus - INFO: userErrorMessage ### TEST SUCCESSFUL
05/07/2021 12:20:44 AM - <module> - INFO: Browser Closed
05/07/2021 12:20:48 AM - <module> - INFO: Browser Opened
05/07/2021 12:20:48 AM - HomePage - INFO: Element Found with locator: {'xpath': "//a[@class='zh-login']"}
05/07/2021 12:20:50 AM - HomePage - INFO: Clicked on element with locator: {'xpath': "//a[@class='zh-login']"}
05/07/2021 12:20:50 AM - LoginPage - INFO: Element Found with locator: {'xpath': "//input[@id='login_id']"}
05/07/2021 12:20:50 AM - LoginPage - INFO: Sent data on element with locator: {'xpath': "//input[@id='login_id']"}
05/07/2021 12:20:50 AM - LoginPage - INFO: Element Found with locator: {'xpath': "//button[@id='nextbtn']//span[text()='Next']"}
05/07/2021 12:20:50 AM - LoginPage - INFO: Clicked on element with locator: {'xpath': "//button[@id='nextbtn']//span[text()='Next']"}
05/07/2021 12:20:50 AM - LoginPage - INFO: Element Found with locator: {'xpath': "//input[@id='password']"}
05/07/2021 12:20:53 AM - LoginPage - INFO: Cannot send data on the element with locator: {'xpath': "//input[@id='password']"}
05/07/2021 12:21:01 AM - LoginPage - INFO: Element not found with locator: {'xpath': "//button[@id='nextbtn']//span[text()='Sign in']"}
05/07/2021 12:21:01 AM - LoginPage - INFO: Cannot click on the element with locator: {'xpath': "//button[@id='nextbtn']//span[text()='Sign in']"}
05/07/2021 12:21:06 AM - LoginPage - INFO: Element Found with locator: {'xpath': "//div[@id='getusername']//div[@class='fielderror errorlabel']"}
05/07/2021 12:21:06 AM - TestStatus - INFO: ### VERIFICATION SUCCESSFUL :: + Error Message is Displayed
05/07/2021 12:21:06 AM - TestStatus - INFO: userErrorMessage ### TEST SUCCESSFUL
05/07/2021 12:21:06 AM - <module> - INFO: Browser Closed
05/07/2021 10:24:08 AM - <module> - INFO: Browser Opened
05/07/2021 10:24:08 AM - HomePage - INFO: Element Found with locator: {'xpath': "//a[@class='zh-login']"}
05/07/2021 10:24:10 AM - HomePage - INFO: Clicked on element with locator: {'xpath': "//a[@class='zh-login']"}
05/07/2021 10:24:10 AM - LoginPage - INFO: Element Found with locator: {'xpath': "//input[@id='login_id']"}
05/07/2021 10:24:10 AM - LoginPage - INFO: Sent data on element with locator: {'xpath': "//input[@id='login_id']"}
05/07/2021 10:24:10 AM - LoginPage - INFO: Element Found with locator: {'xpath': "//button[@id='nextbtn']//span[text()='Next']"}
05/07/2021 10:24:10 AM - LoginPage - INFO: Clicked on element with locator: {'xpath': "//button[@id='nextbtn']//span[text()='Next']"}
05/07/2021 10:24:10 AM - LoginPage - INFO: Element Found with locator: {'xpath': "//input[@id='password']"}
05/07/2021 10:24:14 AM - LoginPage - INFO: Cannot send data on the element with locator: {'xpath': "//input[@id='password']"}
05/07/2021 10:24:21 AM - LoginPage - INFO: Element not found with locator: {'xpath': "//button[@id='nextbtn']//span[text()='Sign in']"}
05/07/2021 10:24:21 AM - LoginPage - INFO: Cannot click on the element with locator: {'xpath': "//button[@id='nextbtn']//span[text()='Sign in']"}
05/07/2021 10:24:26 AM - LoginPage - INFO: Element Found with locator: {'xpath': "//div[@id='getusername']//div[@class='fielderror errorlabel']"}
05/07/2021 10:24:26 AM - TestStatus - INFO: ### VERIFICATION SUCCESSFUL :: + Error Message is Displayed
05/07/2021 10:24:26 AM - TestStatus - INFO: userErrorMessage ### TEST SUCCESSFUL
05/07/2021 10:24:26 AM - <module> - INFO: Browser Closed
05/07/2021 10:24:31 AM - <module> - INFO: Browser Opened
05/07/2021 10:24:31 AM - HomePage - INFO: Element Found with locator: {'xpath': "//a[@class='zh-login']"}
05/07/2021 10:24:33 AM - HomePage - INFO: Clicked on element with locator: {'xpath': "//a[@class='zh-login']"}
05/07/2021 10:24:33 AM - LoginPage - INFO: Element Found with locator: {'xpath': "//input[@id='login_id']"}
05/07/2021 10:24:33 AM - LoginPage - INFO: Sent data on element with locator: {'xpath': "//input[@id='login_id']"}
05/07/2021 10:24:33 AM - LoginPage - INFO: Element Found with locator: {'xpath': "//button[@id='nextbtn']//span[text()='Next']"}
05/07/2021 10:24:33 AM - LoginPage - INFO: Clicked on element with locator: {'xpath': "//button[@id='nextbtn']//span[text()='Next']"}
05/07/2021 10:24:33 AM - LoginPage - INFO: Element Found with locator: {'xpath': "//input[@id='password']"}
05/07/2021 10:24:36 AM - LoginPage - INFO: Cannot send data on the element with locator: {'xpath': "//input[@id='password']"}
05/07/2021 10:24:43 AM - LoginPage - INFO: Element not found with locator: {'xpath': "//button[@id='nextbtn']//span[text()='Sign in']"}
05/07/2021 10:24:43 AM - LoginPage - INFO: Cannot click on the element with locator: {'xpath': "//button[@id='nextbtn']//span[text()='Sign in']"}
05/07/2021 10:24:49 AM - LoginPage - INFO: Element Found with locator: {'xpath': "//div[@id='getusername']//div[@class='fielderror errorlabel']"}
05/07/2021 10:24:49 AM - TestStatus - INFO: ### VERIFICATION SUCCESSFUL :: + Error Message is Displayed
05/07/2021 10:24:49 AM - TestStatus - INFO: userErrorMessage ### TEST SUCCESSFUL
05/07/2021 10:24:49 AM - <module> - INFO: Browser Closed
05/07/2021 10:59:18 AM - <module> - INFO: Browser Opened
05/07/2021 10:59:18 AM - <module> - INFO: Browser Closed
05/07/2021 10:59:25 AM - <module> - INFO: Browser Opened
05/07/2021 10:59:26 AM - <module> - INFO: Browser Closed
05/07/2021 10:59:30 AM - <module> - INFO: Browser Opened
05/07/2021 10:59:30 AM - HomePage - INFO: Element Found with locator: {'xpath': "//a[@class='zh-login']"}
05/07/2021 10:59:32 AM - HomePage - INFO: Clicked on element with locator: {'xpath': "//a[@class='zh-login']"}
05/07/2021 10:59:32 AM - LoginPage - INFO: Element Found with locator: {'xpath': "//input[@id='login_id']"}
05/07/2021 10:59:32 AM - LoginPage - INFO: Sent data on element with locator: {'xpath': "//input[@id='login_id']"}
05/07/2021 10:59:32 AM - LoginPage - INFO: Element Found with locator: {'xpath': "//button[@id='nextbtn']//span[text()='Next']"}
05/07/2021 10:59:33 AM - LoginPage - INFO: Clicked on element with locator: {'xpath': "//button[@id='nextbtn']//span[text()='Next']"}
05/07/2021 10:59:33 AM - LoginPage - INFO: Element Found with locator: {'xpath': "//input[@id='password']"}
05/07/2021 10:59:33 AM - LoginPage - INFO: Sent data on element with locator: {'xpath': "//input[@id='password']"}
05/07/2021 10:59:37 AM - LoginPage - INFO: Element Found with locator: {'xpath': "//button[@id='nextbtn']//span[text()='Sign in']"}
05/07/2021 10:59:37 AM - LoginPage - INFO: Clicked on element with locator: {'xpath': "//button[@id='nextbtn']//span[text()='Sign in']"}
05/07/2021 10:59:45 AM - TestStatus - INFO: ### VERIFICATION SUCCESSFUL :: + ClientHomePage is displayed
05/07/2021 10:59:45 AM - TestStatus - INFO: userClientHomePage ### TEST SUCCESSFUL
05/07/2021 10:59:45 AM - <module> - INFO: Browser Closed
05/07/2021 10:59:55 AM - <module> - INFO: Browser Opened
05/07/2021 10:59:55 AM - HomePage - INFO: Element Found with locator: {'xpath': "//a[@class='zh-login']"}
05/07/2021 10:59:57 AM - HomePage - INFO: Clicked on element with locator: {'xpath': "//a[@class='zh-login']"}
05/07/2021 10:59:57 AM - LoginPage - INFO: Element Found with locator: {'xpath': "//input[@id='login_id']"}
05/07/2021 10:59:57 AM - LoginPage - INFO: Sent data on element with locator: {'xpath': "//input[@id='login_id']"}
05/07/2021 10:59:57 AM - LoginPage - INFO: Element Found with locator: {'xpath': "//button[@id='nextbtn']//span[text()='Next']"}
05/07/2021 10:59:57 AM - LoginPage - INFO: Clicked on element with locator: {'xpath': "//button[@id='nextbtn']//span[text()='Next']"}
05/07/2021 10:59:57 AM - LoginPage - INFO: Element Found with locator: {'xpath': "//input[@id='password']"}
05/07/2021 11:00:00 AM - LoginPage - INFO: Cannot send data on the element with locator: {'xpath': "//input[@id='password']"}
05/07/2021 11:00:08 AM - LoginPage - INFO: Element not found with locator: {'xpath': "//button[@id='nextbtn']//span[text()='Sign in']"}
05/07/2021 11:00:08 AM - LoginPage - INFO: Cannot click on the element with locator: {'xpath': "//button[@id='nextbtn']//span[text()='Sign in']"}
05/07/2021 11:00:13 AM - LoginPage - INFO: Element Found with locator: {'xpath': "//div[@id='getusername']//div[@class='fielderror errorlabel']"}
05/07/2021 11:00:13 AM - TestStatus - INFO: ### VERIFICATION SUCCESSFUL :: + Error Message is Displayed
05/07/2021 11:00:13 AM - TestStatus - INFO: userErrorMessage ### TEST SUCCESSFUL
05/07/2021 11:00:13 AM - <module> - INFO: Browser Closed
05/07/2021 11:00:18 AM - <module> - INFO: Browser Opened
05/07/2021 11:00:18 AM - HomePage - INFO: Element Found with locator: {'xpath': "//a[@class='zh-login']"}
05/07/2021 11:00:20 AM - HomePage - INFO: Clicked on element with locator: {'xpath': "//a[@class='zh-login']"}
05/07/2021 11:00:20 AM - LoginPage - INFO: Element Found with locator: {'xpath': "//input[@id='login_id']"}
05/07/2021 11:00:20 AM - LoginPage - INFO: Sent data on element with locator: {'xpath': "//input[@id='login_id']"}
05/07/2021 11:00:20 AM - LoginPage - INFO: Element Found with locator: {'xpath': "//button[@id='nextbtn']//span[text()='Next']"}
05/07/2021 11:00:20 AM - LoginPage - INFO: Clicked on element with locator: {'xpath': "//button[@id='nextbtn']//span[text()='Next']"}
05/07/2021 11:00:20 AM - LoginPage - INFO: Element Found with locator: {'xpath': "//input[@id='password']"}
05/07/2021 11:00:23 AM - LoginPage - INFO: Cannot send data on the element with locator: {'xpath': "//input[@id='password']"}
05/07/2021 11:00:30 AM - LoginPage - INFO: Element not found with locator: {'xpath': "//button[@id='nextbtn']//span[text()='Sign in']"}
05/07/2021 11:00:30 AM - LoginPage - INFO: Cannot click on the element with locator: {'xpath': "//button[@id='nextbtn']//span[text()='Sign in']"}
05/07/2021 11:00:35 AM - LoginPage - INFO: Element Found with locator: {'xpath': "//div[@id='getusername']//div[@class='fielderror errorlabel']"}
05/07/2021 11:00:35 AM - TestStatus - INFO: ### VERIFICATION SUCCESSFUL :: + Error Message is Displayed
05/07/2021 11:00:35 AM - TestStatus - INFO: userErrorMessage ### TEST SUCCESSFUL
05/07/2021 11:00:35 AM - <module> - INFO: Browser Closed
05/07/2021 11:02:12 AM - <module> - INFO: Browser Opened
05/07/2021 11:02:12 AM - HomePage - INFO: Element Found with locator: {'xpath': "//a[@class='zh-login']"}
05/07/2021 11:02:15 AM - HomePage - INFO: Clicked on element with locator: {'xpath': "//a[@class='zh-login']"}
05/07/2021 11:02:15 AM - LoginPage - INFO: Element Found with locator: {'xpath': "//input[@id='login_id']"}
05/07/2021 11:02:15 AM - LoginPage - INFO: Sent data on element with locator: {'xpath': "//input[@id='login_id']"}
05/07/2021 11:02:15 AM - LoginPage - INFO: Element Found with locator: {'xpath': "//button[@id='nextbtn']//span[text()='Next']"}
05/07/2021 11:02:15 AM - LoginPage - INFO: Clicked on element with locator: {'xpath': "//button[@id='nextbtn']//span[text()='Next']"}
05/07/2021 11:02:15 AM - LoginPage - INFO: Element Found with locator: {'xpath': "//input[@id='password']"}
05/07/2021 11:02:18 AM - LoginPage - INFO: Cannot send data on the element with locator: {'xpath': "//input[@id='password']"}
05/07/2021 11:02:25 AM - LoginPage - INFO: Element not found with locator: {'xpath': "//button[@id='nextbtn']//span[text()='Sign in']"}
05/07/2021 11:02:25 AM - LoginPage - INFO: Cannot click on the element with locator: {'xpath': "//button[@id='nextbtn']//span[text()='Sign in']"}
05/07/2021 11:02:30 AM - LoginPage - INFO: Element Found with locator: {'xpath': "//div[@id='getusername']//div[@class='fielderror errorlabel']"}
05/07/2021 11:02:30 AM - TestStatus - INFO: ### VERIFICATION SUCCESSFUL :: + Error Message is Displayed
05/07/2021 11:02:30 AM - TestStatus - INFO: userErrorMessage ### TEST SUCCESSFUL
05/07/2021 11:02:30 AM - <module> - INFO: Browser Closed
05/07/2021 11:02:36 AM - <module> - INFO: Browser Opened
05/07/2021 11:02:36 AM - HomePage - INFO: Element Found with locator: {'xpath': "//a[@class='zh-login']"}
05/07/2021 11:02:37 AM - HomePage - INFO: Clicked on element with locator: {'xpath': "//a[@class='zh-login']"}
05/07/2021 11:02:37 AM - LoginPage - INFO: Element Found with locator: {'xpath': "//input[@id='login_id']"}
05/07/2021 11:02:37 AM - LoginPage - INFO: Sent data on element with locator: {'xpath': "//input[@id='login_id']"}
05/07/2021 11:02:38 AM - LoginPage - INFO: Element Found with locator: {'xpath': "//button[@id='nextbtn']//span[text()='Next']"}
05/07/2021 11:02:38 AM - LoginPage - INFO: Clicked on element with locator: {'xpath': "//button[@id='nextbtn']//span[text()='Next']"}
05/07/2021 11:02:38 AM - LoginPage - INFO: Element Found with locator: {'xpath': "//input[@id='password']"}
05/07/2021 11:02:41 AM - LoginPage - INFO: Cannot send data on the element with locator: {'xpath': "//input[@id='password']"}
05/07/2021 11:02:48 AM - LoginPage - INFO: Element not found with locator: {'xpath': "//button[@id='nextbtn']//span[text()='Sign in']"}
05/07/2021 11:02:48 AM - LoginPage - INFO: Cannot click on the element with locator: {'xpath': "//button[@id='nextbtn']//span[text()='Sign in']"}
05/07/2021 11:02:53 AM - LoginPage - INFO: Element Found with locator: {'xpath': "//div[@id='getusername']//div[@class='fielderror errorlabel']"}
05/07/2021 11:02:53 AM - TestStatus - INFO: ### VERIFICATION SUCCESSFUL :: + Error Message is Displayed
05/07/2021 11:02:53 AM - TestStatus - INFO: userErrorMessage ### TEST SUCCESSFUL
05/07/2021 11:02:53 AM - <module> - INFO: Browser Closed
05/07/2021 11:16:54 AM - <module> - INFO: Browser Opened
05/07/2021 11:16:54 AM - <module> - INFO: Browser Closed
05/07/2021 11:17:01 AM - <module> - INFO: Browser Opened
05/07/2021 11:17:01 AM - <module> - INFO: Browser Closed
05/07/2021 11:17:06 AM - <module> - INFO: Browser Opened
05/07/2021 11:17:06 AM - HomePage - INFO: Element Found with locator: {'xpath': "//a[@class='zh-login']"}
05/07/2021 11:17:08 AM - HomePage - INFO: Clicked on element with locator: {'xpath': "//a[@class='zh-login']"}
05/07/2021 11:17:08 AM - LoginPage - INFO: Element Found with locator: {'xpath': "//input[@id='login_id']"}
05/07/2021 11:17:08 AM - LoginPage - INFO: Sent data on element with locator: {'xpath': "//input[@id='login_id']"}
05/07/2021 11:17:08 AM - LoginPage - INFO: Element Found with locator: {'xpath': "//button[@id='nextbtn']//span[text()='Next']"}
05/07/2021 11:17:08 AM - LoginPage - INFO: Clicked on element with locator: {'xpath': "//button[@id='nextbtn']//span[text()='Next']"}
05/07/2021 11:17:08 AM - LoginPage - INFO: Element Found with locator: {'xpath': "//input[@id='password']"}
05/07/2021 11:17:08 AM - LoginPage - INFO: Sent data on element with locator: {'xpath': "//input[@id='password']"}
05/07/2021 11:17:12 AM - LoginPage - INFO: Element Found with locator: {'xpath': "//button[@id='nextbtn']//span[text()='Sign in']"}
05/07/2021 11:17:12 AM - LoginPage - INFO: Clicked on element with locator: {'xpath': "//button[@id='nextbtn']//span[text()='Sign in']"}
05/07/2021 11:17:20 AM - TestStatus - INFO: ### VERIFICATION SUCCESSFUL :: + ClientHomePage is displayed
05/07/2021 11:17:20 AM - TestStatus - INFO: userClientHomePage ### TEST SUCCESSFUL
05/07/2021 11:17:20 AM - <module> - INFO: Browser Closed
05/07/2021 11:17:29 AM - <module> - INFO: Browser Opened
05/07/2021 11:17:29 AM - HomePage - INFO: Element Found with locator: {'xpath': "//a[@class='zh-login']"}
05/07/2021 11:17:32 AM - HomePage - INFO: Clicked on element with locator: {'xpath': "//a[@class='zh-login']"}
05/07/2021 11:17:32 AM - LoginPage - INFO: Element Found with locator: {'xpath': "//input[@id='login_id']"}
05/07/2021 11:17:32 AM - LoginPage - INFO: Sent data on element with locator: {'xpath': "//input[@id='login_id']"}
05/07/2021 11:17:32 AM - LoginPage - INFO: Element Found with locator: {'xpath': "//button[@id='nextbtn']//span[text()='Next']"}
05/07/2021 11:17:32 AM - LoginPage - INFO: Clicked on element with locator: {'xpath': "//button[@id='nextbtn']//span[text()='Next']"}
05/07/2021 11:17:32 AM - LoginPage - INFO: Element Found with locator: {'xpath': "//input[@id='password']"}
05/07/2021 11:17:35 AM - LoginPage - INFO: Cannot send data on the element with locator: {'xpath': "//input[@id='password']"}
05/07/2021 11:17:42 AM - LoginPage - INFO: Element not found with locator: {'xpath': "//button[@id='nextbtn']//span[text()='Sign in']"}
05/07/2021 11:17:42 AM - LoginPage - INFO: Cannot click on the element with locator: {'xpath': "//button[@id='nextbtn']//span[text()='Sign in']"}
05/07/2021 11:17:47 AM - LoginPage - INFO: Element Found with locator: {'xpath': "//div[@id='getusername']//div[@class='fielderror errorlabel']"}
05/07/2021 11:17:47 AM - TestStatus - INFO: ### VERIFICATION SUCCESSFUL :: + Error Message is Displayed
05/07/2021 11:17:47 AM - TestStatus - INFO: userErrorMessage ### TEST SUCCESSFUL
05/07/2021 11:17:47 AM - <module> - INFO: Browser Closed
05/07/2021 11:17:53 AM - <module> - INFO: Browser Opened
05/07/2021 11:17:53 AM - HomePage - INFO: Element Found with locator: {'xpath': "//a[@class='zh-login']"}
05/07/2021 11:17:55 AM - HomePage - INFO: Clicked on element with locator: {'xpath': "//a[@class='zh-login']"}
05/07/2021 11:17:55 AM - LoginPage - INFO: Element Found with locator: {'xpath': "//input[@id='login_id']"}
05/07/2021 11:17:55 AM - LoginPage - INFO: Sent data on element with locator: {'xpath': "//input[@id='login_id']"}
05/07/2021 11:17:55 AM - LoginPage - INFO: Element Found with locator: {'xpath': "//button[@id='nextbtn']//span[text()='Next']"}
05/07/2021 11:17:55 AM - LoginPage - INFO: Clicked on element with locator: {'xpath': "//button[@id='nextbtn']//span[text()='Next']"}
05/07/2021 11:17:55 AM - LoginPage - INFO: Element Found with locator: {'xpath': "//input[@id='password']"}
05/07/2021 11:17:58 AM - LoginPage - INFO: Cannot send data on the element with locator: {'xpath': "//input[@id='password']"}
05/07/2021 11:18:05 AM - LoginPage - INFO: Element not found with locator: {'xpath': "//button[@id='nextbtn']//span[text()='Sign in']"}
05/07/2021 11:18:05 AM - LoginPage - INFO: Cannot click on the element with locator: {'xpath': "//button[@id='nextbtn']//span[text()='Sign in']"}
05/07/2021 11:18:10 AM - LoginPage - INFO: Element Found with locator: {'xpath': "//div[@id='getusername']//div[@class='fielderror errorlabel']"}
05/07/2021 11:18:10 AM - TestStatus - INFO: ### VERIFICATION SUCCESSFUL :: + Error Message is Displayed
05/07/2021 11:18:10 AM - TestStatus - INFO: userErrorMessage ### TEST SUCCESSFUL
05/07/2021 11:18:10 AM - <module> - INFO: Browser Closed
05/07/2021 11:24:49 AM - <module> - INFO: Browser Opened
05/07/2021 11:24:49 AM - <module> - INFO: Browser Closed
05/07/2021 11:24:56 AM - <module> - INFO: Browser Opened
05/07/2021 11:24:56 AM - <module> - INFO: Browser Closed
05/07/2021 11:25:01 AM - <module> - INFO: Browser Opened
05/07/2021 11:25:01 AM - HomePage - INFO: Element Found with locator: {'xpath': "//a[@class='zh-login']"}
05/07/2021 11:25:04 AM - HomePage - INFO: Cannot click on the element with locator: {'xpath': "//a[@class='zh-login']"}
05/07/2021 11:25:06 AM - LoginPage - INFO: Element not found with locator: {'xpath': "//input[@id='login_id']"}
05/07/2021 11:25:06 AM - LoginPage - INFO: Cannot send data on the element with locator: {'xpath': "//input[@id='login_id']"}
05/07/2021 11:25:08 AM - LoginPage - INFO: Element not found with locator: {'xpath': "//button[@id='nextbtn']//span[text()='Next']"}
05/07/2021 11:25:08 AM - LoginPage - INFO: Cannot click on the element with locator: {'xpath': "//button[@id='nextbtn']//span[text()='Next']"}
05/07/2021 11:25:10 AM - LoginPage - INFO: Element not found with locator: {'xpath': "//input[@id='password']"}
05/07/2021 11:25:10 AM - LoginPage - INFO: Cannot send data on the element with locator: {'xpath': "//input[@id='password']"}
05/07/2021 11:25:18 AM - LoginPage - INFO: Element not found with locator: {'xpath': "//button[@id='nextbtn']//span[text()='Sign in']"}
05/07/2021 11:25:18 AM - LoginPage - INFO: Cannot click on the element with locator: {'xpath': "//button[@id='nextbtn']//span[text()='Sign in']"}
05/07/2021 11:25:32 AM - <module> - INFO: Browser Opened
05/07/2021 11:25:33 AM - <module> - INFO: Browser Closed
05/07/2021 11:25:40 AM - <module> - INFO: Browser Opened
05/07/2021 11:25:44 AM - <module> - INFO: Browser Closed
05/07/2021 11:25:48 AM - <module> - INFO: Browser Opened
05/07/2021 11:25:48 AM - HomePage - INFO: Element Found with locator: {'xpath': "//a[@class='zh-login']"}
05/07/2021 11:25:50 AM - HomePage - INFO: Clicked on element with locator: {'xpath': "//a[@class='zh-login']"}
05/07/2021 11:25:50 AM - LoginPage - INFO: Element Found with locator: {'xpath': "//input[@id='login_id']"}
05/07/2021 11:25:50 AM - LoginPage - INFO: Sent data on element with locator: {'xpath': "//input[@id='login_id']"}
05/07/2021 11:25:50 AM - LoginPage - INFO: Element Found with locator: {'xpath': "//button[@id='nextbtn']//span[text()='Next']"}
05/07/2021 11:25:50 AM - LoginPage - INFO: Clicked on element with locator: {'xpath': "//button[@id='nextbtn']//span[text()='Next']"}
05/07/2021 11:25:50 AM - LoginPage - INFO: Element Found with locator: {'xpath': "//input[@id='password']"}
05/07/2021 11:25:50 AM - LoginPage - INFO: Sent data on element with locator: {'xpath': "//input[@id='password']"}
05/07/2021 11:25:54 AM - LoginPage - INFO: Element Found with locator: {'xpath': "//button[@id='nextbtn']//span[text()='Sign in']"}
05/07/2021 11:25:55 AM - LoginPage - INFO: Clicked on element with locator: {'xpath': "//button[@id='nextbtn']//span[text()='Sign in']"}
05/07/2021 11:26:03 AM - TestStatus - INFO: ### VERIFICATION SUCCESSFUL :: + ClientHomePage is displayed
05/07/2021 11:26:03 AM - TestStatus - INFO: userClientHomePage ### TEST SUCCESSFUL
05/07/2021 11:26:04 AM - <module> - INFO: Browser Closed
05/07/2021 11:26:13 AM - <module> - INFO: Browser Opened
05/07/2021 11:26:13 AM - HomePage - INFO: Element Found with locator: {'xpath': "//a[@class='zh-login']"}
05/07/2021 11:26:14 AM - HomePage - INFO: Clicked on element with locator: {'xpath': "//a[@class='zh-login']"}
05/07/2021 11:26:14 AM - LoginPage - INFO: Element Found with locator: {'xpath': "//input[@id='login_id']"}
05/07/2021 11:26:15 AM - LoginPage - INFO: Sent data on element with locator: {'xpath': "//input[@id='login_id']"}
05/07/2021 11:26:15 AM - LoginPage - INFO: Element Found with locator: {'xpath': "//button[@id='nextbtn']//span[text()='Next']"}
05/07/2021 11:26:15 AM - LoginPage - INFO: Clicked on element with locator: {'xpath': "//button[@id='nextbtn']//span[text()='Next']"}
05/07/2021 11:26:15 AM - LoginPage - INFO: Element Found with locator: {'xpath': "//input[@id='password']"}
05/07/2021 11:26:18 AM - LoginPage - INFO: Cannot send data on the element with locator: {'xpath': "//input[@id='password']"}
05/07/2021 11:26:25 AM - LoginPage - INFO: Element not found with locator: {'xpath': "//button[@id='nextbtn']//span[text()='Sign in']"}
05/07/2021 11:26:25 AM - LoginPage - INFO: Cannot click on the element with locator: {'xpath': "//button[@id='nextbtn']//span[text()='Sign in']"}
05/07/2021 11:26:30 AM - LoginPage - INFO: Element Found with locator: {'xpath': "//div[@id='getusername']//div[@class='fielderror errorlabel']"}
05/07/2021 11:26:30 AM - TestStatus - ERROR: ### VERIFICATION FAILED :: + Error Message is Displayed
05/07/2021 11:26:30 AM - TestStatus - INFO: Screenshot save to directory: C:\Users\bisai\OneDrive - Kudelski Group\Desktop\Desktop\Study\4Selenium with Python(letskodeit)\WebTestFrameworkBDD\base\../screenshots/Error Message is Displayed.1620366990351.png
05/07/2021 11:26:30 AM - TestStatus - ERROR: userErrorMessage ### TEST FAILED
05/07/2021 11:26:30 AM - <module> - INFO: Browser Closed
05/07/2021 11:26:35 AM - <module> - INFO: Browser Opened
05/07/2021 11:26:35 AM - HomePage - INFO: Element Found with locator: {'xpath': "//a[@class='zh-login']"}
05/07/2021 11:26:37 AM - HomePage - INFO: Clicked on element with locator: {'xpath': "//a[@class='zh-login']"}
05/07/2021 11:26:37 AM - LoginPage - INFO: Element Found with locator: {'xpath': "//input[@id='login_id']"}
05/07/2021 11:26:37 AM - LoginPage - INFO: Sent data on element with locator: {'xpath': "//input[@id='login_id']"}
05/07/2021 11:26:37 AM - LoginPage - INFO: Element Found with locator: {'xpath': "//button[@id='nextbtn']//span[text()='Next']"}
05/07/2021 11:26:37 AM - LoginPage - INFO: Clicked on element with locator: {'xpath': "//button[@id='nextbtn']//span[text()='Next']"}
05/07/2021 11:26:38 AM - LoginPage - INFO: Element Found with locator: {'xpath': "//input[@id='password']"}
05/07/2021 11:26:41 AM - LoginPage - INFO: Cannot send data on the element with locator: {'xpath': "//input[@id='password']"}
05/07/2021 11:26:48 AM - LoginPage - INFO: Element not found with locator: {'xpath': "//button[@id='nextbtn']//span[text()='Sign in']"}
05/07/2021 11:26:48 AM - LoginPage - INFO: Cannot click on the element with locator: {'xpath': "//button[@id='nextbtn']//span[text()='Sign in']"}
05/07/2021 11:26:53 AM - LoginPage - INFO: Element Found with locator: {'xpath': "//div[@id='getusername']//div[@class='fielderror errorlabel']"}
05/07/2021 11:26:53 AM - TestStatus - ERROR: ### VERIFICATION FAILED :: + Error Message is Displayed
05/07/2021 11:26:53 AM - TestStatus - INFO: Screenshot save to directory: C:\Users\bisai\OneDrive - Kudelski Group\Desktop\Desktop\Study\4Selenium with Python(letskodeit)\WebTestFrameworkBDD\base\../screenshots/Error Message is Displayed.1620367013207.png
05/07/2021 11:26:53 AM - TestStatus - ERROR: userErrorMessage ### TEST FAILED
05/07/2021 11:26:53 AM - <module> - INFO: Browser Closed
05/07/2021 11:32:38 AM - <module> - INFO: Browser Opened
05/07/2021 11:32:38 AM - <module> - INFO: Browser Closed
05/07/2021 11:32:45 AM - <module> - INFO: Browser Opened
05/07/2021 11:32:49 AM - <module> - INFO: Browser Closed
05/07/2021 11:32:54 AM - <module> - INFO: Browser Opened
05/07/2021 11:32:54 AM - HomePage - INFO: Element Found with locator: {'xpath': "//a[@class='zh-login']"}
05/07/2021 11:32:56 AM - HomePage - INFO: Clicked on element with locator: {'xpath': "//a[@class='zh-login']"}
05/07/2021 11:32:56 AM - LoginPage - INFO: Element Found with locator: {'xpath': "//input[@id='login_id']"}
05/07/2021 11:32:56 AM - LoginPage - INFO: Sent data on element with locator: {'xpath': "//input[@id='login_id']"}
05/07/2021 11:32:56 AM - LoginPage - INFO: Element Found with locator: {'xpath': "//button[@id='nextbtn']//span[text()='Next']"}
05/07/2021 11:32:56 AM - LoginPage - INFO: Clicked on element with locator: {'xpath': "//button[@id='nextbtn']//span[text()='Next']"}
05/07/2021 11:32:56 AM - LoginPage - INFO: Element Found with locator: {'xpath': "//input[@id='password']"}
05/07/2021 11:32:56 AM - LoginPage - INFO: Sent data on element with locator: {'xpath': "//input[@id='password']"}
05/07/2021 11:33:00 AM - LoginPage - INFO: Element Found with locator: {'xpath': "//button[@id='nextbtn']//span[text()='Sign in']"}
05/07/2021 11:33:00 AM - LoginPage - INFO: Clicked on element with locator: {'xpath': "//button[@id='nextbtn']//span[text()='Sign in']"}
05/07/2021 11:33:07 AM - TestStatus - INFO: ### VERIFICATION SUCCESSFUL :: + ClientHomePage is displayed
05/07/2021 11:33:07 AM - TestStatus - INFO: userClientHomePage ### TEST SUCCESSFUL
05/07/2021 11:33:11 AM - <module> - INFO: Browser Closed
05/07/2021 11:33:21 AM - <module> - INFO: Browser Opened
05/07/2021 11:33:21 AM - HomePage - INFO: Element Found with locator: {'xpath': "//a[@class='zh-login']"}
05/07/2021 11:33:22 AM - HomePage - INFO: Clicked on element with locator: {'xpath': "//a[@class='zh-login']"}
05/07/2021 11:33:22 AM - LoginPage - INFO: Element Found with locator: {'xpath': "//input[@id='login_id']"}
05/07/2021 11:33:23 AM - LoginPage - INFO: Sent data on element with locator: {'xpath': "//input[@id='login_id']"}
05/07/2021 11:33:23 AM - LoginPage - INFO: Element Found with locator: {'xpath': "//button[@id='nextbtn']//span[text()='Next']"}
05/07/2021 11:33:23 AM - LoginPage - INFO: Clicked on element with locator: {'xpath': "//button[@id='nextbtn']//span[text()='Next']"}
05/07/2021 11:33:23 AM - LoginPage - INFO: Element Found with locator: {'xpath': "//input[@id='password']"}
05/07/2021 11:33:26 AM - LoginPage - INFO: Cannot send data on the element with locator: {'xpath': "//input[@id='password']"}
05/07/2021 11:33:33 AM - LoginPage - INFO: Element not found with locator: {'xpath': "//button[@id='nextbtn']//span[text()='Sign in']"}
05/07/2021 11:33:33 AM - LoginPage - INFO: Cannot click on the element with locator: {'xpath': "//button[@id='nextbtn']//span[text()='Sign in']"}
05/07/2021 11:33:38 AM - LoginPage - INFO: Element Found with locator: {'xpath': "//div[@id='getusername']//div[@class='fielderror errorlabel']"}
05/07/2021 11:33:38 AM - TestStatus - ERROR: ### VERIFICATION FAILED :: + Error Message is Displayed
05/07/2021 11:33:38 AM - TestStatus - INFO: Screenshot save to directory: C:\Users\bisai\OneDrive - Kudelski Group\Desktop\Desktop\Study\4Selenium with Python(letskodeit)\WebTestFrameworkBDD\base\../screenshots/Error Message is Displayed.1620367418425.png
05/07/2021 11:33:38 AM - TestStatus - ERROR: userErrorMessage ### TEST FAILED
05/07/2021 11:33:38 AM - <module> - INFO: Browser Closed
05/07/2021 11:33:43 AM - <module> - INFO: Browser Opened
05/07/2021 11:33:44 AM - HomePage - INFO: Element Found with locator: {'xpath': "//a[@class='zh-login']"}
05/07/2021 11:33:45 AM - HomePage - INFO: Clicked on element with locator: {'xpath': "//a[@class='zh-login']"}
05/07/2021 11:33:45 AM - LoginPage - INFO: Element Found with locator: {'xpath': "//input[@id='login_id']"}
05/07/2021 11:33:45 AM - LoginPage - INFO: Sent data on element with locator: {'xpath': "//input[@id='login_id']"}
05/07/2021 11:33:45 AM - LoginPage - INFO: Element Found with locator: {'xpath': "//button[@id='nextbtn']//span[text()='Next']"}
05/07/2021 11:33:45 AM - LoginPage - INFO: Clicked on element with locator: {'xpath': "//button[@id='nextbtn']//span[text()='Next']"}
05/07/2021 11:33:45 AM - LoginPage - INFO: Element Found with locator: {'xpath': "//input[@id='password']"}
05/07/2021 11:33:48 AM - LoginPage - INFO: Cannot send data on the element with locator: {'xpath': "//input[@id='password']"}
05/07/2021 11:33:55 AM - LoginPage - INFO: Element not found with locator: {'xpath': "//button[@id='nextbtn']//span[text()='Sign in']"}
05/07/2021 11:33:55 AM - LoginPage - INFO: Cannot click on the element with locator: {'xpath': "//button[@id='nextbtn']//span[text()='Sign in']"}
05/07/2021 11:34:00 AM - LoginPage - INFO: Element Found with locator: {'xpath': "//div[@id='getusername']//div[@class='fielderror errorlabel']"}
05/07/2021 11:34:00 AM - TestStatus - ERROR: ### VERIFICATION FAILED :: + Error Message is Displayed
05/07/2021 11:34:01 AM - TestStatus - INFO: Screenshot save to directory: C:\Users\bisai\OneDrive - Kudelski Group\Desktop\Desktop\Study\4Selenium with Python(letskodeit)\WebTestFrameworkBDD\base\../screenshots/Error Message is Displayed.1620367440897.png
05/07/2021 11:34:01 AM - TestStatus - ERROR: userErrorMessage ### TEST FAILED
05/07/2021 11:34:01 AM - <module> - INFO: Browser Closed
05/07/2021 11:53:06 AM - <module> - INFO: Browser Opened
05/07/2021 11:53:06 AM - <module> - INFO: Browser Closed
05/07/2021 11:53:18 AM - <module> - INFO: Browser Opened
05/07/2021 11:53:22 AM - <module> - INFO: Browser Closed
05/07/2021 11:53:31 AM - <module> - INFO: Browser Opened
05/07/2021 11:53:31 AM - HomePage - INFO: Element Found with locator: {'xpath': "//a[@class='zh-login']"}
05/07/2021 11:53:35 AM - HomePage - INFO: Clicked on element with locator: {'xpath': "//a[@class='zh-login']"}
05/07/2021 11:53:35 AM - LoginPage - INFO: Element Found with locator: {'xpath': "//input[@id='login_id']"}
05/07/2021 11:53:35 AM - LoginPage - INFO: Sent data on element with locator: {'xpath': "//input[@id='login_id']"}
05/07/2021 11:53:35 AM - LoginPage - INFO: Element Found with locator: {'xpath': "//button[@id='nextbtn']//span[text()='Next']"}
05/07/2021 11:53:35 AM - LoginPage - INFO: Clicked on element with locator: {'xpath': "//button[@id='nextbtn']//span[text()='Next']"}
05/07/2021 11:53:35 AM - LoginPage - INFO: Element Found with locator: {'xpath': "//input[@id='password']"}
05/07/2021 11:53:43 AM - LoginPage - INFO: Cannot send data on the element with locator: {'xpath': "//input[@id='password']"}
05/07/2021 11:53:47 AM - LoginPage - INFO: Element Found with locator: {'xpath': "//button[@id='nextbtn']//span[text()='Sign in']"}
05/07/2021 11:53:47 AM - LoginPage - INFO: Clicked on element with locator: {'xpath': "//button[@id='nextbtn']//span[text()='Sign in']"}
05/07/2021 11:53:52 AM - TestStatus - ERROR: ### VERIFICATION FAILED :: + ClientHomePage is displayed
05/07/2021 11:53:52 AM - TestStatus - INFO: Screenshot save to directory: C:\Users\bisai\OneDrive - Kudelski Group\Desktop\Desktop\Study\4Selenium with Python(letskodeit)\WebTestFrameworkBDD\base\../screenshots/ClientHomePage is displayed.1620368632519.png
05/07/2021 11:53:52 AM - TestStatus - ERROR: userClientHomePage ### TEST FAILED
05/07/2021 11:53:53 AM - <module> - INFO: Browser Closed
05/07/2021 11:54:02 AM - <module> - INFO: Browser Opened
05/07/2021 11:54:02 AM - HomePage - INFO: Element Found with locator: {'xpath': "//a[@class='zh-login']"}
05/07/2021 11:54:09 AM - HomePage - INFO: Clicked on element with locator: {'xpath': "//a[@class='zh-login']"}
05/07/2021 11:54:09 AM - LoginPage - INFO: Element Found with locator: {'xpath': "//input[@id='login_id']"}
05/07/2021 11:54:09 AM - LoginPage - INFO: Sent data on element with locator: {'xpath': "//input[@id='login_id']"}
05/07/2021 11:54:09 AM - LoginPage - INFO: Element Found with locator: {'xpath': "//button[@id='nextbtn']//span[text()='Next']"}
05/07/2021 11:54:10 AM - LoginPage - INFO: Clicked on element with locator: {'xpath': "//button[@id='nextbtn']//span[text()='Next']"}
05/07/2021 11:54:10 AM - LoginPage - INFO: Element Found with locator: {'xpath': "//input[@id='password']"}
05/07/2021 11:54:13 AM - LoginPage - INFO: Cannot send data on the element with locator: {'xpath': "//input[@id='password']"}
05/07/2021 11:54:20 AM - LoginPage - INFO: Element not found with locator: {'xpath': "//button[@id='nextbtn']//span[text()='Sign in']"}
05/07/2021 11:54:20 AM - LoginPage - INFO: Cannot click on the element with locator: {'xpath': "//button[@id='nextbtn']//span[text()='Sign in']"}
05/07/2021 11:54:25 AM - LoginPage - INFO: Element Found with locator: {'xpath': "//div[@id='getusername']//div[@class='fielderror errorlabel']"}
05/07/2021 11:54:25 AM - TestStatus - ERROR: ### VERIFICATION FAILED :: + Error Message is Displayed
05/07/2021 11:54:25 AM - TestStatus - INFO: Screenshot save to directory: C:\Users\bisai\OneDrive - Kudelski Group\Desktop\Desktop\Study\4Selenium with Python(letskodeit)\WebTestFrameworkBDD\base\../screenshots/Error Message is Displayed.1620368665371.png
05/07/2021 11:54:25 AM - TestStatus - ERROR: userErrorMessage ### TEST FAILED
05/07/2021 11:54:25 AM - <module> - INFO: Browser Closed
05/07/2021 11:54:34 AM - <module> - INFO: Browser Opened
05/07/2021 11:54:34 AM - HomePage - INFO: Element Found with locator: {'xpath': "//a[@class='zh-login']"}
05/07/2021 11:54:39 AM - HomePage - INFO: Clicked on element with locator: {'xpath': "//a[@class='zh-login']"}
05/07/2021 11:54:39 AM - LoginPage - INFO: Element Found with locator: {'xpath': "//input[@id='login_id']"}
05/07/2021 11:54:39 AM - LoginPage - INFO: Sent data on element with locator: {'xpath': "//input[@id='login_id']"}
05/07/2021 11:54:39 AM - LoginPage - INFO: Element Found with locator: {'xpath': "//button[@id='nextbtn']//span[text()='Next']"}
05/07/2021 11:54:39 AM - LoginPage - INFO: Clicked on element with locator: {'xpath': "//button[@id='nextbtn']//span[text()='Next']"}
05/07/2021 11:54:39 AM - LoginPage - INFO: Element Found with locator: {'xpath': "//input[@id='password']"}
05/07/2021 11:54:42 AM - LoginPage - INFO: Cannot send data on the element with locator: {'xpath': "//input[@id='password']"}
05/07/2021 11:54:49 AM - LoginPage - INFO: Element not found with locator: {'xpath': "//button[@id='nextbtn']//span[text()='Sign in']"}
05/07/2021 11:54:49 AM - LoginPage - INFO: Cannot click on the element with locator: {'xpath': "//button[@id='nextbtn']//span[text()='Sign in']"}
05/07/2021 11:54:54 AM - LoginPage - INFO: Element Found with locator: {'xpath': "//div[@id='getusername']//div[@class='fielderror errorlabel']"}
05/07/2021 11:54:55 AM - TestStatus - ERROR: ### VERIFICATION FAILED :: + Error Message is Displayed
05/07/2021 11:54:55 AM - TestStatus - INFO: Screenshot save to directory: C:\Users\bisai\OneDrive - Kudelski Group\Desktop\Desktop\Study\4Selenium with Python(letskodeit)\WebTestFrameworkBDD\base\../screenshots/Error Message is Displayed.1620368695030.png
05/07/2021 11:54:55 AM - TestStatus - ERROR: userErrorMessage ### TEST FAILED
05/07/2021 11:54:55 AM - <module> - INFO: Browser Closed
05/07/2021 12:00:55 PM - <module> - INFO: Browser Opened
05/07/2021 12:00:55 PM - <module> - INFO: Browser Closed
05/07/2021 12:01:03 PM - <module> - INFO: Browser Opened
05/07/2021 12:01:07 PM - <module> - INFO: Browser Closed
05/07/2021 12:01:13 PM - <module> - INFO: Browser Opened
05/07/2021 12:01:13 PM - HomePage - INFO: Element Found with locator: {'xpath': "//a[@class='zh-login']"}
05/07/2021 12:01:14 PM - HomePage - INFO: Clicked on element with locator: {'xpath': "//a[@class='zh-login']"}
05/07/2021 12:01:14 PM - LoginPage - INFO: Element Found with locator: {'xpath': "//input[@id='login_id']"}
05/07/2021 12:01:15 PM - LoginPage - INFO: Sent data on element with locator: {'xpath': "//input[@id='login_id']"}
05/07/2021 12:01:15 PM - LoginPage - INFO: Element Found with locator: {'xpath': "//button[@id='nextbtn']//span[text()='Next']"}
05/07/2021 12:01:15 PM - LoginPage - INFO: Clicked on element with locator: {'xpath': "//button[@id='nextbtn']//span[text()='Next']"}
05/07/2021 12:01:15 PM - LoginPage - INFO: Element Found with locator: {'xpath': "//input[@id='password']"}
05/07/2021 12:01:15 PM - LoginPage - INFO: Sent data on element with locator: {'xpath': "//input[@id='password']"}
05/07/2021 12:01:19 PM - LoginPage - INFO: Element Found with locator: {'xpath': "//button[@id='nextbtn']//span[text()='Sign in']"}
05/07/2021 12:01:19 PM - LoginPage - INFO: Clicked on element with locator: {'xpath': "//button[@id='nextbtn']//span[text()='Sign in']"}
05/07/2021 12:01:26 PM - TestStatus - INFO: ### VERIFICATION SUCCESSFUL :: + ClientHomePage is displayed
05/07/2021 12:01:26 PM - TestStatus - INFO: userClientHomePage ### TEST SUCCESSFUL
05/07/2021 12:01:26 PM - <module> - INFO: Browser Closed
05/07/2021 12:01:35 PM - <module> - INFO: Browser Opened
05/07/2021 12:01:35 PM - HomePage - INFO: Element Found with locator: {'xpath': "//a[@class='zh-login']"}
05/07/2021 12:01:37 PM - HomePage - INFO: Clicked on element with locator: {'xpath': "//a[@class='zh-login']"}
05/07/2021 12:01:37 PM - LoginPage - INFO: Element Found with locator: {'xpath': "//input[@id='login_id']"}
05/07/2021 12:01:37 PM - LoginPage - INFO: Sent data on element with locator: {'xpath': "//input[@id='login_id']"}
05/07/2021 12:01:37 PM - LoginPage - INFO: Element Found with locator: {'xpath': "//button[@id='nextbtn']//span[text()='Next']"}
05/07/2021 12:01:37 PM - LoginPage - INFO: Clicked on element with locator: {'xpath': "//button[@id='nextbtn']//span[text()='Next']"}
05/07/2021 12:01:37 PM - LoginPage - INFO: Element Found with locator: {'xpath': "//input[@id='password']"}
05/07/2021 12:01:40 PM - LoginPage - INFO: Cannot send data on the element with locator: {'xpath': "//input[@id='password']"}
05/07/2021 12:01:47 PM - LoginPage - INFO: Element not found with locator: {'xpath': "//button[@id='nextbtn']//span[text()='Sign in']"}
05/07/2021 12:01:47 PM - LoginPage - INFO: Cannot click on the element with locator: {'xpath': "//button[@id='nextbtn']//span[text()='Sign in']"}
05/07/2021 12:01:52 PM - LoginPage - INFO: Element Found with locator: {'xpath': "//div[@id='getusername']//div[@class='fielderror errorlabel']"}
05/07/2021 12:01:52 PM - TestStatus - ERROR: ### VERIFICATION FAILED :: + Error Message is Displayed
05/07/2021 12:01:53 PM - TestStatus - INFO: Screenshot save to directory: C:\Users\bisai\OneDrive - Kudelski Group\Desktop\Desktop\Study\4Selenium with Python(letskodeit)\WebTestFrameworkBDD\base\../screenshots/Error Message is Displayed.1620369112938.png
05/07/2021 12:01:53 PM - TestStatus - ERROR: userErrorMessage ### TEST FAILED
05/07/2021 12:01:53 PM - <module> - INFO: Browser Closed
05/07/2021 12:01:59 PM - <module> - INFO: Browser Opened
05/07/2021 12:01:59 PM - HomePage - INFO: Element Found with locator: {'xpath': "//a[@class='zh-login']"}
05/07/2021 12:02:00 PM - HomePage - INFO: Clicked on element with locator: {'xpath': "//a[@class='zh-login']"}
05/07/2021 12:02:00 PM - LoginPage - INFO: Element Found with locator: {'xpath': "//input[@id='login_id']"}
05/07/2021 12:02:01 PM - LoginPage - INFO: Sent data on element with locator: {'xpath': "//input[@id='login_id']"}
05/07/2021 12:02:01 PM - LoginPage - INFO: Element Found with locator: {'xpath': "//button[@id='nextbtn']//span[text()='Next']"}
05/07/2021 12:02:01 PM - LoginPage - INFO: Clicked on element with locator: {'xpath': "//button[@id='nextbtn']//span[text()='Next']"}
05/07/2021 12:02:01 PM - LoginPage - INFO: Element Found with locator: {'xpath': "//input[@id='password']"}
05/07/2021 12:02:04 PM - LoginPage - INFO: Cannot send data on the element with locator: {'xpath': "//input[@id='password']"}
05/07/2021 12:02:11 PM - LoginPage - INFO: Element not found with locator: {'xpath': "//button[@id='nextbtn']//span[text()='Sign in']"}
05/07/2021 12:02:11 PM - LoginPage - INFO: Cannot click on the element with locator: {'xpath': "//button[@id='nextbtn']//span[text()='Sign in']"}
05/07/2021 12:02:16 PM - LoginPage - INFO: Element Found with locator: {'xpath': "//div[@id='getusername']//div[@class='fielderror errorlabel']"}
05/07/2021 12:02:16 PM - TestStatus - ERROR: ### VERIFICATION FAILED :: + Error Message is Displayed
05/07/2021 12:02:16 PM - TestStatus - INFO: Screenshot save to directory: C:\Users\bisai\OneDrive - Kudelski Group\Desktop\Desktop\Study\4Selenium with Python(letskodeit)\WebTestFrameworkBDD\base\../screenshots/Error Message is Displayed.1620369136485.png
05/07/2021 12:02:16 PM - TestStatus - ERROR: userErrorMessage ### TEST FAILED
05/07/2021 12:02:16 PM - <module> - INFO: Browser Closed
05/07/2021 12:17:08 PM - <module> - INFO: Browser Opened
05/07/2021 12:17:12 PM - <module> - INFO: Browser Closed
05/07/2021 12:17:19 PM - <module> - INFO: Browser Opened
05/07/2021 12:17:23 PM - <module> - INFO: Browser Closed
05/07/2021 12:17:28 PM - <module> - INFO: Browser Opened
05/07/2021 12:17:28 PM - HomePage - INFO: Element Found with locator: {'xpath': "//a[@class='zh-login']"}
05/07/2021 12:17:30 PM - HomePage - INFO: Clicked on element with locator: {'xpath': "//a[@class='zh-login']"}
05/07/2021 12:17:30 PM - LoginPage - INFO: Element Found with locator: {'xpath': "//input[@id='login_id']"}
05/07/2021 12:17:30 PM - LoginPage - INFO: Sent data on element with locator: {'xpath': "//input[@id='login_id']"}
05/07/2021 12:17:30 PM - LoginPage - INFO: Element Found with locator: {'xpath': "//button[@id='nextbtn']//span[text()='Next']"}
05/07/2021 12:17:31 PM - LoginPage - INFO: Clicked on element with locator: {'xpath': "//button[@id='nextbtn']//span[text()='Next']"}
05/07/2021 12:17:31 PM - LoginPage - INFO: Element Found with locator: {'xpath': "//input[@id='password']"}
05/07/2021 12:17:31 PM - LoginPage - INFO: Sent data on element with locator: {'xpath': "//input[@id='password']"}
05/07/2021 12:17:35 PM - LoginPage - INFO: Element Found with locator: {'xpath': "//button[@id='nextbtn']//span[text()='Sign in']"}
05/07/2021 12:17:35 PM - LoginPage - INFO: Clicked on element with locator: {'xpath': "//button[@id='nextbtn']//span[text()='Sign in']"}
05/07/2021 12:17:41 PM - <module> - INFO: Browser Closed
05/07/2021 12:17:49 PM - <module> - INFO: Browser Opened
05/07/2021 12:17:49 PM - HomePage - INFO: Element Found with locator: {'xpath': "//a[@class='zh-login']"}
05/07/2021 12:17:51 PM - HomePage - INFO: Clicked on element with locator: {'xpath': "//a[@class='zh-login']"}
05/07/2021 12:17:51 PM - LoginPage - INFO: Element Found with locator: {'xpath': "//input[@id='login_id']"}
05/07/2021 12:17:51 PM - LoginPage - INFO: Sent data on element with locator: {'xpath': "//input[@id='login_id']"}
05/07/2021 12:17:51 PM - LoginPage - INFO: Element Found with locator: {'xpath': "//button[@id='nextbtn']//span[text()='Next']"}
05/07/2021 12:17:51 PM - LoginPage - INFO: Clicked on element with locator: {'xpath': "//button[@id='nextbtn']//span[text()='Next']"}
05/07/2021 12:17:51 PM - LoginPage - INFO: Element Found with locator: {'xpath': "//input[@id='password']"}
05/07/2021 12:17:54 PM - LoginPage - INFO: Cannot send data on the element with locator: {'xpath': "//input[@id='password']"}
05/07/2021 12:18:01 PM - LoginPage - INFO: Element not found with locator: {'xpath': "//button[@id='nextbtn']//span[text()='Sign in']"}
05/07/2021 12:18:01 PM - LoginPage - INFO: Cannot click on the element with locator: {'xpath': "//button[@id='nextbtn']//span[text()='Sign in']"}
05/07/2021 12:18:06 PM - LoginPage - INFO: Element Found with locator: {'xpath': "//div[@id='getusername']//div[@class='fielderror errorlabel']"}
05/07/2021 12:18:06 PM - <module> - INFO: Browser Closed
05/07/2021 12:18:12 PM - <module> - INFO: Browser Opened
05/07/2021 12:18:12 PM - HomePage - INFO: Element Found with locator: {'xpath': "//a[@class='zh-login']"}
05/07/2021 12:18:14 PM - HomePage - INFO: Clicked on element with locator: {'xpath': "//a[@class='zh-login']"}
05/07/2021 12:18:14 PM - LoginPage - INFO: Element Found with locator: {'xpath': "//input[@id='login_id']"}
05/07/2021 12:18:14 PM - LoginPage - INFO: Sent data on element with locator: {'xpath': "//input[@id='login_id']"}
05/07/2021 12:18:14 PM - LoginPage - INFO: Element Found with locator: {'xpath': "//button[@id='nextbtn']//span[text()='Next']"}
05/07/2021 12:18:14 PM - LoginPage - INFO: Clicked on element with locator: {'xpath': "//button[@id='nextbtn']//span[text()='Next']"}
05/07/2021 12:18:14 PM - LoginPage - INFO: Element Found with locator: {'xpath': "//input[@id='password']"}
05/07/2021 12:18:17 PM - LoginPage - INFO: Cannot send data on the element with locator: {'xpath': "//input[@id='password']"}
05/07/2021 12:18:24 PM - LoginPage - INFO: Element not found with locator: {'xpath': "//button[@id='nextbtn']//span[text()='Sign in']"}
05/07/2021 12:18:24 PM - LoginPage - INFO: Cannot click on the element with locator: {'xpath': "//button[@id='nextbtn']//span[text()='Sign in']"}
05/07/2021 12:18:29 PM - LoginPage - INFO: Element Found with locator: {'xpath': "//div[@id='getusername']//div[@class='fielderror errorlabel']"}
05/07/2021 12:18:30 PM - <module> - INFO: Browser Closed
05/07/2021 12:19:14 PM - <module> - INFO: Browser Opened
05/07/2021 12:19:18 PM - <module> - INFO: Browser Closed
05/07/2021 12:19:25 PM - <module> - INFO: Browser Opened
05/07/2021 12:19:25 PM - <module> - INFO: Browser Closed
05/07/2021 12:19:30 PM - <module> - INFO: Browser Opened
05/07/2021 12:19:30 PM - HomePage - INFO: Element Found with locator: {'xpath': "//a[@class='zh-login']"}
05/07/2021 12:19:32 PM - HomePage - INFO: Clicked on element with locator: {'xpath': "//a[@class='zh-login']"}
05/07/2021 12:19:32 PM - LoginPage - INFO: Element Found with locator: {'xpath': "//input[@id='login_id']"}
05/07/2021 12:19:32 PM - LoginPage - INFO: Sent data on element with locator: {'xpath': "//input[@id='login_id']"}
05/07/2021 12:19:32 PM - LoginPage - INFO: Element Found with locator: {'xpath': "//button[@id='nextbtn']//span[text()='Next']"}
05/07/2021 12:19:32 PM - LoginPage - INFO: Clicked on element with locator: {'xpath': "//button[@id='nextbtn']//span[text()='Next']"}
05/07/2021 12:19:32 PM - LoginPage - INFO: Element Found with locator: {'xpath': "//input[@id='password']"}
05/07/2021 12:19:32 PM - LoginPage - INFO: Sent data on element with locator: {'xpath': "//input[@id='password']"}
05/07/2021 12:19:36 PM - LoginPage - INFO: Element Found with locator: {'xpath': "//button[@id='nextbtn']//span[text()='Sign in']"}
05/07/2021 12:19:36 PM - LoginPage - INFO: Clicked on element with locator: {'xpath': "//button[@id='nextbtn']//span[text()='Sign in']"}
05/07/2021 12:19:43 PM - <module> - INFO: Browser Closed
05/07/2021 12:19:50 PM - <module> - INFO: Browser Opened
05/07/2021 12:19:50 PM - HomePage - INFO: Element Found with locator: {'xpath': "//a[@class='zh-login']"}
05/07/2021 12:19:51 PM - HomePage - INFO: Clicked on element with locator: {'xpath': "//a[@class='zh-login']"}
05/07/2021 12:19:51 PM - LoginPage - INFO: Element Found with locator: {'xpath': "//input[@id='login_id']"}
05/07/2021 12:19:52 PM - LoginPage - INFO: Sent data on element with locator: {'xpath': "//input[@id='login_id']"}
05/07/2021 12:19:52 PM - LoginPage - INFO: Element Found with locator: {'xpath': "//button[@id='nextbtn']//span[text()='Next']"}
05/07/2021 12:19:52 PM - LoginPage - INFO: Clicked on element with locator: {'xpath': "//button[@id='nextbtn']//span[text()='Next']"}
05/07/2021 12:19:52 PM - LoginPage - INFO: Element Found with locator: {'xpath': "//input[@id='password']"}
05/07/2021 12:19:55 PM - LoginPage - INFO: Cannot send data on the element with locator: {'xpath': "//input[@id='password']"}
05/07/2021 12:20:02 PM - LoginPage - INFO: Element not found with locator: {'xpath': "//button[@id='nextbtn']//span[text()='Sign in']"}
05/07/2021 12:20:02 PM - LoginPage - INFO: Cannot click on the element with locator: {'xpath': "//button[@id='nextbtn']//span[text()='Sign in']"}
05/07/2021 12:20:07 PM - LoginPage - INFO: Element Found with locator: {'xpath': "//div[@id='getusername']//div[@class='fielderror errorlabel']"}
05/07/2021 12:20:07 PM - <module> - INFO: Browser Closed
05/07/2021 12:20:12 PM - <module> - INFO: Browser Opened
05/07/2021 12:20:12 PM - HomePage - INFO: Element Found with locator: {'xpath': "//a[@class='zh-login']"}
05/07/2021 12:20:14 PM - HomePage - INFO: Clicked on element with locator: {'xpath': "//a[@class='zh-login']"}
05/07/2021 12:20:14 PM - LoginPage - INFO: Element Found with locator: {'xpath': "//input[@id='login_id']"}
05/07/2021 12:20:14 PM - LoginPage - INFO: Sent data on element with locator: {'xpath': "//input[@id='login_id']"}
05/07/2021 12:20:14 PM - LoginPage - INFO: Element Found with locator: {'xpath': "//button[@id='nextbtn']//span[text()='Next']"}
05/07/2021 12:20:14 PM - LoginPage - INFO: Clicked on element with locator: {'xpath': "//button[@id='nextbtn']//span[text()='Next']"}
05/07/2021 12:20:14 PM - LoginPage - INFO: Element Found with locator: {'xpath': "//input[@id='password']"}
05/07/2021 12:20:18 PM - LoginPage - INFO: Cannot send data on the element with locator: {'xpath': "//input[@id='password']"}
05/07/2021 12:20:25 PM - LoginPage - INFO: Element not found with locator: {'xpath': "//button[@id='nextbtn']//span[text()='Sign in']"}
05/07/2021 12:20:25 PM - LoginPage - INFO: Cannot click on the element with locator: {'xpath': "//button[@id='nextbtn']//span[text()='Sign in']"}
05/07/2021 12:20:30 PM - LoginPage - INFO: Element Found with locator: {'xpath': "//div[@id='getusername']//div[@class='fielderror errorlabel']"}
05/07/2021 12:20:30 PM - <module> - INFO: Browser Closed
05/07/2021 12:26:43 PM - <module> - INFO: Browser Opened
05/07/2021 12:26:47 PM - <module> - INFO: Browser Closed
05/07/2021 12:26:55 PM - <module> - INFO: Browser Opened
05/07/2021 12:26:55 PM - <module> - INFO: Browser Closed
05/07/2021 12:27:00 PM - <module> - INFO: Browser Opened
05/07/2021 12:27:00 PM - HomePage - INFO: Element Found with locator: {'xpath': "//a[@class='zh-login']"}
05/07/2021 12:27:01 PM - HomePage - INFO: Clicked on element with locator: {'xpath': "//a[@class='zh-login']"}
05/07/2021 12:27:01 PM - LoginPage - INFO: Element Found with locator: {'xpath': "//input[@id='login_id']"}
05/07/2021 12:27:01 PM - LoginPage - INFO: Sent data on element with locator: {'xpath': "//input[@id='login_id']"}
05/07/2021 12:27:01 PM - LoginPage - INFO: Element Found with locator: {'xpath': "//button[@id='nextbtn']//span[text()='Next']"}
05/07/2021 12:27:01 PM - LoginPage - INFO: Clicked on element with locator: {'xpath': "//button[@id='nextbtn']//span[text()='Next']"}
05/07/2021 12:27:01 PM - LoginPage - INFO: Element Found with locator: {'xpath': "//input[@id='password']"}
05/07/2021 12:27:04 PM - LoginPage - INFO: Cannot send data on the element with locator: {'xpath': "//input[@id='password']"}
05/07/2021 12:27:11 PM - LoginPage - INFO: Element not found with locator: {'xpath': "//button[@id='nextbtn']//span[text()='Sign in']"}
05/07/2021 12:27:11 PM - LoginPage - INFO: Cannot click on the element with locator: {'xpath': "//button[@id='nextbtn']//span[text()='Sign in']"}
05/07/2021 12:27:17 PM - LoginPage - INFO: Element Found with locator: {'xpath': "//div[@id='getusername']//div[@class='fielderror errorlabel']"}
05/07/2021 12:27:17 PM - <module> - INFO: Browser Closed
05/07/2021 12:27:21 PM - <module> - INFO: Browser Opened
05/07/2021 12:27:21 PM - HomePage - INFO: Element Found with locator: {'xpath': "//a[@class='zh-login']"}
05/07/2021 12:27:23 PM - HomePage - INFO: Clicked on element with locator: {'xpath': "//a[@class='zh-login']"}
05/07/2021 12:27:23 PM - LoginPage - INFO: Element Found with locator: {'xpath': "//input[@id='login_id']"}
05/07/2021 12:27:23 PM - LoginPage - INFO: Sent data on element with locator: {'xpath': "//input[@id='login_id']"}
05/07/2021 12:27:23 PM - LoginPage - INFO: Element Found with locator: {'xpath': "//button[@id='nextbtn']//span[text()='Next']"}
05/07/2021 12:27:23 PM - LoginPage - INFO: Clicked on element with locator: {'xpath': "//button[@id='nextbtn']//span[text()='Next']"}
05/07/2021 12:27:23 PM - LoginPage - INFO: Element Found with locator: {'xpath': "//input[@id='password']"}
05/07/2021 12:27:26 PM - LoginPage - INFO: Cannot send data on the element with locator: {'xpath': "//input[@id='password']"}
05/07/2021 12:27:33 PM - LoginPage - INFO: Element not found with locator: {'xpath': "//button[@id='nextbtn']//span[text()='Sign in']"}
05/07/2021 12:27:33 PM - LoginPage - INFO: Cannot click on the element with locator: {'xpath': "//button[@id='nextbtn']//span[text()='Sign in']"}
05/07/2021 12:27:39 PM - LoginPage - INFO: Element Found with locator: {'xpath': "//div[@id='getusername']//div[@class='fielderror errorlabel']"}
05/07/2021 12:27:39 PM - <module> - INFO: Browser Closed
05/07/2021 12:28:18 PM - <module> - INFO: Browser Opened
05/07/2021 12:28:22 PM - <module> - INFO: Browser Closed
05/07/2021 12:28:28 PM - <module> - INFO: Browser Opened
05/07/2021 12:28:29 PM - <module> - INFO: Browser Closed
05/07/2021 12:28:33 PM - <module> - INFO: Browser Opened
05/07/2021 12:28:33 PM - HomePage - INFO: Element Found with locator: {'xpath': "//a[@class='zh-login']"}
05/07/2021 12:28:35 PM - HomePage - INFO: Clicked on element with locator: {'xpath': "//a[@class='zh-login']"}
05/07/2021 12:28:35 PM - LoginPage - INFO: Element Found with locator: {'xpath': "//input[@id='login_id']"}
05/07/2021 12:28:35 PM - LoginPage - INFO: Sent data on element with locator: {'xpath': "//input[@id='login_id']"}
05/07/2021 12:28:35 PM - LoginPage - INFO: Element Found with locator: {'xpath': "//button[@id='nextbtn']//span[text()='Next']"}
05/07/2021 12:28:35 PM - LoginPage - INFO: Clicked on element with locator: {'xpath': "//button[@id='nextbtn']//span[text()='Next']"}
05/07/2021 12:28:35 PM - LoginPage - INFO: Element Found with locator: {'xpath': "//input[@id='password']"}
05/07/2021 12:28:38 PM - LoginPage - INFO: Cannot send data on the element with locator: {'xpath': "//input[@id='password']"}
05/07/2021 12:28:45 PM - LoginPage - INFO: Element not found with locator: {'xpath': "//button[@id='nextbtn']//span[text()='Sign in']"}
05/07/2021 12:28:45 PM - LoginPage - INFO: Cannot click on the element with locator: {'xpath': "//button[@id='nextbtn']//span[text()='Sign in']"}
05/07/2021 12:28:50 PM - LoginPage - INFO: Element Found with locator: {'xpath': "//div[@id='getusername']//div[@class='fielderror errorlabel']"}
05/07/2021 12:28:50 PM - <module> - INFO: Browser Closed
05/07/2021 12:28:55 PM - <module> - INFO: Browser Opened
05/07/2021 12:28:55 PM - HomePage - INFO: Element Found with locator: {'xpath': "//a[@class='zh-login']"}
05/07/2021 12:28:56 PM - HomePage - INFO: Clicked on element with locator: {'xpath': "//a[@class='zh-login']"}
05/07/2021 12:28:56 PM - LoginPage - INFO: Element Found with locator: {'xpath': "//input[@id='login_id']"}
05/07/2021 12:28:56 PM - LoginPage - INFO: Sent data on element with locator: {'xpath': "//input[@id='login_id']"}
05/07/2021 12:28:57 PM - LoginPage - INFO: Element Found with locator: {'xpath': "//button[@id='nextbtn']//span[text()='Next']"}
05/07/2021 12:28:57 PM - LoginPage - INFO: Clicked on element with locator: {'xpath': "//button[@id='nextbtn']//span[text()='Next']"}
05/07/2021 12:28:57 PM - LoginPage - INFO: Element Found with locator: {'xpath': "//input[@id='password']"}
05/07/2021 12:29:00 PM - LoginPage - INFO: Cannot send data on the element with locator: {'xpath': "//input[@id='password']"}
05/07/2021 12:29:07 PM - LoginPage - INFO: Element not found with locator: {'xpath': "//button[@id='nextbtn']//span[text()='Sign in']"}
05/07/2021 12:29:07 PM - LoginPage - INFO: Cannot click on the element with locator: {'xpath': "//button[@id='nextbtn']//span[text()='Sign in']"}
05/07/2021 12:29:12 PM - LoginPage - INFO: Element Found with locator: {'xpath': "//div[@id='getusername']//div[@class='fielderror errorlabel']"}
05/07/2021 12:29:12 PM - <module> - INFO: Browser Closed
05/07/2021 12:30:26 PM - <module> - INFO: Browser Opened
05/07/2021 12:30:26 PM - <module> - INFO: Browser Closed
05/07/2021 12:30:32 PM - <module> - INFO: Browser Opened
05/07/2021 12:30:32 PM - <module> - INFO: Browser Closed
05/07/2021 12:30:37 PM - <module> - INFO: Browser Opened
05/07/2021 12:30:37 PM - HomePage - INFO: Element Found with locator: {'xpath': "//a[@class='zh-login']"}
05/07/2021 12:30:40 PM - HomePage - INFO: Clicked on element with locator: {'xpath': "//a[@class='zh-login']"}
05/07/2021 12:30:40 PM - LoginPage - INFO: Element Found with locator: {'xpath': "//input[@id='login_id']"}
05/07/2021 12:30:40 PM - LoginPage - INFO: Sent data on element with locator: {'xpath': "//input[@id='login_id']"}
05/07/2021 12:30:40 PM - LoginPage - INFO: Element Found with locator: {'xpath': "//button[@id='nextbtn']//span[text()='Next']"}
05/07/2021 12:30:40 PM - LoginPage - INFO: Clicked on element with locator: {'xpath': "//button[@id='nextbtn']//span[text()='Next']"}
05/07/2021 12:30:40 PM - LoginPage - INFO: Element Found with locator: {'xpath': "//input[@id='password']"}
05/07/2021 12:30:43 PM - LoginPage - INFO: Cannot send data on the element with locator: {'xpath': "//input[@id='password']"}
05/07/2021 12:30:50 PM - LoginPage - INFO: Element not found with locator: {'xpath': "//button[@id='nextbtn']//span[text()='Sign in']"}
05/07/2021 12:30:50 PM - LoginPage - INFO: Cannot click on the element with locator: {'xpath': "//button[@id='nextbtn']//span[text()='Sign in']"}
05/07/2021 12:30:55 PM - LoginPage - INFO: Element Found with locator: {'xpath': "//div[@id='getusername']//div[@class='fielderror errorlabel']"}
05/07/2021 12:30:55 PM - <module> - INFO: Browser Closed
05/07/2021 12:31:00 PM - <module> - INFO: Browser Opened
05/07/2021 12:31:00 PM - HomePage - INFO: Element Found with locator: {'xpath': "//a[@class='zh-login']"}
05/07/2021 12:31:02 PM - HomePage - INFO: Clicked on element with locator: {'xpath': "//a[@class='zh-login']"}
05/07/2021 12:31:02 PM - LoginPage - INFO: Element Found with locator: {'xpath': "//input[@id='login_id']"}
05/07/2021 12:31:02 PM - LoginPage - INFO: Sent data on element with locator: {'xpath': "//input[@id='login_id']"}
05/07/2021 12:31:02 PM - LoginPage - INFO: Element Found with locator: {'xpath': "//button[@id='nextbtn']//span[text()='Next']"}
05/07/2021 12:31:02 PM - LoginPage - INFO: Clicked on element with locator: {'xpath': "//button[@id='nextbtn']//span[text()='Next']"}
05/07/2021 12:31:02 PM - LoginPage - INFO: Element Found with locator: {'xpath': "//input[@id='password']"}
05/07/2021 12:31:05 PM - LoginPage - INFO: Cannot send data on the element with locator: {'xpath': "//input[@id='password']"}
05/07/2021 12:31:12 PM - LoginPage - INFO: Element not found with locator: {'xpath': "//button[@id='nextbtn']//span[text()='Sign in']"}
05/07/2021 12:31:12 PM - LoginPage - INFO: Cannot click on the element with locator: {'xpath': "//button[@id='nextbtn']//span[text()='Sign in']"}
05/07/2021 12:31:17 PM - LoginPage - INFO: Element Found with locator: {'xpath': "//div[@id='getusername']//div[@class='fielderror errorlabel']"}
05/07/2021 12:31:17 PM - <module> - INFO: Browser Closed
05/07/2021 12:32:15 PM - <module> - INFO: Browser Opened
05/07/2021 12:32:19 PM - <module> - INFO: Browser Closed
05/07/2021 12:32:26 PM - <module> - INFO: Browser Opened
05/07/2021 12:32:26 PM - <module> - INFO: Browser Closed
05/07/2021 12:38:39 PM - <module> - INFO: Browser Opened
05/07/2021 12:38:39 PM - <module> - INFO: Browser Closed
05/07/2021 12:38:48 PM - <module> - INFO: Browser Opened
05/07/2021 12:38:52 PM - <module> - INFO: Browser Closed
05/07/2021 12:38:59 PM - <module> - INFO: Browser Opened
05/07/2021 12:38:59 PM - HomePage - INFO: Element Found with locator: {'xpath': "//a[@class='zh-login']"}
05/07/2021 12:39:04 PM - HomePage - INFO: Clicked on element with locator: {'xpath': "//a[@class='zh-login']"}
05/07/2021 12:39:04 PM - LoginPage - INFO: Element Found with locator: {'xpath': "//input[@id='login_id']"}
05/07/2021 12:39:04 PM - LoginPage - INFO: Sent data on element with locator: {'xpath': "//input[@id='login_id']"}
05/07/2021 12:39:04 PM - LoginPage - INFO: Element Found with locator: {'xpath': "//button[@id='nextbtn']//span[text()='Next']"}
05/07/2021 12:39:04 PM - LoginPage - INFO: Clicked on element with locator: {'xpath': "//button[@id='nextbtn']//span[text()='Next']"}
05/07/2021 12:39:04 PM - LoginPage - INFO: Element Found with locator: {'xpath': "//input[@id='password']"}
05/07/2021 12:39:07 PM - LoginPage - INFO: Cannot send data on the element with locator: {'xpath': "//input[@id='password']"}
05/07/2021 12:39:14 PM - LoginPage - INFO: Element not found with locator: {'xpath': "//button[@id='nextbtn']//span[text()='Sign in']"}
05/07/2021 12:39:14 PM - LoginPage - INFO: Cannot click on the element with locator: {'xpath': "//button[@id='nextbtn']//span[text()='Sign in']"}
05/07/2021 12:39:19 PM - LoginPage - INFO: Element Found with locator: {'xpath': "//div[@id='getusername']//div[@class='fielderror errorlabel']"}
05/07/2021 12:39:19 PM - <module> - INFO: Browser Closed
05/07/2021 12:39:26 PM - <module> - INFO: Browser Opened
05/07/2021 12:39:26 PM - HomePage - INFO: Element Found with locator: {'xpath': "//a[@class='zh-login']"}
05/07/2021 12:39:32 PM - HomePage - INFO: Clicked on element with locator: {'xpath': "//a[@class='zh-login']"}
05/07/2021 12:39:32 PM - LoginPage - INFO: Element Found with locator: {'xpath': "//input[@id='login_id']"}
05/07/2021 12:39:32 PM - LoginPage - INFO: Sent data on element with locator: {'xpath': "//input[@id='login_id']"}
05/07/2021 12:39:32 PM - LoginPage - INFO: Element Found with locator: {'xpath': "//button[@id='nextbtn']//span[text()='Next']"}
05/07/2021 12:39:32 PM - LoginPage - INFO: Clicked on element with locator: {'xpath': "//button[@id='nextbtn']//span[text()='Next']"}
05/07/2021 12:39:32 PM - LoginPage - INFO: Element Found with locator: {'xpath': "//input[@id='password']"}
05/07/2021 12:39:35 PM - LoginPage - INFO: Cannot send data on the element with locator: {'xpath': "//input[@id='password']"}
05/07/2021 12:39:42 PM - LoginPage - INFO: Element not found with locator: {'xpath': "//button[@id='nextbtn']//span[text()='Sign in']"}
05/07/2021 12:39:42 PM - LoginPage - INFO: Cannot click on the element with locator: {'xpath': "//button[@id='nextbtn']//span[text()='Sign in']"}
05/07/2021 12:39:47 PM - LoginPage - INFO: Element Found with locator: {'xpath': "//div[@id='getusername']//div[@class='fielderror errorlabel']"}
05/07/2021 12:39:47 PM - <module> - INFO: Browser Closed
05/07/2021 12:43:03 PM - <module> - INFO: Browser Opened
05/07/2021 12:43:07 PM - <module> - INFO: Browser Closed
05/07/2021 12:43:14 PM - <module> - INFO: Browser Opened
05/07/2021 12:43:18 PM - <module> - INFO: Browser Closed
05/07/2021 12:43:22 PM - <module> - INFO: Browser Opened
05/07/2021 12:43:22 PM - HomePage - INFO: Element Found with locator: {'xpath': "//a[@class='zh-login']"}
05/07/2021 12:43:23 PM - HomePage - INFO: Clicked on element with locator: {'xpath': "//a[@class='zh-login']"}
05/07/2021 12:43:23 PM - LoginPage - INFO: Element Found with locator: {'xpath': "//input[@id='login_id']"}
05/07/2021 12:43:23 PM - LoginPage - INFO: Sent data on element with locator: {'xpath': "//input[@id='login_id']"}
05/07/2021 12:43:23 PM - LoginPage - INFO: Element Found with locator: {'xpath': "//button[@id='nextbtn']//span[text()='Next']"}
05/07/2021 12:43:23 PM - LoginPage - INFO: Clicked on element with locator: {'xpath': "//button[@id='nextbtn']//span[text()='Next']"}
05/07/2021 12:43:23 PM - LoginPage - INFO: Element Found with locator: {'xpath': "//input[@id='password']"}
05/07/2021 12:43:26 PM - LoginPage - INFO: Cannot send data on the element with locator: {'xpath': "//input[@id='password']"}
05/07/2021 12:43:33 PM - LoginPage - INFO: Element not found with locator: {'xpath': "//button[@id='nextbtn']//span[text()='Sign in']"}
05/07/2021 12:43:33 PM - LoginPage - INFO: Cannot click on the element with locator: {'xpath': "//button[@id='nextbtn']//span[text()='Sign in']"}
05/07/2021 12:43:38 PM - LoginPage - INFO: Element Found with locator: {'xpath': "//div[@id='getusername']//div[@class='fielderror errorlabel']"}
05/07/2021 12:43:38 PM - TestStatus - ERROR: ### VERIFICATION FAILED :: + Error Message is Displayed
05/07/2021 12:43:38 PM - TestStatus - INFO: Screenshot save to directory: C:\Users\bisai\OneDrive - Kudelski Group\Desktop\Desktop\Study\4Selenium with Python(letskodeit)\WebTestFrameworkBDD\base\../screenshots/Error Message is Displayed.1620371618847.png
05/07/2021 12:43:38 PM - TestStatus - ERROR: userErrorMessage ### TEST FAILED
05/07/2021 12:43:39 PM - <module> - INFO: Browser Closed
05/07/2021 12:43:42 PM - <module> - INFO: Browser Opened
05/07/2021 12:43:42 PM - HomePage - INFO: Element Found with locator: {'xpath': "//a[@class='zh-login']"}
05/07/2021 12:43:44 PM - HomePage - INFO: Clicked on element with locator: {'xpath': "//a[@class='zh-login']"}
05/07/2021 12:43:44 PM - LoginPage - INFO: Element Found with locator: {'xpath': "//input[@id='login_id']"}
05/07/2021 12:43:44 PM - LoginPage - INFO: Sent data on element with locator: {'xpath': "//input[@id='login_id']"}
05/07/2021 12:43:44 PM - LoginPage - INFO: Element Found with locator: {'xpath': "//button[@id='nextbtn']//span[text()='Next']"}
05/07/2021 12:43:44 PM - LoginPage - INFO: Clicked on element with locator: {'xpath': "//button[@id='nextbtn']//span[text()='Next']"}
05/07/2021 12:43:44 PM - LoginPage - INFO: Element Found with locator: {'xpath': "//input[@id='password']"}
05/07/2021 12:43:47 PM - LoginPage - INFO: Cannot send data on the element with locator: {'xpath': "//input[@id='password']"}
05/07/2021 12:43:54 PM - LoginPage - INFO: Element not found with locator: {'xpath': "//button[@id='nextbtn']//span[text()='Sign in']"}
05/07/2021 12:43:54 PM - LoginPage - INFO: Cannot click on the element with locator: {'xpath': "//button[@id='nextbtn']//span[text()='Sign in']"}
05/07/2021 12:43:59 PM - LoginPage - INFO: Element Found with locator: {'xpath': "//div[@id='getusername']//div[@class='fielderror errorlabel']"}
05/07/2021 12:43:59 PM - TestStatus - ERROR: ### VERIFICATION FAILED :: + Error Message is Displayed
05/07/2021 12:43:59 PM - TestStatus - INFO: Screenshot save to directory: C:\Users\bisai\OneDrive - Kudelski Group\Desktop\Desktop\Study\4Selenium with Python(letskodeit)\WebTestFrameworkBDD\base\../screenshots/Error Message is Displayed.1620371639417.png
05/07/2021 12:43:59 PM - TestStatus - ERROR: userErrorMessage ### TEST FAILED
05/07/2021 12:43:59 PM - <module> - INFO: Browser Closed
05/07/2021 12:45:54 PM - <module> - INFO: Browser Opened
05/07/2021 12:45:59 PM - <module> - INFO: Browser Closed
05/07/2021 12:46:05 PM - <module> - INFO: Browser Opened
05/07/2021 12:46:09 PM - <module> - INFO: Browser Closed
05/07/2021 12:46:13 PM - <module> - INFO: Browser Opened
05/07/2021 12:46:13 PM - HomePage - INFO: Element Found with locator: {'xpath': "//a[@class='zh-login']"}
05/07/2021 12:46:15 PM - HomePage - INFO: Clicked on element with locator: {'xpath': "//a[@class='zh-login']"}
05/07/2021 12:46:15 PM - LoginPage - INFO: Element Found with locator: {'xpath': "//input[@id='login_id']"}
05/07/2021 12:46:15 PM - LoginPage - INFO: Sent data on element with locator: {'xpath': "//input[@id='login_id']"}
05/07/2021 12:46:15 PM - LoginPage - INFO: Element Found with locator: {'xpath': "//button[@id='nextbtn']//span[text()='Next']"}
05/07/2021 12:46:15 PM - LoginPage - INFO: Clicked on element with locator: {'xpath': "//button[@id='nextbtn']//span[text()='Next']"}
05/07/2021 12:46:15 PM - LoginPage - INFO: Element Found with locator: {'xpath': "//input[@id='password']"}
05/07/2021 12:46:18 PM - LoginPage - INFO: Cannot send data on the element with locator: {'xpath': "//input[@id='password']"}
05/07/2021 12:46:25 PM - LoginPage - INFO: Element not found with locator: {'xpath': "//button[@id='nextbtn']//span[text()='Sign in']"}
05/07/2021 12:46:25 PM - LoginPage - INFO: Cannot click on the element with locator: {'xpath': "//button[@id='nextbtn']//span[text()='Sign in']"}
05/07/2021 12:46:30 PM - LoginPage - INFO: Element Found with locator: {'xpath': "//div[@id='getusername']//div[@class='fielderror errorlabel']"}
05/07/2021 12:46:30 PM - TestStatus - ERROR: ### VERIFICATION FAILED :: + Error Message is Displayed
05/07/2021 12:46:30 PM - TestStatus - INFO: Screenshot save to directory: C:\Users\bisai\OneDrive - Kudelski Group\Desktop\Desktop\Study\4Selenium with Python(letskodeit)\WebTestFrameworkBDD\base\../screenshots/Error Message is Displayed.1620371790471.png
05/07/2021 12:46:30 PM - TestStatus - ERROR: userErrorMessage ### TEST FAILED
05/07/2021 12:46:30 PM - <module> - INFO: Browser Closed
05/07/2021 12:46:34 PM - <module> - INFO: Browser Opened
05/07/2021 12:46:34 PM - HomePage - INFO: Element Found with locator: {'xpath': "//a[@class='zh-login']"}
05/07/2021 12:46:35 PM - HomePage - INFO: Clicked on element with locator: {'xpath': "//a[@class='zh-login']"}
05/07/2021 12:46:35 PM - LoginPage - INFO: Element Found with locator: {'xpath': "//input[@id='login_id']"}
05/07/2021 12:46:35 PM - LoginPage - INFO: Sent data on element with locator: {'xpath': "//input[@id='login_id']"}
05/07/2021 12:46:35 PM - LoginPage - INFO: Element Found with locator: {'xpath': "//button[@id='nextbtn']//span[text()='Next']"}
05/07/2021 12:46:35 PM - LoginPage - INFO: Clicked on element with locator: {'xpath': "//button[@id='nextbtn']//span[text()='Next']"}
05/07/2021 12:46:35 PM - LoginPage - INFO: Element Found with locator: {'xpath': "//input[@id='password']"}
05/07/2021 12:46:38 PM - LoginPage - INFO: Cannot send data on the element with locator: {'xpath': "//input[@id='password']"}
05/07/2021 12:46:45 PM - LoginPage - INFO: Element not found with locator: {'xpath': "//button[@id='nextbtn']//span[text()='Sign in']"}
05/07/2021 12:46:45 PM - LoginPage - INFO: Cannot click on the element with locator: {'xpath': "//button[@id='nextbtn']//span[text()='Sign in']"}
05/07/2021 12:46:50 PM - LoginPage - INFO: Element Found with locator: {'xpath': "//div[@id='getusername']//div[@class='fielderror errorlabel']"}
05/07/2021 12:46:51 PM - TestStatus - ERROR: ### VERIFICATION FAILED :: + Error Message is Displayed
05/07/2021 12:46:51 PM - TestStatus - INFO: Screenshot save to directory: C:\Users\bisai\OneDrive - Kudelski Group\Desktop\Desktop\Study\4Selenium with Python(letskodeit)\WebTestFrameworkBDD\base\../screenshots/Error Message is Displayed.1620371811003.png
05/07/2021 12:46:51 PM - TestStatus - ERROR: userErrorMessage ### TEST FAILED
05/07/2021 12:46:51 PM - <module> - INFO: Browser Closed
05/07/2021 01:23:05 PM - <module> - INFO: Browser Opened
05/07/2021 01:23:10 PM - <module> - INFO: Browser Closed
05/07/2021 01:23:18 PM - <module> - INFO: Browser Opened
05/07/2021 01:23:22 PM - <module> - INFO: Browser Closed
05/07/2021 01:23:28 PM - <module> - INFO: Browser Opened
05/07/2021 01:23:28 PM - HomePage - INFO: Element Found with locator: {'xpath': "//a[@class='zh-login']"}
05/07/2021 01:23:34 PM - HomePage - INFO: Clicked on element with locator: {'xpath': "//a[@class='zh-login']"}
05/07/2021 01:23:34 PM - LoginPage - INFO: Element Found with locator: {'xpath': "//input[@id='login_id']"}
05/07/2021 01:23:34 PM - LoginPage - INFO: Sent data on element with locator: {'xpath': "//input[@id='login_id']"}
05/07/2021 01:23:34 PM - LoginPage - INFO: Element Found with locator: {'xpath': "//button[@id='nextbtn']//span[text()='Next']"}
05/07/2021 01:23:34 PM - LoginPage - INFO: Clicked on element with locator: {'xpath': "//button[@id='nextbtn']//span[text()='Next']"}
05/07/2021 01:23:34 PM - LoginPage - INFO: Element Found with locator: {'xpath': "//input[@id='password']"}
05/07/2021 01:23:37 PM - LoginPage - INFO: Cannot send data on the element with locator: {'xpath': "//input[@id='password']"}
05/07/2021 01:23:44 PM - LoginPage - INFO: Element not found with locator: {'xpath': "//button[@id='nextbtn']//span[text()='Sign in']"}
05/07/2021 01:23:44 PM - LoginPage - INFO: Cannot click on the element with locator: {'xpath': "//button[@id='nextbtn']//span[text()='Sign in']"}
05/07/2021 01:23:49 PM - LoginPage - INFO: Element Found with locator: {'xpath': "//div[@id='getusername']//div[@class='fielderror errorlabel']"}
05/07/2021 01:23:49 PM - TestStatus - ERROR: ### VERIFICATION FAILED :: + Error Message is Displayed
05/07/2021 01:23:49 PM - TestStatus - INFO: Screenshot save to directory: C:\Users\bisai\OneDrive - Kudelski Group\Desktop\Desktop\Study\4Selenium with Python(letskodeit)\WebTestFrameworkBDD\base\../screenshots/Error Message is Displayed.1620374029811.png
05/07/2021 01:23:49 PM - TestStatus - ERROR: userErrorMessage ### TEST FAILED
05/07/2021 01:23:50 PM - <module> - INFO: Browser Closed
05/07/2021 01:23:58 PM - <module> - INFO: Browser Opened
05/07/2021 01:23:58 PM - HomePage - INFO: Element Found with locator: {'xpath': "//a[@class='zh-login']"}
05/07/2021 01:24:03 PM - HomePage - INFO: Clicked on element with locator: {'xpath': "//a[@class='zh-login']"}
05/07/2021 01:24:03 PM - LoginPage - INFO: Element Found with locator: {'xpath': "//input[@id='login_id']"}
05/07/2021 01:24:03 PM - LoginPage - INFO: Sent data on element with locator: {'xpath': "//input[@id='login_id']"}
05/07/2021 01:24:03 PM - LoginPage - INFO: Element Found with locator: {'xpath': "//button[@id='nextbtn']//span[text()='Next']"}
05/07/2021 01:24:03 PM - LoginPage - INFO: Clicked on element with locator: {'xpath': "//button[@id='nextbtn']//span[text()='Next']"}
05/07/2021 01:24:03 PM - LoginPage - INFO: Element Found with locator: {'xpath': "//input[@id='password']"}
05/07/2021 01:24:06 PM - LoginPage - INFO: Cannot send data on the element with locator: {'xpath': "//input[@id='password']"}
05/07/2021 01:24:13 PM - LoginPage - INFO: Element not found with locator: {'xpath': "//button[@id='nextbtn']//span[text()='Sign in']"}
05/07/2021 01:24:13 PM - LoginPage - INFO: Cannot click on the element with locator: {'xpath': "//button[@id='nextbtn']//span[text()='Sign in']"}
05/07/2021 01:24:18 PM - LoginPage - INFO: Element Found with locator: {'xpath': "//div[@id='getusername']//div[@class='fielderror errorlabel']"}
05/07/2021 01:24:18 PM - TestStatus - ERROR: ### VERIFICATION FAILED :: + Error Message is Displayed
05/07/2021 01:24:19 PM - TestStatus - INFO: Screenshot save to directory: C:\Users\bisai\OneDrive - Kudelski Group\Desktop\Desktop\Study\4Selenium with Python(letskodeit)\WebTestFrameworkBDD\base\../screenshots/Error Message is Displayed.1620374058928.png
05/07/2021 01:24:19 PM - TestStatus - ERROR: userErrorMessage ### TEST FAILED
05/07/2021 01:24:19 PM - <module> - INFO: Browser Closed
05/07/2021 01:37:02 PM - <module> - INFO: Browser Opened
05/07/2021 01:37:07 PM - <module> - INFO: Browser Closed
05/07/2021 01:37:13 PM - <module> - INFO: Browser Opened
05/07/2021 01:37:17 PM - <module> - INFO: Browser Closed
05/07/2021 01:37:22 PM - <module> - INFO: Browser Opened
05/07/2021 01:37:22 PM - HomePage - INFO: Element Found with locator: {'xpath': "//a[@class='zh-login']"}
05/07/2021 01:37:23 PM - HomePage - INFO: Clicked on element with locator: {'xpath': "//a[@class='zh-login']"}
05/07/2021 01:37:23 PM - LoginPage - INFO: Element Found with locator: {'xpath': "//input[@id='login_id']"}
05/07/2021 01:37:23 PM - LoginPage - INFO: Sent data on element with locator: {'xpath': "//input[@id='login_id']"}
05/07/2021 01:37:23 PM - LoginPage - INFO: Element Found with locator: {'xpath': "//button[@id='nextbtn']//span[text()='Next']"}
05/07/2021 01:37:23 PM - LoginPage - INFO: Clicked on element with locator: {'xpath': "//button[@id='nextbtn']//span[text()='Next']"}
05/07/2021 01:37:23 PM - LoginPage - INFO: Element Found with locator: {'xpath': "//input[@id='password']"}
05/07/2021 01:37:27 PM - LoginPage - INFO: Cannot send data on the element with locator: {'xpath': "//input[@id='password']"}
05/07/2021 01:37:34 PM - LoginPage - INFO: Element not found with locator: {'xpath': "//button[@id='nextbtn']//span[text()='Sign in']"}
05/07/2021 01:37:34 PM - LoginPage - INFO: Cannot click on the element with locator: {'xpath': "//button[@id='nextbtn']//span[text()='Sign in']"}
05/07/2021 01:37:39 PM - LoginPage - INFO: Element Found with locator: {'xpath': "//div[@id='getusername']//div[@class='fielderror errorlabel']"}
05/07/2021 01:37:39 PM - TestStatus - ERROR: ### VERIFICATION FAILED :: + Error Message is Displayed
05/07/2021 01:37:39 PM - TestStatus - INFO: Screenshot save to directory: C:\Users\bisai\OneDrive - Kudelski Group\Desktop\Desktop\Study\4Selenium with Python(letskodeit)\WebTestFrameworkBDD\base\../screenshots/Error Message is Displayed.1620374859113.png
05/07/2021 01:37:39 PM - TestStatus - ERROR: userErrorMessage ### TEST FAILED
05/07/2021 01:37:39 PM - <module> - INFO: Browser Closed
05/07/2021 01:37:45 PM - <module> - INFO: Browser Opened
05/07/2021 01:37:45 PM - HomePage - INFO: Element Found with locator: {'xpath': "//a[@class='zh-login']"}
05/07/2021 01:37:46 PM - HomePage - INFO: Clicked on element with locator: {'xpath': "//a[@class='zh-login']"}
05/07/2021 01:37:46 PM - LoginPage - INFO: Element Found with locator: {'xpath': "//input[@id='login_id']"}
05/07/2021 01:37:46 PM - LoginPage - INFO: Sent data on element with locator: {'xpath': "//input[@id='login_id']"}
05/07/2021 01:37:46 PM - LoginPage - INFO: Element Found with locator: {'xpath': "//button[@id='nextbtn']//span[text()='Next']"}
05/07/2021 01:37:46 PM - LoginPage - INFO: Clicked on element with locator: {'xpath': "//button[@id='nextbtn']//span[text()='Next']"}
05/07/2021 01:37:46 PM - LoginPage - INFO: Element Found with locator: {'xpath': "//input[@id='password']"}
05/07/2021 01:37:49 PM - LoginPage - INFO: Cannot send data on the element with locator: {'xpath': "//input[@id='password']"}
05/07/2021 01:37:56 PM - LoginPage - INFO: Element not found with locator: {'xpath': "//button[@id='nextbtn']//span[text()='Sign in']"}
05/07/2021 01:37:56 PM - LoginPage - INFO: Cannot click on the element with locator: {'xpath': "//button[@id='nextbtn']//span[text()='Sign in']"}
05/07/2021 01:38:01 PM - LoginPage - INFO: Element Found with locator: {'xpath': "//div[@id='getusername']//div[@class='fielderror errorlabel']"}
05/07/2021 01:38:01 PM - TestStatus - ERROR: ### VERIFICATION FAILED :: + Error Message is Displayed
05/07/2021 01:38:01 PM - TestStatus - INFO: Screenshot save to directory: C:\Users\bisai\OneDrive - Kudelski Group\Desktop\Desktop\Study\4Selenium with Python(letskodeit)\WebTestFrameworkBDD\base\../screenshots/Error Message is Displayed.1620374881677.png
05/07/2021 01:38:01 PM - TestStatus - ERROR: userErrorMessage ### TEST FAILED
05/07/2021 01:38:01 PM - <module> - INFO: Browser Closed
05/07/2021 01:40:41 PM - <module> - INFO: Browser Opened
05/07/2021 01:40:46 PM - <module> - INFO: Browser Closed
05/07/2021 01:40:52 PM - <module> - INFO: Browser Opened
05/07/2021 01:40:56 PM - <module> - INFO: Browser Closed
05/07/2021 01:41:01 PM - <module> - INFO: Browser Opened
05/07/2021 01:41:01 PM - HomePage - INFO: Element Found with locator: {'xpath': "//a[@class='zh-login']"}
05/07/2021 01:41:02 PM - HomePage - INFO: Clicked on element with locator: {'xpath': "//a[@class='zh-login']"}
05/07/2021 01:41:02 PM - LoginPage - INFO: Element Found with locator: {'xpath': "//input[@id='login_id']"}
05/07/2021 01:41:02 PM - LoginPage - INFO: Sent data on element with locator: {'xpath': "//input[@id='login_id']"}
05/07/2021 01:41:02 PM - LoginPage - INFO: Element Found with locator: {'xpath': "//button[@id='nextbtn']//span[text()='Next']"}
05/07/2021 01:41:02 PM - LoginPage - INFO: Clicked on element with locator: {'xpath': "//button[@id='nextbtn']//span[text()='Next']"}
05/07/2021 01:41:02 PM - LoginPage - INFO: Element Found with locator: {'xpath': "//input[@id='password']"}
05/07/2021 01:41:05 PM - LoginPage - INFO: Cannot send data on the element with locator: {'xpath': "//input[@id='password']"}
05/07/2021 01:41:12 PM - LoginPage - INFO: Element not found with locator: {'xpath': "//button[@id='nextbtn']//span[text()='Sign in']"}
05/07/2021 01:41:12 PM - LoginPage - INFO: Cannot click on the element with locator: {'xpath': "//button[@id='nextbtn']//span[text()='Sign in']"}
05/07/2021 01:41:17 PM - LoginPage - INFO: Element Found with locator: {'xpath': "//div[@id='getusername']//div[@class='fielderror errorlabel']"}
05/07/2021 01:41:17 PM - TestStatus - ERROR: ### VERIFICATION FAILED :: + Error Message is Displayed
05/07/2021 01:41:18 PM - TestStatus - INFO: Screenshot save to directory: C:\Users\bisai\OneDrive - Kudelski Group\Desktop\Desktop\Study\4Selenium with Python(letskodeit)\WebTestFrameworkBDD\base\../screenshots/Error Message is Displayed.1620375077866.png
05/07/2021 01:41:18 PM - TestStatus - ERROR: userErrorMessage ### TEST FAILED
05/07/2021 01:41:18 PM - <module> - INFO: Browser Closed
05/07/2021 01:41:22 PM - <module> - INFO: Browser Opened
05/07/2021 01:41:22 PM - HomePage - INFO: Element Found with locator: {'xpath': "//a[@class='zh-login']"}
05/07/2021 01:41:24 PM - HomePage - INFO: Clicked on element with locator: {'xpath': "//a[@class='zh-login']"}
05/07/2021 01:41:24 PM - LoginPage - INFO: Element Found with locator: {'xpath': "//input[@id='login_id']"}
05/07/2021 01:41:24 PM - LoginPage - INFO: Sent data on element with locator: {'xpath': "//input[@id='login_id']"}
05/07/2021 01:41:24 PM - LoginPage - INFO: Element Found with locator: {'xpath': "//button[@id='nextbtn']//span[text()='Next']"}
05/07/2021 01:41:24 PM - LoginPage - INFO: Clicked on element with locator: {'xpath': "//button[@id='nextbtn']//span[text()='Next']"}
05/07/2021 01:41:24 PM - LoginPage - INFO: Element Found with locator: {'xpath': "//input[@id='password']"}
05/07/2021 01:41:27 PM - LoginPage - INFO: Cannot send data on the element with locator: {'xpath': "//input[@id='password']"}
05/07/2021 01:41:34 PM - LoginPage - INFO: Element not found with locator: {'xpath': "//button[@id='nextbtn']//span[text()='Sign in']"}
05/07/2021 01:41:34 PM - LoginPage - INFO: Cannot click on the element with locator: {'xpath': "//button[@id='nextbtn']//span[text()='Sign in']"}
05/07/2021 01:41:39 PM - LoginPage - INFO: Element Found with locator: {'xpath': "//div[@id='getusername']//div[@class='fielderror errorlabel']"}
05/07/2021 01:41:39 PM - TestStatus - ERROR: ### VERIFICATION FAILED :: + Error Message is Displayed
05/07/2021 01:41:40 PM - TestStatus - INFO: Screenshot save to directory: C:\Users\bisai\OneDrive - Kudelski Group\Desktop\Desktop\Study\4Selenium with Python(letskodeit)\WebTestFrameworkBDD\base\../screenshots/Error Message is Displayed.1620375099990.png
05/07/2021 01:41:40 PM - TestStatus - ERROR: userErrorMessage ### TEST FAILED
05/07/2021 01:41:40 PM - <module> - INFO: Browser Closed
05/07/2021 01:54:31 PM - <module> - INFO: Browser Opened
05/07/2021 01:54:35 PM - <module> - INFO: Browser Closed
05/07/2021 01:54:41 PM - <module> - INFO: Browser Opened
05/07/2021 01:54:45 PM - <module> - INFO: Browser Closed
05/07/2021 01:54:50 PM - <module> - INFO: Browser Opened
05/07/2021 01:54:50 PM - HomePage - INFO: Element Found with locator: {'xpath': "//a[@class='zh-login']"}
05/07/2021 01:54:52 PM - HomePage - INFO: Clicked on element with locator: {'xpath': "//a[@class='zh-login']"}
05/07/2021 01:54:52 PM - LoginPage - INFO: Element Found with locator: {'xpath': "//input[@id='login_id']"}
05/07/2021 01:54:52 PM - LoginPage - INFO: Sent data on element with locator: {'xpath': "//input[@id='login_id']"}
05/07/2021 01:54:52 PM - LoginPage - INFO: Element Found with locator: {'xpath': "//button[@id='nextbtn']//span[text()='Next']"}
05/07/2021 01:54:52 PM - LoginPage - INFO: Clicked on element with locator: {'xpath': "//button[@id='nextbtn']//span[text()='Next']"}
05/07/2021 01:54:52 PM - LoginPage - INFO: Element Found with locator: {'xpath': "//input[@id='password']"}
05/07/2021 01:54:55 PM - LoginPage - INFO: Cannot send data on the element with locator: {'xpath': "//input[@id='password']"}
05/07/2021 01:55:02 PM - LoginPage - INFO: Element not found with locator: {'xpath': "//button[@id='nextbtn']//span[text()='Sign in']"}
05/07/2021 01:55:02 PM - LoginPage - INFO: Cannot click on the element with locator: {'xpath': "//button[@id='nextbtn']//span[text()='Sign in']"}
05/07/2021 01:55:07 PM - LoginPage - INFO: Element Found with locator: {'xpath': "//div[@id='getusername']//div[@class='fielderror errorlabel']"}
05/07/2021 01:55:07 PM - TestStatus - ERROR: ### VERIFICATION FAILED :: + Error Message is Displayed
05/07/2021 01:55:07 PM - TestStatus - INFO: Screenshot save to directory: C:\Users\bisai\OneDrive - Kudelski Group\Desktop\Desktop\Study\4Selenium with Python(letskodeit)\WebTestFrameworkBDD\base\../screenshots/Error Message is Displayed.1620375907600.png
05/07/2021 01:55:07 PM - TestStatus - ERROR: userErrorMessage ### TEST FAILED
05/07/2021 01:55:07 PM - <module> - INFO: Browser Closed
05/07/2021 01:55:11 PM - <module> - INFO: Browser Opened
05/07/2021 01:55:11 PM - HomePage - INFO: Element Found with locator: {'xpath': "//a[@class='zh-login']"}
05/07/2021 01:55:13 PM - HomePage - INFO: Clicked on element with locator: {'xpath': "//a[@class='zh-login']"}
05/07/2021 01:55:13 PM - LoginPage - INFO: Element Found with locator: {'xpath': "//input[@id='login_id']"}
05/07/2021 01:55:13 PM - LoginPage - INFO: Sent data on element with locator: {'xpath': "//input[@id='login_id']"}
05/07/2021 01:55:13 PM - LoginPage - INFO: Element Found with locator: {'xpath': "//button[@id='nextbtn']//span[text()='Next']"}
05/07/2021 01:55:13 PM - LoginPage - INFO: Clicked on element with locator: {'xpath': "//button[@id='nextbtn']//span[text()='Next']"}
05/07/2021 01:55:13 PM - LoginPage - INFO: Element Found with locator: {'xpath': "//input[@id='password']"}
05/07/2021 01:55:16 PM - LoginPage - INFO: Cannot send data on the element with locator: {'xpath': "//input[@id='password']"}
05/07/2021 01:55:23 PM - LoginPage - INFO: Element not found with locator: {'xpath': "//button[@id='nextbtn']//span[text()='Sign in']"}
05/07/2021 01:55:23 PM - LoginPage - INFO: Cannot click on the element with locator: {'xpath': "//button[@id='nextbtn']//span[text()='Sign in']"}
05/07/2021 01:55:28 PM - LoginPage - INFO: Element Found with locator: {'xpath': "//div[@id='getusername']//div[@class='fielderror errorlabel']"}
05/07/2021 01:55:28 PM - TestStatus - ERROR: ### VERIFICATION FAILED :: + Error Message is Displayed
05/07/2021 01:55:28 PM - TestStatus - INFO: Screenshot save to directory: C:\Users\bisai\OneDrive - Kudelski Group\Desktop\Desktop\Study\4Selenium with Python(letskodeit)\WebTestFrameworkBDD\base\../screenshots/Error Message is Displayed.1620375928337.png
05/07/2021 01:55:28 PM - TestStatus - ERROR: userErrorMessage ### TEST FAILED
05/07/2021 01:55:28 PM - <module> - INFO: Browser Closed
05/07/2021 01:57:30 PM - <module> - INFO: Browser Opened
05/07/2021 01:57:35 PM - <module> - INFO: Browser Closed
05/07/2021 01:57:42 PM - <module> - INFO: Browser Opened
05/07/2021 01:57:46 PM - <module> - INFO: Browser Closed
05/07/2021 01:57:51 PM - <module> - INFO: Browser Opened
05/07/2021 01:57:51 PM - HomePage - INFO: Element Found with locator: {'xpath': "//a[@class='zh-login']"}
05/07/2021 01:57:52 PM - HomePage - INFO: Clicked on element with locator: {'xpath': "//a[@class='zh-login']"}
05/07/2021 01:57:52 PM - LoginPage - INFO: Element Found with locator: {'xpath': "//input[@id='login_id']"}
05/07/2021 01:57:52 PM - LoginPage - INFO: Sent data on element with locator: {'xpath': "//input[@id='login_id']"}
05/07/2021 01:57:52 PM - LoginPage - INFO: Element Found with locator: {'xpath': "//button[@id='nextbtn']//span[text()='Next']"}
05/07/2021 01:57:53 PM - LoginPage - INFO: Clicked on element with locator: {'xpath': "//button[@id='nextbtn']//span[text()='Next']"}
05/07/2021 01:57:53 PM - LoginPage - INFO: Element Found with locator: {'xpath': "//input[@id='password']"}
05/07/2021 01:57:56 PM - LoginPage - INFO: Cannot send data on the element with locator: {'xpath': "//input[@id='password']"}
05/07/2021 01:58:03 PM - LoginPage - INFO: Element not found with locator: {'xpath': "//button[@id='nextbtn']//span[text()='Sign in']"}
05/07/2021 01:58:03 PM - LoginPage - INFO: Cannot click on the element with locator: {'xpath': "//button[@id='nextbtn']//span[text()='Sign in']"}
05/07/2021 01:58:08 PM - LoginPage - INFO: Element Found with locator: {'xpath': "//div[@id='getusername']//div[@class='fielderror errorlabel']"}
05/07/2021 01:58:08 PM - TestStatus - ERROR: ### VERIFICATION FAILED :: + Error Message is Displayed
05/07/2021 01:58:08 PM - TestStatus - INFO: Screenshot save to directory: C:\Users\bisai\OneDrive - Kudelski Group\Desktop\Desktop\Study\4Selenium with Python(letskodeit)\WebTestFrameworkBDD\base\../screenshots/Error Message is Displayed.1620376088224.png
05/07/2021 01:58:08 PM - TestStatus - ERROR: userErrorMessage ### TEST FAILED
05/07/2021 01:58:08 PM - <module> - INFO: Browser Closed
05/07/2021 01:58:12 PM - <module> - INFO: Browser Opened
05/07/2021 01:58:12 PM - HomePage - INFO: Element Found with locator: {'xpath': "//a[@class='zh-login']"}
05/07/2021 01:58:13 PM - HomePage - INFO: Clicked on element with locator: {'xpath': "//a[@class='zh-login']"}
05/07/2021 01:58:13 PM - LoginPage - INFO: Element Found with locator: {'xpath': "//input[@id='login_id']"}
05/07/2021 01:58:13 PM - LoginPage - INFO: Sent data on element with locator: {'xpath': "//input[@id='login_id']"}
05/07/2021 01:58:13 PM - LoginPage - INFO: Element Found with locator: {'xpath': "//button[@id='nextbtn']//span[text()='Next']"}
05/07/2021 01:58:13 PM - LoginPage - INFO: Clicked on element with locator: {'xpath': "//button[@id='nextbtn']//span[text()='Next']"}
05/07/2021 01:58:13 PM - LoginPage - INFO: Element Found with locator: {'xpath': "//input[@id='password']"}
05/07/2021 01:58:16 PM - LoginPage - INFO: Cannot send data on the element with locator: {'xpath': "//input[@id='password']"}
05/07/2021 01:58:23 PM - LoginPage - INFO: Element not found with locator: {'xpath': "//button[@id='nextbtn']//span[text()='Sign in']"}
05/07/2021 01:58:23 PM - LoginPage - INFO: Cannot click on the element with locator: {'xpath': "//button[@id='nextbtn']//span[text()='Sign in']"}
05/07/2021 01:58:28 PM - LoginPage - INFO: Element Found with locator: {'xpath': "//div[@id='getusername']//div[@class='fielderror errorlabel']"}
05/07/2021 01:58:28 PM - TestStatus - ERROR: ### VERIFICATION FAILED :: + Error Message is Displayed
05/07/2021 01:58:28 PM - TestStatus - INFO: Screenshot save to directory: C:\Users\bisai\OneDrive - Kudelski Group\Desktop\Desktop\Study\4Selenium with Python(letskodeit)\WebTestFrameworkBDD\base\../screenshots/Error Message is Displayed.1620376108698.png
05/07/2021 01:58:28 PM - TestStatus - ERROR: userErrorMessage ### TEST FAILED
05/07/2021 01:58:28 PM - <module> - INFO: Browser Closed
05/07/2021 02:06:39 PM - <module> - INFO: Browser Opened
05/07/2021 02:06:43 PM - <module> - INFO: Browser Closed
05/07/2021 02:06:49 PM - <module> - INFO: Browser Opened
05/07/2021 02:06:54 PM - <module> - INFO: Browser Closed
05/07/2021 02:06:58 PM - <module> - INFO: Browser Opened
05/07/2021 02:06:58 PM - HomePage - INFO: Element Found with locator: {'xpath': "//a[@class='zh-login']"}
05/07/2021 02:06:59 PM - HomePage - INFO: Clicked on element with locator: {'xpath': "//a[@class='zh-login']"}
05/07/2021 02:06:59 PM - LoginPage - INFO: Element Found with locator: {'xpath': "//input[@id='login_id']"}
05/07/2021 02:07:00 PM - LoginPage - INFO: Sent data on element with locator: {'xpath': "//input[@id='login_id']"}
05/07/2021 02:07:00 PM - LoginPage - INFO: Element Found with locator: {'xpath': "//button[@id='nextbtn']//span[text()='Next']"}
05/07/2021 02:07:00 PM - LoginPage - INFO: Clicked on element with locator: {'xpath': "//button[@id='nextbtn']//span[text()='Next']"}
05/07/2021 02:07:00 PM - LoginPage - INFO: Element Found with locator: {'xpath': "//input[@id='password']"}
05/07/2021 02:07:03 PM - LoginPage - INFO: Cannot send data on the element with locator: {'xpath': "//input[@id='password']"}
05/07/2021 02:07:10 PM - LoginPage - INFO: Element not found with locator: {'xpath': "//button[@id='nextbtn']//span[text()='Sign in']"}
05/07/2021 02:07:10 PM - LoginPage - INFO: Cannot click on the element with locator: {'xpath': "//button[@id='nextbtn']//span[text()='Sign in']"}
05/07/2021 02:07:15 PM - LoginPage - INFO: Element Found with locator: {'xpath': "//div[@id='getusername']//div[@class='fielderror errorlabel']"}
05/07/2021 02:07:15 PM - TestStatus - ERROR: ### VERIFICATION FAILED :: + Error Message is Displayed
05/07/2021 02:07:15 PM - TestStatus - INFO: Screenshot save to directory: C:\Users\bisai\OneDrive - Kudelski Group\Desktop\Desktop\Study\4Selenium with Python(letskodeit)\WebTestFrameworkBDD\base\../screenshots/Error Message is Displayed.1620376635265.png
05/07/2021 02:07:15 PM - TestStatus - ERROR: userErrorMessage ### TEST FAILED
05/07/2021 02:07:15 PM - <module> - INFO: Browser Closed
05/07/2021 02:07:21 PM - <module> - INFO: Browser Opened
05/07/2021 02:07:21 PM - HomePage - INFO: Element Found with locator: {'xpath': "//a[@class='zh-login']"}
05/07/2021 02:07:23 PM - HomePage - INFO: Clicked on element with locator: {'xpath': "//a[@class='zh-login']"}
05/07/2021 02:07:23 PM - LoginPage - INFO: Element Found with locator: {'xpath': "//input[@id='login_id']"}
05/07/2021 02:07:23 PM - LoginPage - INFO: Sent data on element with locator: {'xpath': "//input[@id='login_id']"}
05/07/2021 02:07:23 PM - LoginPage - INFO: Element Found with locator: {'xpath': "//button[@id='nextbtn']//span[text()='Next']"}
05/07/2021 02:07:23 PM - LoginPage - INFO: Clicked on element with locator: {'xpath': "//button[@id='nextbtn']//span[text()='Next']"}
05/07/2021 02:07:23 PM - LoginPage - INFO: Element Found with locator: {'xpath': "//input[@id='password']"}
05/07/2021 02:07:26 PM - LoginPage - INFO: Cannot send data on the element with locator: {'xpath': "//input[@id='password']"}
05/07/2021 02:07:33 PM - LoginPage - INFO: Element not found with locator: {'xpath': "//button[@id='nextbtn']//span[text()='Sign in']"}
05/07/2021 02:07:33 PM - LoginPage - INFO: Cannot click on the element with locator: {'xpath': "//button[@id='nextbtn']//span[text()='Sign in']"}
05/07/2021 02:07:38 PM - LoginPage - INFO: Element Found with locator: {'xpath': "//div[@id='getusername']//div[@class='fielderror errorlabel']"}
05/07/2021 02:07:38 PM - TestStatus - ERROR: ### VERIFICATION FAILED :: + Error Message is Displayed
05/07/2021 02:07:38 PM - TestStatus - INFO: Screenshot save to directory: C:\Users\bisai\OneDrive - Kudelski Group\Desktop\Desktop\Study\4Selenium with Python(letskodeit)\WebTestFrameworkBDD\base\../screenshots/Error Message is Displayed.1620376658551.png
05/07/2021 02:07:38 PM - TestStatus - ERROR: userErrorMessage ### TEST FAILED
05/07/2021 02:07:38 PM - <module> - INFO: Browser Closed
05/07/2021 03:52:55 PM - <module> - INFO: Browser Opened
05/07/2021 03:52:59 PM - <module> - INFO: Browser Closed
05/07/2021 03:53:05 PM - <module> - INFO: Browser Opened
05/07/2021 03:53:09 PM - <module> - INFO: Browser Closed
05/07/2021 03:53:13 PM - <module> - INFO: Browser Opened
05/07/2021 03:53:13 PM - HomePage - INFO: Element Found with locator: {'xpath': "//a[@class='zh-login']"}
05/07/2021 03:53:14 PM - HomePage - INFO: Clicked on element with locator: {'xpath': "//a[@class='zh-login']"}
05/07/2021 03:53:14 PM - LoginPage - INFO: Element Found with locator: {'xpath': "//input[@id='login_id']"}
05/07/2021 03:53:14 PM - LoginPage - INFO: Sent data on element with locator: {'xpath': "//input[@id='login_id']"}
05/07/2021 03:53:14 PM - LoginPage - INFO: Element Found with locator: {'xpath': "//button[@id='nextbtn']//span[text()='Next']"}
05/07/2021 03:53:14 PM - LoginPage - INFO: Clicked on element with locator: {'xpath': "//button[@id='nextbtn']//span[text()='Next']"}
05/07/2021 03:53:14 PM - LoginPage - INFO: Element Found with locator: {'xpath': "//input[@id='password']"}
05/07/2021 03:53:17 PM - LoginPage - INFO: Cannot send data on the element with locator: {'xpath': "//input[@id='password']"}
05/07/2021 03:53:24 PM - LoginPage - INFO: Element not found with locator: {'xpath': "//button[@id='nextbtn']//span[text()='Sign in']"}
05/07/2021 03:53:24 PM - LoginPage - INFO: Cannot click on the element with locator: {'xpath': "//button[@id='nextbtn']//span[text()='Sign in']"}
05/07/2021 03:53:29 PM - LoginPage - INFO: Element Found with locator: {'xpath': "//div[@id='getusername']//div[@class='fielderror errorlabel']"}
05/07/2021 03:53:29 PM - TestStatus - ERROR: ### VERIFICATION FAILED :: + Error Message is Displayed
05/07/2021 03:53:30 PM - TestStatus - INFO: Screenshot save to directory: C:\Users\bisai\OneDrive - Kudelski Group\Desktop\Desktop\Study\4Selenium with Python(letskodeit)\WebTestFrameworkBDD\base\../screenshots/Error Message is Displayed.1620383009901.png
05/07/2021 03:53:30 PM - TestStatus - ERROR: userErrorMessage ### TEST FAILED
05/07/2021 03:53:30 PM - <module> - INFO: Browser Closed
05/07/2021 03:53:36 PM - <module> - INFO: Browser Opened
05/07/2021 03:53:36 PM - HomePage - INFO: Element Found with locator: {'xpath': "//a[@class='zh-login']"}
05/07/2021 03:53:37 PM - HomePage - INFO: Clicked on element with locator: {'xpath': "//a[@class='zh-login']"}
05/07/2021 03:53:37 PM - LoginPage - INFO: Element Found with locator: {'xpath': "//input[@id='login_id']"}
05/07/2021 03:53:37 PM - LoginPage - INFO: Sent data on element with locator: {'xpath': "//input[@id='login_id']"}
05/07/2021 03:53:37 PM - LoginPage - INFO: Element Found with locator: {'xpath': "//button[@id='nextbtn']//span[text()='Next']"}
05/07/2021 03:53:37 PM - LoginPage - INFO: Clicked on element with locator: {'xpath': "//button[@id='nextbtn']//span[text()='Next']"}
05/07/2021 03:53:37 PM - LoginPage - INFO: Element Found with locator: {'xpath': "//input[@id='password']"}
05/07/2021 03:53:40 PM - LoginPage - INFO: Cannot send data on the element with locator: {'xpath': "//input[@id='password']"}
05/07/2021 03:53:47 PM - LoginPage - INFO: Element not found with locator: {'xpath': "//button[@id='nextbtn']//span[text()='Sign in']"}
05/07/2021 03:53:47 PM - LoginPage - INFO: Cannot click on the element with locator: {'xpath': "//button[@id='nextbtn']//span[text()='Sign in']"}
05/07/2021 03:53:52 PM - LoginPage - INFO: Element Found with locator: {'xpath': "//div[@id='getusername']//div[@class='fielderror errorlabel']"}
05/07/2021 03:53:52 PM - TestStatus - ERROR: ### VERIFICATION FAILED :: + Error Message is Displayed
05/07/2021 03:53:53 PM - TestStatus - INFO: Screenshot save to directory: C:\Users\bisai\OneDrive - Kudelski Group\Desktop\Desktop\Study\4Selenium with Python(letskodeit)\WebTestFrameworkBDD\base\../screenshots/Error Message is Displayed.1620383032892.png
05/07/2021 03:53:53 PM - TestStatus - ERROR: userErrorMessage ### TEST FAILED
05/07/2021 03:53:53 PM - <module> - INFO: Browser Closed
05/07/2021 04:20:23 PM - <module> - INFO: Browser Opened
05/07/2021 04:20:27 PM - <module> - INFO: Browser Closed
05/07/2021 04:20:33 PM - <module> - INFO: Browser Opened
05/07/2021 04:20:37 PM - <module> - INFO: Browser Closed
05/07/2021 04:20:42 PM - <module> - INFO: Browser Opened
05/07/2021 04:20:42 PM - HomePage - INFO: Element Found with locator: {'xpath': "//a[@class='zh-login']"}
05/07/2021 04:20:43 PM - HomePage - INFO: Clicked on element with locator: {'xpath': "//a[@class='zh-login']"}
05/07/2021 04:20:43 PM - LoginPage - INFO: Element Found with locator: {'xpath': "//input[@id='login_id']"}
05/07/2021 04:20:43 PM - LoginPage - INFO: Sent data on element with locator: {'xpath': "//input[@id='login_id']"}
05/07/2021 04:20:43 PM - LoginPage - INFO: Element Found with locator: {'xpath': "//button[@id='nextbtn']//span[text()='Next']"}
05/07/2021 04:20:43 PM - LoginPage - INFO: Clicked on element with locator: {'xpath': "//button[@id='nextbtn']//span[text()='Next']"}
05/07/2021 04:20:43 PM - LoginPage - INFO: Element Found with locator: {'xpath': "//input[@id='password']"}
05/07/2021 04:20:46 PM - LoginPage - INFO: Cannot send data on the element with locator: {'xpath': "//input[@id='password']"}
05/07/2021 04:20:54 PM - LoginPage - INFO: Element not found with locator: {'xpath': "//button[@id='nextbtn']//span[text()='Sign in']"}
05/07/2021 04:20:54 PM - LoginPage - INFO: Cannot click on the element with locator: {'xpath': "//button[@id='nextbtn']//span[text()='Sign in']"}
05/07/2021 04:20:59 PM - LoginPage - INFO: Element Found with locator: {'xpath': "//div[@id='getusername']//div[@class='fielderror errorlabel']"}
05/07/2021 04:20:59 PM - TestStatus - ERROR: ### VERIFICATION FAILED :: + Error Message is Displayed
05/07/2021 04:20:59 PM - TestStatus - INFO: Screenshot save to directory: C:\Users\bisai\OneDrive - Kudelski Group\Desktop\Desktop\Study\4Selenium with Python(letskodeit)\WebTestFrameworkBDD\base\../screenshots/Error Message is Displayed.1620384659077.png
05/07/2021 04:20:59 PM - TestStatus - ERROR: userErrorMessage ### TEST FAILED
05/07/2021 04:20:59 PM - <module> - INFO: Browser Closed
05/07/2021 04:21:06 PM - <module> - INFO: Browser Opened
05/07/2021 04:21:06 PM - HomePage - INFO: Element Found with locator: {'xpath': "//a[@class='zh-login']"}
05/07/2021 04:21:07 PM - HomePage - INFO: Clicked on element with locator: {'xpath': "//a[@class='zh-login']"}
05/07/2021 04:21:07 PM - LoginPage - INFO: Element Found with locator: {'xpath': "//input[@id='login_id']"}
05/07/2021 04:21:07 PM - LoginPage - INFO: Sent data on element with locator: {'xpath': "//input[@id='login_id']"}
05/07/2021 04:21:07 PM - LoginPage - INFO: Element Found with locator: {'xpath': "//button[@id='nextbtn']//span[text()='Next']"}
05/07/2021 04:21:07 PM - LoginPage - INFO: Clicked on element with locator: {'xpath': "//button[@id='nextbtn']//span[text()='Next']"}
05/07/2021 04:21:07 PM - LoginPage - INFO: Element Found with locator: {'xpath': "//input[@id='password']"}
05/07/2021 04:21:10 PM - LoginPage - INFO: Cannot send data on the element with locator: {'xpath': "//input[@id='password']"}
05/07/2021 04:21:17 PM - LoginPage - INFO: Element not found with locator: {'xpath': "//button[@id='nextbtn']//span[text()='Sign in']"}
05/07/2021 04:21:17 PM - LoginPage - INFO: Cannot click on the element with locator: {'xpath': "//button[@id='nextbtn']//span[text()='Sign in']"}
05/07/2021 04:21:22 PM - LoginPage - INFO: Element Found with locator: {'xpath': "//div[@id='getusername']//div[@class='fielderror errorlabel']"}
05/07/2021 04:21:22 PM - TestStatus - ERROR: ### VERIFICATION FAILED :: + Error Message is Displayed
05/07/2021 04:21:22 PM - TestStatus - INFO: Screenshot save to directory: C:\Users\bisai\OneDrive - Kudelski Group\Desktop\Desktop\Study\4Selenium with Python(letskodeit)\WebTestFrameworkBDD\base\../screenshots/Error Message is Displayed.1620384682752.png
05/07/2021 04:21:22 PM - TestStatus - ERROR: userErrorMessage ### TEST FAILED
05/07/2021 04:21:23 PM - <module> - INFO: Browser Closed
05/07/2021 09:58:13 PM - <module> - INFO: Browser Opened
05/07/2021 09:58:13 PM - HomePage - INFO: Element Found with locator: {'xpath': "//a[@class='zh-login']"}
05/07/2021 09:58:14 PM - HomePage - INFO: Clicked on element with locator: {'xpath': "//a[@class='zh-login']"}
05/07/2021 09:58:14 PM - LoginPage - INFO: Element Found with locator: {'xpath': "//input[@id='login_id']"}
05/07/2021 09:58:14 PM - LoginPage - INFO: Sent data on element with locator: {'xpath': "//input[@id='login_id']"}
05/07/2021 09:58:14 PM - LoginPage - INFO: Element Found with locator: {'xpath': "//button[@id='nextbtn']//span[text()='Next']"}
05/07/2021 09:58:14 PM - LoginPage - INFO: Clicked on element with locator: {'xpath': "//button[@id='nextbtn']//span[text()='Next']"}
05/07/2021 09:58:15 PM - LoginPage - INFO: Element Found with locator: {'xpath': "//input[@id='password']"}
05/07/2021 09:58:18 PM - LoginPage - INFO: Cannot send data on the element with locator: {'xpath': "//input[@id='password']"}
05/07/2021 09:59:23 PM - <module> - INFO: Browser Opened
05/07/2021 09:59:23 PM - HomePage - INFO: Element Found with locator: {'xpath': "//a[@class='zh-login']"}
05/07/2021 09:59:24 PM - HomePage - INFO: Clicked on element with locator: {'xpath': "//a[@class='zh-login']"}
05/07/2021 09:59:24 PM - LoginPage - INFO: Element Found with locator: {'xpath': "//input[@id='login_id']"}
05/07/2021 09:59:24 PM - LoginPage - INFO: Sent data on element with locator: {'xpath': "//input[@id='login_id']"}
05/07/2021 09:59:24 PM - LoginPage - INFO: Element Found with locator: {'xpath': "//button[@id='nextbtn']//span[text()='Next']"}
05/07/2021 09:59:24 PM - LoginPage - INFO: Clicked on element with locator: {'xpath': "//button[@id='nextbtn']//span[text()='Next']"}
05/07/2021 09:59:24 PM - LoginPage - INFO: Element Found with locator: {'xpath': "//input[@id='password']"}
05/07/2021 09:59:25 PM - LoginPage - INFO: Sent data on element with locator: {'xpath': "//input[@id='password']"}
05/07/2021 09:59:29 PM - LoginPage - INFO: Element Found with locator: {'xpath': "//button[@id='nextbtn']//span[text()='Sign in']"}
05/07/2021 09:59:29 PM - LoginPage - INFO: Clicked on element with locator: {'xpath': "//button[@id='nextbtn']//span[text()='Sign in']"}
05/07/2021 09:59:39 PM - TestStatus - INFO: ### VERIFICATION SUCCESSFUL :: + ClientHomePage is displayed
05/07/2021 09:59:39 PM - TestStatus - INFO: userClientHomePage ### TEST SUCCESSFUL
05/07/2021 09:59:40 PM - <module> - INFO: Browser Closed
05/07/2021 11:26:51 PM - <module> - INFO: Browser Opened
05/07/2021 11:26:51 PM - <module> - INFO: Browser Closed
05/07/2021 11:26:55 PM - <module> - INFO: Browser Opened
05/07/2021 11:26:56 PM - <module> - INFO: Browser Closed
05/08/2021 12:04:39 AM - <module> - INFO: Browser Opened
05/08/2021 12:04:39 AM - <module> - INFO: Browser Closed
05/08/2021 12:04:44 AM - <module> - INFO: Browser Opened
05/08/2021 12:04:45 AM - <module> - INFO: Browser Closed
05/08/2021 12:04:49 AM - <module> - INFO: Browser Opened
05/08/2021 12:04:49 AM - HomePage - INFO: Element Found with locator: {'xpath': "//a[@class='zh-login']"}
05/08/2021 12:04:53 AM - HomePage - INFO: Clicked on element with locator: {'xpath': "//a[@class='zh-login']"}
05/08/2021 12:04:53 AM - LoginPage - INFO: Element Found with locator: {'xpath': "//input[@id='login_id']"}
05/08/2021 12:04:53 AM - LoginPage - INFO: Sent data on element with locator: {'xpath': "//input[@id='login_id']"}
05/08/2021 12:04:53 AM - LoginPage - INFO: Element Found with locator: {'xpath': "//button[@id='nextbtn']//span[text()='Next']"}
05/08/2021 12:04:53 AM - LoginPage - INFO: Clicked on element with locator: {'xpath': "//button[@id='nextbtn']//span[text()='Next']"}
05/08/2021 12:04:53 AM - LoginPage - INFO: Element Found with locator: {'xpath': "//input[@id='password']"}
05/08/2021 12:04:53 AM - LoginPage - INFO: Sent data on element with locator: {'xpath': "//input[@id='password']"}
05/08/2021 12:04:57 AM - LoginPage - INFO: Element Found with locator: {'xpath': "//button[@id='nextbtn']//span[text()='Sign in']"}
05/08/2021 12:04:57 AM - LoginPage - INFO: Clicked on element with locator: {'xpath': "//button[@id='nextbtn']//span[text()='Sign in']"}
05/08/2021 12:05:02 AM - TestStatus - INFO: ### VERIFICATION SUCCESSFUL :: + ClientHomePage is displayed
05/08/2021 12:05:02 AM - TestStatus - INFO: userClientHomePage ### TEST SUCCESSFUL
05/08/2021 12:05:03 AM - <module> - INFO: Browser Closed
05/08/2021 12:05:08 AM - <module> - INFO: Browser Opened
05/08/2021 12:05:08 AM - HomePage - INFO: Element Found with locator: {'xpath': "//a[@class='zh-login']"}
05/08/2021 12:05:09 AM - HomePage - INFO: Clicked on element with locator: {'xpath': "//a[@class='zh-login']"}
05/08/2021 12:05:09 AM - LoginPage - INFO: Element Found with locator: {'xpath': "//input[@id='login_id']"}
05/08/2021 12:05:09 AM - LoginPage - INFO: Sent data on element with locator: {'xpath': "//input[@id='login_id']"}
05/08/2021 12:05:09 AM - LoginPage - INFO: Element Found with locator: {'xpath': "//button[@id='nextbtn']//span[text()='Next']"}
05/08/2021 12:05:09 AM - LoginPage - INFO: Clicked on element with locator: {'xpath': "//button[@id='nextbtn']//span[text()='Next']"}
05/08/2021 12:05:09 AM - LoginPage - INFO: Element Found with locator: {'xpath': "//input[@id='password']"}
05/08/2021 12:05:12 AM - LoginPage - INFO: Cannot send data on the element with locator: {'xpath': "//input[@id='password']"}
05/08/2021 12:05:19 AM - LoginPage - INFO: Element not found with locator: {'xpath': "//button[@id='nextbtn']//span[text()='Sign in']"}
05/08/2021 12:05:19 AM - LoginPage - INFO: Cannot click on the element with locator: {'xpath': "//button[@id='nextbtn']//span[text()='Sign in']"}
05/08/2021 12:05:24 AM - LoginPage - INFO: Element Found with locator: {'xpath': "//div[@id='getusername']//div[@class='fielderror errorlabel']"}
05/08/2021 12:05:24 AM - TestStatus - ERROR: ### VERIFICATION FAILED :: + Error Message is Displayed
05/08/2021 12:05:25 AM - TestStatus - INFO: Screenshot save to directory: C:\Users\bisai\OneDrive - Kudelski Group\Desktop\Desktop\Study\4Selenium with Python(letskodeit)\WebTestFrameworkBDD\base\../screenshots/Error Message is Displayed.1620412524970.png
05/08/2021 12:05:25 AM - TestStatus - ERROR: userErrorMessage ### TEST FAILED
05/08/2021 12:05:25 AM - <module> - INFO: Browser Closed
05/08/2021 12:05:31 AM - <module> - INFO: Browser Opened
05/08/2021 12:05:31 AM - HomePage - INFO: Element Found with locator: {'xpath': "//a[@class='zh-login']"}
05/08/2021 12:05:32 AM - HomePage - INFO: Clicked on element with locator: {'xpath': "//a[@class='zh-login']"}
05/08/2021 12:05:32 AM - LoginPage - INFO: Element Found with locator: {'xpath': "//input[@id='login_id']"}
05/08/2021 12:05:32 AM - LoginPage - INFO: Sent data on element with locator: {'xpath': "//input[@id='login_id']"}
05/08/2021 12:05:32 AM - LoginPage - INFO: Element Found with locator: {'xpath': "//button[@id='nextbtn']//span[text()='Next']"}
05/08/2021 12:05:33 AM - LoginPage - INFO: Clicked on element with locator: {'xpath': "//button[@id='nextbtn']//span[text()='Next']"}
05/08/2021 12:05:33 AM - LoginPage - INFO: Element Found with locator: {'xpath': "//input[@id='password']"}
05/08/2021 12:05:36 AM - LoginPage - INFO: Cannot send data on the element with locator: {'xpath': "//input[@id='password']"}
05/08/2021 12:05:43 AM - LoginPage - INFO: Element not found with locator: {'xpath': "//button[@id='nextbtn']//span[text()='Sign in']"}
05/08/2021 12:05:43 AM - LoginPage - INFO: Cannot click on the element with locator: {'xpath': "//button[@id='nextbtn']//span[text()='Sign in']"}
05/08/2021 12:05:48 AM - LoginPage - INFO: Element Found with locator: {'xpath': "//div[@id='getusername']//div[@class='fielderror errorlabel']"}
05/08/2021 12:05:48 AM - TestStatus - ERROR: ### VERIFICATION FAILED :: + Error Message is Displayed
05/08/2021 12:05:48 AM - TestStatus - INFO: Screenshot save to directory: C:\Users\bisai\OneDrive - Kudelski Group\Desktop\Desktop\Study\4Selenium with Python(letskodeit)\WebTestFrameworkBDD\base\../screenshots/Error Message is Displayed.1620412548287.png
05/08/2021 12:05:48 AM - TestStatus - ERROR: userErrorMessage ### TEST FAILED
05/08/2021 12:05:48 AM - <module> - INFO: Browser Closed
05/08/2021 12:05:53 AM - <module> - INFO: Browser Opened
05/08/2021 12:05:53 AM - HomePage - INFO: Element Found with locator: {'xpath': "//a[@class='zh-login']"}
05/08/2021 12:05:55 AM - HomePage - INFO: Clicked on element with locator: {'xpath': "//a[@class='zh-login']"}
05/08/2021 12:05:55 AM - LoginPage - INFO: Element Found with locator: {'xpath': "//input[@id='login_id']"}
05/08/2021 12:05:55 AM - LoginPage - INFO: Sent data on element with locator: {'xpath': "//input[@id='login_id']"}
05/08/2021 12:05:55 AM - LoginPage - INFO: Element Found with locator: {'xpath': "//button[@id='nextbtn']//span[text()='Next']"}
05/08/2021 12:05:55 AM - LoginPage - INFO: Clicked on element with locator: {'xpath': "//button[@id='nextbtn']//span[text()='Next']"}
05/08/2021 12:05:55 AM - LoginPage - INFO: Element Found with locator: {'xpath': "//input[@id='password']"}
05/08/2021 12:05:55 AM - LoginPage - INFO: Sent data on element with locator: {'xpath': "//input[@id='password']"}
05/08/2021 12:05:59 AM - LoginPage - INFO: Element Found with locator: {'xpath': "//button[@id='nextbtn']//span[text()='Sign in']"}
05/08/2021 12:05:59 AM - LoginPage - INFO: Clicked on element with locator: {'xpath': "//button[@id='nextbtn']//span[text()='Sign in']"}
05/08/2021 12:06:05 AM - TestStatus - INFO: ### VERIFICATION SUCCESSFUL :: + ClientHomePage is displayed
05/08/2021 12:06:05 AM - TestStatus - INFO: userClientHomePage ### TEST SUCCESSFUL
05/08/2021 12:06:05 AM - <module> - INFO: Browser Closed
05/08/2021 12:14:29 AM - <module> - INFO: Browser Opened
05/08/2021 12:14:33 AM - <module> - INFO: Browser Closed
05/08/2021 12:14:40 AM - <module> - INFO: Browser Opened
05/08/2021 12:16:08 AM - <module> - INFO: Browser Opened
05/08/2021 12:16:08 AM - <module> - INFO: Browser Closed
05/08/2021 12:16:14 AM - <module> - INFO: Browser Opened
05/08/2021 12:16:14 AM - HomePage - ERROR: Failed to get page URL
05/08/2021 12:17:11 AM - <module> - INFO: Browser Opened
05/08/2021 12:17:15 AM - <module> - INFO: Browser Closed
05/08/2021 12:17:20 AM - <module> - INFO: Browser Opened
05/08/2021 12:17:20 AM - <module> - INFO: Browser Closed
05/08/2021 12:17:29 AM - <module> - INFO: Browser Opened
05/08/2021 12:17:29 AM - HomePage - INFO: Element Found with locator: {'xpath': "//a[@class='zh-login']"}
05/08/2021 12:17:31 AM - HomePage - INFO: Clicked on element with locator: {'xpath': "//a[@class='zh-login']"}
05/08/2021 12:17:31 AM - LoginPage - INFO: Element Found with locator: {'xpath': "//input[@id='login_id']"}
05/08/2021 12:17:31 AM - LoginPage - INFO: Sent data on element with locator: {'xpath': "//input[@id='login_id']"}
05/08/2021 12:17:31 AM - LoginPage - INFO: Element Found with locator: {'xpath': "//button[@id='nextbtn']//span[text()='Next']"}
05/08/2021 12:17:31 AM - LoginPage - INFO: Clicked on element with locator: {'xpath': "//button[@id='nextbtn']//span[text()='Next']"}
05/08/2021 12:17:31 AM - LoginPage - INFO: Element Found with locator: {'xpath': "//input[@id='password']"}
05/08/2021 12:17:31 AM - LoginPage - INFO: Sent data on element with locator: {'xpath': "//input[@id='password']"}
05/08/2021 12:17:35 AM - LoginPage - INFO: Element Found with locator: {'xpath': "//button[@id='nextbtn']//span[text()='Sign in']"}
05/08/2021 12:17:35 AM - LoginPage - INFO: Clicked on element with locator: {'xpath': "//button[@id='nextbtn']//span[text()='Sign in']"}
05/08/2021 12:17:42 AM - TestStatus - INFO: ### VERIFICATION SUCCESSFUL :: + ClientHomePage is displayed
05/08/2021 12:17:42 AM - TestStatus - INFO: userClientHomePage ### TEST SUCCESSFUL
05/08/2021 12:17:43 AM - <module> - INFO: Browser Closed
05/08/2021 12:17:48 AM - <module> - INFO: Browser Opened
05/08/2021 12:17:48 AM - HomePage - INFO: Element Found with locator: {'xpath': "//a[@class='zh-login']"}
05/08/2021 12:17:50 AM - HomePage - INFO: Clicked on element with locator: {'xpath': "//a[@class='zh-login']"}
05/08/2021 12:17:50 AM - LoginPage - INFO: Element Found with locator: {'xpath': "//input[@id='login_id']"}
05/08/2021 12:17:50 AM - LoginPage - INFO: Sent data on element with locator: {'xpath': "//input[@id='login_id']"}
05/08/2021 12:17:50 AM - LoginPage - INFO: Element Found with locator: {'xpath': "//button[@id='nextbtn']//span[text()='Next']"}
05/08/2021 12:17:50 AM - LoginPage - INFO: Clicked on element with locator: {'xpath': "//button[@id='nextbtn']//span[text()='Next']"}
05/08/2021 12:17:50 AM - LoginPage - INFO: Element Found with locator: {'xpath': "//input[@id='password']"}
05/08/2021 12:17:53 AM - LoginPage - INFO: Cannot send data on the element with locator: {'xpath': "//input[@id='password']"}
05/08/2021 12:18:00 AM - LoginPage - INFO: Element not found with locator: {'xpath': "//button[@id='nextbtn']//span[text()='Sign in']"}
05/08/2021 12:18:00 AM - LoginPage - INFO: Cannot click on the element with locator: {'xpath': "//button[@id='nextbtn']//span[text()='Sign in']"}
05/08/2021 12:18:05 AM - LoginPage - INFO: Element Found with locator: {'xpath': "//div[@id='getusername']//div[@class='fielderror errorlabel']"}
05/08/2021 12:18:05 AM - TestStatus - ERROR: ### VERIFICATION FAILED :: + Error Message is Displayed
05/08/2021 12:18:05 AM - TestStatus - INFO: Screenshot save to directory: C:\Users\bisai\OneDrive - Kudelski Group\Desktop\Desktop\Study\4Selenium with Python(letskodeit)\WebTestFrameworkBDD\base\../screenshots/Error Message is Displayed.1620413285718.png
05/08/2021 12:18:06 AM - TestStatus - ERROR: userErrorMessage ### TEST FAILED
05/08/2021 12:18:06 AM - <module> - INFO: Browser Closed
05/08/2021 12:18:10 AM - <module> - INFO: Browser Opened
05/08/2021 12:18:10 AM - HomePage - INFO: Element Found with locator: {'xpath': "//a[@class='zh-login']"}
05/08/2021 12:18:12 AM - HomePage - INFO: Clicked on element with locator: {'xpath': "//a[@class='zh-login']"}
05/08/2021 12:18:12 AM - LoginPage - INFO: Element Found with locator: {'xpath': "//input[@id='login_id']"}
05/08/2021 12:18:12 AM - LoginPage - INFO: Sent data on element with locator: {'xpath': "//input[@id='login_id']"}
05/08/2021 12:18:12 AM - LoginPage - INFO: Element Found with locator: {'xpath': "//button[@id='nextbtn']//span[text()='Next']"}
05/08/2021 12:18:12 AM - LoginPage - INFO: Clicked on element with locator: {'xpath': "//button[@id='nextbtn']//span[text()='Next']"}
05/08/2021 12:18:12 AM - LoginPage - INFO: Element Found with locator: {'xpath': "//input[@id='password']"}
05/08/2021 12:18:15 AM - LoginPage - INFO: Cannot send data on the element with locator: {'xpath': "//input[@id='password']"}
05/08/2021 12:18:22 AM - LoginPage - INFO: Element not found with locator: {'xpath': "//button[@id='nextbtn']//span[text()='Sign in']"}
05/08/2021 12:18:22 AM - LoginPage - INFO: Cannot click on the element with locator: {'xpath': "//button[@id='nextbtn']//span[text()='Sign in']"}
05/08/2021 12:18:28 AM - LoginPage - INFO: Element Found with locator: {'xpath': "//div[@id='getusername']//div[@class='fielderror errorlabel']"}
05/08/2021 12:18:28 AM - TestStatus - ERROR: ### VERIFICATION FAILED :: + Error Message is Displayed
05/08/2021 12:18:28 AM - TestStatus - INFO: Screenshot save to directory: C:\Users\bisai\OneDrive - Kudelski Group\Desktop\Desktop\Study\4Selenium with Python(letskodeit)\WebTestFrameworkBDD\base\../screenshots/Error Message is Displayed.1620413308049.png
05/08/2021 12:18:28 AM - TestStatus - ERROR: userErrorMessage ### TEST FAILED
05/08/2021 12:18:28 AM - <module> - INFO: Browser Closed
05/08/2021 12:18:35 AM - <module> - INFO: Browser Opened
05/08/2021 12:18:35 AM - HomePage - INFO: Element Found with locator: {'xpath': "//a[@class='zh-login']"}
05/08/2021 12:18:37 AM - HomePage - INFO: Clicked on element with locator: {'xpath': "//a[@class='zh-login']"}
05/08/2021 12:18:37 AM - LoginPage - INFO: Element Found with locator: {'xpath': "//input[@id='login_id']"}
05/08/2021 12:18:37 AM - LoginPage - INFO: Sent data on element with locator: {'xpath': "//input[@id='login_id']"}
05/08/2021 12:18:37 AM - LoginPage - INFO: Element Found with locator: {'xpath': "//button[@id='nextbtn']//span[text()='Next']"}
05/08/2021 12:18:37 AM - LoginPage - INFO: Clicked on element with locator: {'xpath': "//button[@id='nextbtn']//span[text()='Next']"}
05/08/2021 12:18:37 AM - LoginPage - INFO: Element Found with locator: {'xpath': "//input[@id='password']"}
05/08/2021 12:18:37 AM - LoginPage - INFO: Sent data on element with locator: {'xpath': "//input[@id='password']"}
05/08/2021 12:18:41 AM - LoginPage - INFO: Element Found with locator: {'xpath': "//button[@id='nextbtn']//span[text()='Sign in']"}
05/08/2021 12:18:41 AM - LoginPage - INFO: Clicked on element with locator: {'xpath': "//button[@id='nextbtn']//span[text()='Sign in']"}
05/08/2021 12:18:49 AM - TestStatus - INFO: ### VERIFICATION SUCCESSFUL :: + ClientHomePage is displayed
05/08/2021 12:18:49 AM - TestStatus - INFO: userClientHomePage ### TEST SUCCESSFUL
05/08/2021 12:18:49 AM - <module> - INFO: Browser Closed
05/08/2021 12:19:55 AM - <module> - INFO: Browser Opened
05/08/2021 12:19:56 AM - <module> - INFO: Browser Closed
05/08/2021 12:21:01 AM - <module> - INFO: Browser Opened
05/08/2021 12:21:01 AM - <module> - INFO: Browser Closed
05/08/2021 12:22:51 AM - <module> - INFO: Browser Opened
05/08/2021 12:22:52 AM - <module> - INFO: Browser Closed
05/08/2021 12:22:59 AM - <module> - INFO: Browser Opened
05/08/2021 12:22:59 AM - <module> - INFO: Browser Closed
05/08/2021 12:23:03 AM - <module> - INFO: Browser Opened
05/08/2021 12:23:03 AM - HomePage - INFO: Element Found with locator: {'xpath': "//a[@class='zh-login']"}
05/08/2021 12:23:05 AM - HomePage - INFO: Clicked on element with locator: {'xpath': "//a[@class='zh-login']"}
05/08/2021 12:23:05 AM - LoginPage - INFO: Element Found with locator: {'xpath': "//input[@id='login_id']"}
05/08/2021 12:23:05 AM - LoginPage - INFO: Sent data on element with locator: {'xpath': "//input[@id='login_id']"}
05/08/2021 12:23:05 AM - LoginPage - INFO: Element Found with locator: {'xpath': "//button[@id='nextbtn']//span[text()='Next']"}
05/08/2021 12:23:05 AM - LoginPage - INFO: Clicked on element with locator: {'xpath': "//button[@id='nextbtn']//span[text()='Next']"}
05/08/2021 12:23:05 AM - LoginPage - INFO: Element Found with locator: {'xpath': "//input[@id='password']"}
05/08/2021 12:23:05 AM - LoginPage - INFO: Sent data on element with locator: {'xpath': "//input[@id='password']"}
05/08/2021 12:23:09 AM - LoginPage - INFO: Element Found with locator: {'xpath': "//button[@id='nextbtn']//span[text()='Sign in']"}
05/08/2021 12:23:09 AM - LoginPage - INFO: Clicked on element with locator: {'xpath': "//button[@id='nextbtn']//span[text()='Sign in']"}
05/08/2021 12:23:15 AM - TestStatus - INFO: ### VERIFICATION SUCCESSFUL :: + ClientHomePage is displayed
05/08/2021 12:23:15 AM - TestStatus - INFO: userClientHomePage ### TEST SUCCESSFUL
05/08/2021 12:23:15 AM - <module> - INFO: Browser Closed
05/08/2021 12:23:25 AM - <module> - INFO: Browser Opened
05/08/2021 12:23:25 AM - HomePage - INFO: Element Found with locator: {'xpath': "//a[@class='zh-login']"}
05/08/2021 12:23:26 AM - HomePage - INFO: Clicked on element with locator: {'xpath': "//a[@class='zh-login']"}
05/08/2021 12:23:26 AM - LoginPage - INFO: Element Found with locator: {'xpath': "//input[@id='login_id']"}
05/08/2021 12:23:26 AM - LoginPage - INFO: Sent data on element with locator: {'xpath': "//input[@id='login_id']"}
05/08/2021 12:23:26 AM - LoginPage - INFO: Element Found with locator: {'xpath': "//button[@id='nextbtn']//span[text()='Next']"}
05/08/2021 12:23:26 AM - LoginPage - INFO: Clicked on element with locator: {'xpath': "//button[@id='nextbtn']//span[text()='Next']"}
05/08/2021 12:23:26 AM - LoginPage - INFO: Element Found with locator: {'xpath': "//input[@id='password']"}
05/08/2021 12:23:29 AM - LoginPage - INFO: Cannot send data on the element with locator: {'xpath': "//input[@id='password']"}
05/08/2021 12:23:36 AM - LoginPage - INFO: Element not found with locator: {'xpath': "//button[@id='nextbtn']//span[text()='Sign in']"}
05/08/2021 12:23:36 AM - LoginPage - INFO: Cannot click on the element with locator: {'xpath': "//button[@id='nextbtn']//span[text()='Sign in']"}
05/08/2021 12:23:41 AM - LoginPage - INFO: Element Found with locator: {'xpath': "//div[@id='getusername']//div[@class='fielderror errorlabel']"}
05/08/2021 12:23:41 AM - TestStatus - ERROR: ### VERIFICATION FAILED :: + Error Message is Displayed
05/08/2021 12:23:42 AM - TestStatus - INFO: Screenshot save to directory: C:\Users\bisai\OneDrive - Kudelski Group\Desktop\Desktop\Study\4Selenium with Python(letskodeit)\WebTestFrameworkBDD\base\../screenshots/Error Message is Displayed.1620413621893.png
05/08/2021 12:23:42 AM - TestStatus - ERROR: userErrorMessage ### TEST FAILED
05/08/2021 12:23:42 AM - <module> - INFO: Browser Closed
05/08/2021 12:23:47 AM - <module> - INFO: Browser Opened
05/08/2021 12:23:47 AM - HomePage - INFO: Element Found with locator: {'xpath': "//a[@class='zh-login']"}
05/08/2021 12:23:48 AM - HomePage - INFO: Clicked on element with locator: {'xpath': "//a[@class='zh-login']"}
05/08/2021 12:23:48 AM - LoginPage - INFO: Element Found with locator: {'xpath': "//input[@id='login_id']"}
05/08/2021 12:23:48 AM - LoginPage - INFO: Sent data on element with locator: {'xpath': "//input[@id='login_id']"}
05/08/2021 12:23:48 AM - LoginPage - INFO: Element Found with locator: {'xpath': "//button[@id='nextbtn']//span[text()='Next']"}
05/08/2021 12:23:48 AM - LoginPage - INFO: Clicked on element with locator: {'xpath': "//button[@id='nextbtn']//span[text()='Next']"}
05/08/2021 12:23:48 AM - LoginPage - INFO: Element Found with locator: {'xpath': "//input[@id='password']"}
05/08/2021 12:23:51 AM - LoginPage - INFO: Cannot send data on the element with locator: {'xpath': "//input[@id='password']"}
05/08/2021 12:23:58 AM - LoginPage - INFO: Element not found with locator: {'xpath': "//button[@id='nextbtn']//span[text()='Sign in']"}
05/08/2021 12:23:58 AM - LoginPage - INFO: Cannot click on the element with locator: {'xpath': "//button[@id='nextbtn']//span[text()='Sign in']"}
05/08/2021 12:24:03 AM - LoginPage - INFO: Element Found with locator: {'xpath': "//div[@id='getusername']//div[@class='fielderror errorlabel']"}
05/08/2021 12:24:03 AM - TestStatus - ERROR: ### VERIFICATION FAILED :: + Error Message is Displayed
05/08/2021 12:24:04 AM - TestStatus - INFO: Screenshot save to directory: C:\Users\bisai\OneDrive - Kudelski Group\Desktop\Desktop\Study\4Selenium with Python(letskodeit)\WebTestFrameworkBDD\base\../screenshots/Error Message is Displayed.1620413643987.png
05/08/2021 12:24:04 AM - TestStatus - ERROR: userErrorMessage ### TEST FAILED
05/08/2021 12:24:04 AM - <module> - INFO: Browser Closed
05/08/2021 12:24:09 AM - <module> - INFO: Browser Opened
05/08/2021 12:24:09 AM - HomePage - INFO: Element Found with locator: {'xpath': "//a[@class='zh-login']"}
05/08/2021 12:24:10 AM - HomePage - INFO: Clicked on element with locator: {'xpath': "//a[@class='zh-login']"}
05/08/2021 12:24:10 AM - LoginPage - INFO: Element Found with locator: {'xpath': "//input[@id='login_id']"}
05/08/2021 12:24:10 AM - LoginPage - INFO: Sent data on element with locator: {'xpath': "//input[@id='login_id']"}
05/08/2021 12:24:10 AM - LoginPage - INFO: Element Found with locator: {'xpath': "//button[@id='nextbtn']//span[text()='Next']"}
05/08/2021 12:24:10 AM - LoginPage - INFO: Clicked on element with locator: {'xpath': "//button[@id='nextbtn']//span[text()='Next']"}
05/08/2021 12:24:10 AM - LoginPage - INFO: Element Found with locator: {'xpath': "//input[@id='password']"}
05/08/2021 12:24:11 AM - LoginPage - INFO: Sent data on element with locator: {'xpath': "//input[@id='password']"}
05/08/2021 12:24:15 AM - LoginPage - INFO: Element Found with locator: {'xpath': "//button[@id='nextbtn']//span[text()='Sign in']"}
05/08/2021 12:24:15 AM - LoginPage - INFO: Clicked on element with locator: {'xpath': "//button[@id='nextbtn']//span[text()='Sign in']"}
05/08/2021 12:24:20 AM - TestStatus - INFO: ### VERIFICATION SUCCESSFUL :: + ClientHomePage is displayed
05/08/2021 12:24:20 AM - TestStatus - INFO: userClientHomePage ### TEST SUCCESSFUL
05/08/2021 12:24:20 AM - <module> - INFO: Browser Closed
05/08/2021 12:25:48 AM - <module> - INFO: Browser Opened
05/08/2021 12:25:48 AM - <module> - INFO: Browser Closed
05/08/2021 12:25:56 AM - <module> - INFO: Browser Opened
05/08/2021 12:26:00 AM - <module> - INFO: Browser Closed
05/08/2021 12:26:05 AM - <module> - INFO: Browser Opened
05/08/2021 12:26:05 AM - HomePage - INFO: Element Found with locator: {'xpath': "//a[@class='zh-login']"}
05/08/2021 12:26:07 AM - HomePage - INFO: Clicked on element with locator: {'xpath': "//a[@class='zh-login']"}
05/08/2021 12:26:07 AM - LoginPage - INFO: Element Found with locator: {'xpath': "//input[@id='login_id']"}
05/08/2021 12:26:07 AM - LoginPage - INFO: Sent data on element with locator: {'xpath': "//input[@id='login_id']"}
05/08/2021 12:26:07 AM - LoginPage - INFO: Element Found with locator: {'xpath': "//button[@id='nextbtn']//span[text()='Next']"}
05/08/2021 12:26:07 AM - LoginPage - INFO: Clicked on element with locator: {'xpath': "//button[@id='nextbtn']//span[text()='Next']"}
05/08/2021 12:26:07 AM - LoginPage - INFO: Element Found with locator: {'xpath': "//input[@id='password']"}
05/08/2021 12:26:07 AM - LoginPage - INFO: Sent data on element with locator: {'xpath': "//input[@id='password']"}
05/08/2021 12:26:11 AM - LoginPage - INFO: Element Found with locator: {'xpath': "//button[@id='nextbtn']//span[text()='Sign in']"}
05/08/2021 12:26:11 AM - LoginPage - INFO: Clicked on element with locator: {'xpath': "//button[@id='nextbtn']//span[text()='Sign in']"}
05/08/2021 12:26:17 AM - TestStatus - INFO: ### VERIFICATION SUCCESSFUL :: + ClientHomePage is displayed
05/08/2021 12:26:17 AM - TestStatus - INFO: userClientHomePage ### TEST SUCCESSFUL
05/08/2021 12:26:17 AM - <module> - INFO: Browser Closed
05/08/2021 12:26:26 AM - <module> - INFO: Browser Opened
05/08/2021 12:26:26 AM - HomePage - INFO: Element Found with locator: {'xpath': "//a[@class='zh-login']"}
05/08/2021 12:26:28 AM - HomePage - INFO: Clicked on element with locator: {'xpath': "//a[@class='zh-login']"}
05/08/2021 12:26:28 AM - LoginPage - INFO: Element Found with locator: {'xpath': "//input[@id='login_id']"}
05/08/2021 12:26:28 AM - LoginPage - INFO: Sent data on element with locator: {'xpath': "//input[@id='login_id']"}
05/08/2021 12:26:28 AM - LoginPage - INFO: Element Found with locator: {'xpath': "//button[@id='nextbtn']//span[text()='Next']"}
05/08/2021 12:26:28 AM - LoginPage - INFO: Clicked on element with locator: {'xpath': "//button[@id='nextbtn']//span[text()='Next']"}
05/08/2021 12:26:28 AM - LoginPage - INFO: Element Found with locator: {'xpath': "//input[@id='password']"}
05/08/2021 12:26:31 AM - LoginPage - INFO: Cannot send data on the element with locator: {'xpath': "//input[@id='password']"}
05/08/2021 12:26:38 AM - LoginPage - INFO: Element not found with locator: {'xpath': "//button[@id='nextbtn']//span[text()='Sign in']"}
05/08/2021 12:26:38 AM - LoginPage - INFO: Cannot click on the element with locator: {'xpath': "//button[@id='nextbtn']//span[text()='Sign in']"}
05/08/2021 12:26:43 AM - LoginPage - INFO: Element Found with locator: {'xpath': "//div[@id='getusername']//div[@class='fielderror errorlabel']"}
05/08/2021 12:26:43 AM - TestStatus - ERROR: ### VERIFICATION FAILED :: + Error Message is Displayed
05/08/2021 12:26:43 AM - TestStatus - INFO: Screenshot save to directory: C:\Users\bisai\OneDrive - Kudelski Group\Desktop\Desktop\Study\4Selenium with Python(letskodeit)\WebTestFrameworkBDD\base\../screenshots/Error Message is Displayed.1620413803596.png
05/08/2021 12:26:43 AM - TestStatus - ERROR: userErrorMessage ### TEST FAILED
05/08/2021 12:26:44 AM - <module> - INFO: Browser Closed
05/08/2021 12:26:49 AM - <module> - INFO: Browser Opened
05/08/2021 12:26:49 AM - HomePage - INFO: Element Found with locator: {'xpath': "//a[@class='zh-login']"}
05/08/2021 12:26:51 AM - HomePage - INFO: Clicked on element with locator: {'xpath': "//a[@class='zh-login']"}
05/08/2021 12:26:51 AM - LoginPage - INFO: Element Found with locator: {'xpath': "//input[@id='login_id']"}
05/08/2021 12:26:51 AM - LoginPage - INFO: Sent data on element with locator: {'xpath': "//input[@id='login_id']"}
05/08/2021 12:26:51 AM - LoginPage - INFO: Element Found with locator: {'xpath': "//button[@id='nextbtn']//span[text()='Next']"}
05/08/2021 12:26:51 AM - LoginPage - INFO: Clicked on element with locator: {'xpath': "//button[@id='nextbtn']//span[text()='Next']"}
05/08/2021 12:26:51 AM - LoginPage - INFO: Element Found with locator: {'xpath': "//input[@id='password']"}
05/08/2021 12:26:54 AM - LoginPage - INFO: Cannot send data on the element with locator: {'xpath': "//input[@id='password']"}
05/08/2021 12:27:01 AM - LoginPage - INFO: Element not found with locator: {'xpath': "//button[@id='nextbtn']//span[text()='Sign in']"}
05/08/2021 12:27:01 AM - LoginPage - INFO: Cannot click on the element with locator: {'xpath': "//button[@id='nextbtn']//span[text()='Sign in']"}
05/08/2021 12:27:06 AM - LoginPage - INFO: Element Found with locator: {'xpath': "//div[@id='getusername']//div[@class='fielderror errorlabel']"}
05/08/2021 12:27:06 AM - TestStatus - ERROR: ### VERIFICATION FAILED :: + Error Message is Displayed
05/08/2021 12:27:06 AM - TestStatus - INFO: Screenshot save to directory: C:\Users\bisai\OneDrive - Kudelski Group\Desktop\Desktop\Study\4Selenium with Python(letskodeit)\WebTestFrameworkBDD\base\../screenshots/Error Message is Displayed.1620413826569.png
05/08/2021 12:27:06 AM - TestStatus - ERROR: userErrorMessage ### TEST FAILED
05/08/2021 12:27:07 AM - <module> - INFO: Browser Closed
05/08/2021 12:27:13 AM - <module> - INFO: Browser Opened
05/08/2021 12:27:13 AM - HomePage - INFO: Element Found with locator: {'xpath': "//a[@class='zh-login']"}
05/08/2021 12:27:14 AM - HomePage - INFO: Clicked on element with locator: {'xpath': "//a[@class='zh-login']"}
05/08/2021 12:27:14 AM - LoginPage - INFO: Element Found with locator: {'xpath': "//input[@id='login_id']"}
05/08/2021 12:27:14 AM - LoginPage - INFO: Sent data on element with locator: {'xpath': "//input[@id='login_id']"}
05/08/2021 12:27:14 AM - LoginPage - INFO: Element Found with locator: {'xpath': "//button[@id='nextbtn']//span[text()='Next']"}
05/08/2021 12:27:14 AM - LoginPage - INFO: Clicked on element with locator: {'xpath': "//button[@id='nextbtn']//span[text()='Next']"}
05/08/2021 12:27:14 AM - LoginPage - INFO: Element Found with locator: {'xpath': "//input[@id='password']"}
05/08/2021 12:27:14 AM - LoginPage - INFO: Sent data on element with locator: {'xpath': "//input[@id='password']"}
05/08/2021 12:27:18 AM - LoginPage - INFO: Element Found with locator: {'xpath': "//button[@id='nextbtn']//span[text()='Sign in']"}
05/08/2021 12:27:18 AM - LoginPage - INFO: Clicked on element with locator: {'xpath': "//button[@id='nextbtn']//span[text()='Sign in']"}
05/08/2021 12:27:25 AM - TestStatus - INFO: ### VERIFICATION SUCCESSFUL :: + ClientHomePage is displayed
05/08/2021 12:27:25 AM - TestStatus - INFO: userClientHomePage ### TEST SUCCESSFUL
05/08/2021 12:27:25 AM - <module> - INFO: Browser Closed
05/08/2021 02:12:20 AM - <module> - INFO: Browser Opened
05/08/2021 02:12:20 AM - HomePage - ERROR: Failed to get page title
05/08/2021 02:26:36 AM - <module> - INFO: Browser Opened
05/08/2021 02:26:40 AM - <module> - INFO: Browser Closed
05/08/2021 02:26:46 AM - <module> - INFO: Browser Opened
05/08/2021 02:26:50 AM - <module> - INFO: Browser Closed
05/08/2021 02:26:54 AM - <module> - INFO: Browser Opened
05/08/2021 02:26:54 AM - HomePage - INFO: Element Found with locator: {'xpath': "//a[@class='zh-login']"}
05/08/2021 02:26:56 AM - HomePage - INFO: Clicked on element with locator: {'xpath': "//a[@class='zh-login']"}
05/08/2021 02:26:56 AM - LoginPage - INFO: Element Found with locator: {'xpath': "//input[@id='login_id']"}
05/08/2021 02:26:56 AM - LoginPage - INFO: Sent data on element with locator: {'xpath': "//input[@id='login_id']"}
05/08/2021 02:26:56 AM - LoginPage - INFO: Element Found with locator: {'xpath': "//button[@id='nextbtn']//span[text()='Next']"}
05/08/2021 02:26:56 AM - LoginPage - INFO: Clicked on element with locator: {'xpath': "//button[@id='nextbtn']//span[text()='Next']"}
05/08/2021 02:26:56 AM - LoginPage - INFO: Element Found with locator: {'xpath': "//input[@id='password']"}
05/08/2021 02:26:56 AM - LoginPage - INFO: Sent data on element with locator: {'xpath': "//input[@id='password']"}
05/08/2021 02:27:00 AM - LoginPage - INFO: Element Found with locator: {'xpath': "//button[@id='nextbtn']//span[text()='Sign in']"}
05/08/2021 02:27:00 AM - LoginPage - INFO: Clicked on element with locator: {'xpath': "//button[@id='nextbtn']//span[text()='Sign in']"}
05/08/2021 02:27:05 AM - TestStatus - INFO: ### VERIFICATION SUCCESSFUL :: + ClientHomePage is displayed
05/08/2021 02:27:05 AM - TestStatus - INFO: userClientHomePage ### TEST SUCCESSFUL
05/08/2021 02:27:09 AM - <module> - INFO: Browser Closed
05/08/2021 02:27:17 AM - <module> - INFO: Browser Opened
05/08/2021 02:27:17 AM - HomePage - INFO: Element Found with locator: {'xpath': "//a[@class='zh-login']"}
05/08/2021 02:27:18 AM - HomePage - INFO: Clicked on element with locator: {'xpath': "//a[@class='zh-login']"}
05/08/2021 02:27:18 AM - LoginPage - INFO: Element Found with locator: {'xpath': "//input[@id='login_id']"}
05/08/2021 02:27:18 AM - LoginPage - INFO: Sent data on element with locator: {'xpath': "//input[@id='login_id']"}
05/08/2021 02:27:18 AM - LoginPage - INFO: Element Found with locator: {'xpath': "//button[@id='nextbtn']//span[text()='Next']"}
05/08/2021 02:27:19 AM - LoginPage - INFO: Clicked on element with locator: {'xpath': "//button[@id='nextbtn']//span[text()='Next']"}
05/08/2021 02:27:19 AM - LoginPage - INFO: Element Found with locator: {'xpath': "//input[@id='password']"}
05/08/2021 02:27:22 AM - LoginPage - INFO: Cannot send data on the element with locator: {'xpath': "//input[@id='password']"}
05/08/2021 02:27:29 AM - LoginPage - INFO: Element not found with locator: {'xpath': "//button[@id='nextbtn']//span[text()='Sign in']"}
05/08/2021 02:27:29 AM - LoginPage - INFO: Cannot click on the element with locator: {'xpath': "//button[@id='nextbtn']//span[text()='Sign in']"}
05/08/2021 02:27:34 AM - LoginPage - INFO: Element Found with locator: {'xpath': "//div[@id='getusername']//div[@class='fielderror errorlabel']"}
05/08/2021 02:27:34 AM - TestStatus - ERROR: ### VERIFICATION FAILED :: + Error Message is Displayed
05/08/2021 02:27:34 AM - TestStatus - INFO: Screenshot save to directory: C:\Users\bisai\OneDrive - Kudelski Group\Desktop\Desktop\Study\4Selenium with Python(letskodeit)\WebTestFrameworkBDD\base\../screenshots/Error Message is Displayed.1620421054204.png
05/08/2021 02:27:34 AM - TestStatus - ERROR: userErrorMessage ### TEST FAILED
05/08/2021 02:27:34 AM - <module> - INFO: Browser Closed
05/08/2021 02:27:38 AM - <module> - INFO: Browser Opened
05/08/2021 02:27:38 AM - HomePage - INFO: Element Found with locator: {'xpath': "//a[@class='zh-login']"}
05/08/2021 02:27:39 AM - HomePage - INFO: Clicked on element with locator: {'xpath': "//a[@class='zh-login']"}
05/08/2021 02:27:39 AM - LoginPage - INFO: Element Found with locator: {'xpath': "//input[@id='login_id']"}
05/08/2021 02:27:40 AM - LoginPage - INFO: Sent data on element with locator: {'xpath': "//input[@id='login_id']"}
05/08/2021 02:27:40 AM - LoginPage - INFO: Element Found with locator: {'xpath': "//button[@id='nextbtn']//span[text()='Next']"}
05/08/2021 02:27:40 AM - LoginPage - INFO: Clicked on element with locator: {'xpath': "//button[@id='nextbtn']//span[text()='Next']"}
05/08/2021 02:27:40 AM - LoginPage - INFO: Element Found with locator: {'xpath': "//input[@id='password']"}
05/08/2021 02:27:43 AM - LoginPage - INFO: Cannot send data on the element with locator: {'xpath': "//input[@id='password']"}
05/08/2021 02:27:50 AM - LoginPage - INFO: Element not found with locator: {'xpath': "//button[@id='nextbtn']//span[text()='Sign in']"}
05/08/2021 02:27:50 AM - LoginPage - INFO: Cannot click on the element with locator: {'xpath': "//button[@id='nextbtn']//span[text()='Sign in']"}
05/08/2021 02:27:55 AM - LoginPage - INFO: Element Found with locator: {'xpath': "//div[@id='getusername']//div[@class='fielderror errorlabel']"}
05/08/2021 02:27:55 AM - TestStatus - ERROR: ### VERIFICATION FAILED :: + Error Message is Displayed
05/08/2021 02:27:55 AM - TestStatus - INFO: Screenshot save to directory: C:\Users\bisai\OneDrive - Kudelski Group\Desktop\Desktop\Study\4Selenium with Python(letskodeit)\WebTestFrameworkBDD\base\../screenshots/Error Message is Displayed.1620421075295.png
05/08/2021 02:27:55 AM - TestStatus - ERROR: userErrorMessage ### TEST FAILED
05/08/2021 02:27:55 AM - <module> - INFO: Browser Closed
05/08/2021 02:27:59 AM - <module> - INFO: Browser Opened
05/08/2021 02:27:59 AM - HomePage - INFO: Element Found with locator: {'xpath': "//a[@class='zh-login']"}
05/08/2021 02:28:01 AM - HomePage - INFO: Clicked on element with locator: {'xpath': "//a[@class='zh-login']"}
05/08/2021 02:28:01 AM - LoginPage - INFO: Element Found with locator: {'xpath': "//input[@id='login_id']"}
05/08/2021 02:28:01 AM - LoginPage - INFO: Sent data on element with locator: {'xpath': "//input[@id='login_id']"}
05/08/2021 02:28:01 AM - LoginPage - INFO: Element Found with locator: {'xpath': "//button[@id='nextbtn']//span[text()='Next']"}
05/08/2021 02:28:01 AM - LoginPage - INFO: Clicked on element with locator: {'xpath': "//button[@id='nextbtn']//span[text()='Next']"}
05/08/2021 02:28:01 AM - LoginPage - INFO: Element Found with locator: {'xpath': "//input[@id='password']"}
05/08/2021 02:28:01 AM - LoginPage - INFO: Sent data on element with locator: {'xpath': "//input[@id='password']"}
05/08/2021 02:28:05 AM - LoginPage - INFO: Element Found with locator: {'xpath': "//button[@id='nextbtn']//span[text()='Sign in']"}
05/08/2021 02:28:05 AM - LoginPage - INFO: Clicked on element with locator: {'xpath': "//button[@id='nextbtn']//span[text()='Sign in']"}
05/08/2021 02:28:10 AM - TestStatus - INFO: ### VERIFICATION SUCCESSFUL :: + ClientHomePage is displayed
05/08/2021 02:28:10 AM - TestStatus - INFO: userClientHomePage ### TEST SUCCESSFUL
05/08/2021 02:28:14 AM - <module> - INFO: Browser Closed
05/08/2021 02:31:42 AM - <module> - INFO: Browser Opened
05/08/2021 02:31:43 AM - <module> - INFO: Browser Closed
05/08/2021 02:31:49 AM - <module> - INFO: Browser Opened
05/08/2021 02:31:54 AM - <module> - INFO: Browser Closed
05/08/2021 02:33:27 AM - <module> - INFO: Browser Opened
05/08/2021 02:33:31 AM - <module> - INFO: Browser Closed
05/08/2021 02:33:37 AM - <module> - INFO: Browser Opened
05/08/2021 02:33:42 AM - <module> - INFO: Browser Closed
05/08/2021 02:33:45 AM - <module> - INFO: Browser Opened
05/08/2021 02:33:45 AM - HomePage - INFO: Element Found with locator: {'xpath': "//a[@class='zh-login']"}
05/08/2021 02:33:47 AM - HomePage - INFO: Clicked on element with locator: {'xpath': "//a[@class='zh-login']"}
05/08/2021 02:33:47 AM - LoginPage - INFO: Element Found with locator: {'xpath': "//input[@id='login_id']"}
05/08/2021 02:33:47 AM - LoginPage - INFO: Sent data on element with locator: {'xpath': "//input[@id='login_id']"}
05/08/2021 02:33:47 AM - LoginPage - INFO: Element Found with locator: {'xpath': "//button[@id='nextbtn']//span[text()='Next']"}
05/08/2021 02:33:47 AM - LoginPage - INFO: Clicked on element with locator: {'xpath': "//button[@id='nextbtn']//span[text()='Next']"}
05/08/2021 02:33:47 AM - LoginPage - INFO: Element Found with locator: {'xpath': "//input[@id='password']"}
05/08/2021 02:33:47 AM - LoginPage - INFO: Sent data on element with locator: {'xpath': "//input[@id='password']"}
05/08/2021 02:33:51 AM - LoginPage - INFO: Element Found with locator: {'xpath': "//button[@id='nextbtn']//span[text()='Sign in']"}
05/08/2021 02:33:51 AM - LoginPage - INFO: Clicked on element with locator: {'xpath': "//button[@id='nextbtn']//span[text()='Sign in']"}
05/08/2021 02:33:57 AM - TestStatus - INFO: ### VERIFICATION SUCCESSFUL :: + ClientHomePage is displayed
05/08/2021 02:33:57 AM - TestStatus - INFO: userClientHomePage ### TEST SUCCESSFUL
05/08/2021 02:33:57 AM - <module> - INFO: Browser Closed
05/08/2021 02:34:05 AM - <module> - INFO: Browser Opened
05/08/2021 02:34:05 AM - HomePage - INFO: Element Found with locator: {'xpath': "//a[@class='zh-login']"}
05/08/2021 02:34:06 AM - HomePage - INFO: Clicked on element with locator: {'xpath': "//a[@class='zh-login']"}
05/08/2021 02:34:06 AM - LoginPage - INFO: Element Found with locator: {'xpath': "//input[@id='login_id']"}
05/08/2021 02:34:06 AM - LoginPage - INFO: Sent data on element with locator: {'xpath': "//input[@id='login_id']"}
05/08/2021 02:34:06 AM - LoginPage - INFO: Element Found with locator: {'xpath': "//button[@id='nextbtn']//span[text()='Next']"}
05/08/2021 02:34:06 AM - LoginPage - INFO: Clicked on element with locator: {'xpath': "//button[@id='nextbtn']//span[text()='Next']"}
05/08/2021 02:34:06 AM - LoginPage - INFO: Element Found with locator: {'xpath': "//input[@id='password']"}
05/08/2021 02:34:09 AM - LoginPage - INFO: Cannot send data on the element with locator: {'xpath': "//input[@id='password']"}
05/08/2021 02:34:16 AM - LoginPage - INFO: Element not found with locator: {'xpath': "//button[@id='nextbtn']//span[text()='Sign in']"}
05/08/2021 02:34:16 AM - LoginPage - INFO: Cannot click on the element with locator: {'xpath': "//button[@id='nextbtn']//span[text()='Sign in']"}
05/08/2021 02:34:21 AM - LoginPage - INFO: Element Found with locator: {'xpath': "//div[@id='getusername']//div[@class='fielderror errorlabel']"}
05/08/2021 02:34:21 AM - TestStatus - ERROR: ### VERIFICATION FAILED :: + Error Message is Displayed
05/08/2021 02:34:21 AM - TestStatus - INFO: Screenshot save to directory: C:\Users\bisai\OneDrive - Kudelski Group\Desktop\Desktop\Study\4Selenium with Python(letskodeit)\WebTestFrameworkBDD\base\../screenshots/Error Message is Displayed.1620421461701.png
05/08/2021 02:34:21 AM - TestStatus - ERROR: userErrorMessage ### TEST FAILED
05/08/2021 02:34:22 AM - <module> - INFO: Browser Closed
05/08/2021 02:34:26 AM - <module> - INFO: Browser Opened
05/08/2021 02:34:26 AM - HomePage - INFO: Element Found with locator: {'xpath': "//a[@class='zh-login']"}
05/08/2021 02:34:28 AM - HomePage - INFO: Clicked on element with locator: {'xpath': "//a[@class='zh-login']"}
05/08/2021 02:34:28 AM - LoginPage - INFO: Element Found with locator: {'xpath': "//input[@id='login_id']"}
05/08/2021 02:34:28 AM - LoginPage - INFO: Sent data on element with locator: {'xpath': "//input[@id='login_id']"}
05/08/2021 02:34:28 AM - LoginPage - INFO: Element Found with locator: {'xpath': "//button[@id='nextbtn']//span[text()='Next']"}
05/08/2021 02:34:28 AM - LoginPage - INFO: Clicked on element with locator: {'xpath': "//button[@id='nextbtn']//span[text()='Next']"}
05/08/2021 02:34:28 AM - LoginPage - INFO: Element Found with locator: {'xpath': "//input[@id='password']"}
05/08/2021 02:34:31 AM - LoginPage - INFO: Cannot send data on the element with locator: {'xpath': "//input[@id='password']"}
05/08/2021 02:34:38 AM - LoginPage - INFO: Element not found with locator: {'xpath': "//button[@id='nextbtn']//span[text()='Sign in']"}
05/08/2021 02:34:38 AM - LoginPage - INFO: Cannot click on the element with locator: {'xpath': "//button[@id='nextbtn']//span[text()='Sign in']"}
05/08/2021 02:34:43 AM - LoginPage - INFO: Element Found with locator: {'xpath': "//div[@id='getusername']//div[@class='fielderror errorlabel']"}
05/08/2021 02:34:43 AM - TestStatus - ERROR: ### VERIFICATION FAILED :: + Error Message is Displayed
05/08/2021 02:34:43 AM - TestStatus - INFO: Screenshot save to directory: C:\Users\bisai\OneDrive - Kudelski Group\Desktop\Desktop\Study\4Selenium with Python(letskodeit)\WebTestFrameworkBDD\base\../screenshots/Error Message is Displayed.1620421483307.png
05/08/2021 02:34:43 AM - TestStatus - ERROR: userErrorMessage ### TEST FAILED
05/08/2021 02:34:43 AM - <module> - INFO: Browser Closed
05/08/2021 02:34:47 AM - <module> - INFO: Browser Opened
05/08/2021 02:34:47 AM - HomePage - INFO: Element Found with locator: {'xpath': "//a[@class='zh-login']"}
05/08/2021 02:34:49 AM - HomePage - INFO: Clicked on element with locator: {'xpath': "//a[@class='zh-login']"}
05/08/2021 02:34:49 AM - LoginPage - INFO: Element Found with locator: {'xpath': "//input[@id='login_id']"}
05/08/2021 02:34:49 AM - LoginPage - INFO: Sent data on element with locator: {'xpath': "//input[@id='login_id']"}
05/08/2021 02:34:49 AM - LoginPage - INFO: Element Found with locator: {'xpath': "//button[@id='nextbtn']//span[text()='Next']"}
05/08/2021 02:34:49 AM - LoginPage - INFO: Clicked on element with locator: {'xpath': "//button[@id='nextbtn']//span[text()='Next']"}
05/08/2021 02:34:49 AM - LoginPage - INFO: Element Found with locator: {'xpath': "//input[@id='password']"}
05/08/2021 02:34:49 AM - LoginPage - INFO: Sent data on element with locator: {'xpath': "//input[@id='password']"}
05/08/2021 02:34:53 AM - LoginPage - INFO: Element Found with locator: {'xpath': "//button[@id='nextbtn']//span[text()='Sign in']"}
05/08/2021 02:34:53 AM - LoginPage - INFO: Clicked on element with locator: {'xpath': "//button[@id='nextbtn']//span[text()='Sign in']"}
05/08/2021 02:34:58 AM - TestStatus - INFO: ### VERIFICATION SUCCESSFUL :: + ClientHomePage is displayed
05/08/2021 02:34:58 AM - TestStatus - INFO: userClientHomePage ### TEST SUCCESSFUL
05/08/2021 02:34:58 AM - <module> - INFO: Browser Closed
05/08/2021 02:46:46 AM - <module> - INFO: Browser Opened
05/08/2021 02:46:50 AM - <module> - INFO: Browser Closed
05/08/2021 02:46:56 AM - <module> - INFO: Browser Opened
05/08/2021 02:47:00 AM - <module> - INFO: Browser Closed
05/08/2021 02:47:05 AM - <module> - INFO: Browser Opened
05/08/2021 02:47:05 AM - HomePage - INFO: Element Found with locator: {'xpath': "//a[@class='zh-login']"}
05/08/2021 02:47:06 AM - HomePage - INFO: Clicked on element with locator: {'xpath': "//a[@class='zh-login']"}
05/08/2021 02:47:06 AM - LoginPage - INFO: Element Found with locator: {'xpath': "//input[@id='login_id']"}
05/08/2021 02:47:06 AM - LoginPage - INFO: Sent data on element with locator: {'xpath': "//input[@id='login_id']"}
05/08/2021 02:47:06 AM - LoginPage - INFO: Element Found with locator: {'xpath': "//button[@id='nextbtn']//span[text()='Next']"}
05/08/2021 02:47:06 AM - LoginPage - INFO: Clicked on element with locator: {'xpath': "//button[@id='nextbtn']//span[text()='Next']"}
05/08/2021 02:47:06 AM - LoginPage - INFO: Element Found with locator: {'xpath': "//input[@id='password']"}
05/08/2021 02:47:07 AM - LoginPage - INFO: Sent data on element with locator: {'xpath': "//input[@id='password']"}
05/08/2021 02:47:11 AM - LoginPage - INFO: Element Found with locator: {'xpath': "//button[@id='nextbtn']//span[text()='Sign in']"}
05/08/2021 02:47:11 AM - LoginPage - INFO: Clicked on element with locator: {'xpath': "//button[@id='nextbtn']//span[text()='Sign in']"}
05/08/2021 02:47:16 AM - TestStatus - INFO: ### VERIFICATION SUCCESSFUL :: + ClientHomePage is displayed
05/08/2021 02:47:16 AM - TestStatus - INFO: userClientHomePage ### TEST SUCCESSFUL
05/08/2021 02:47:16 AM - <module> - INFO: Browser Closed
05/08/2021 02:47:24 AM - <module> - INFO: Browser Opened
05/08/2021 02:47:24 AM - HomePage - INFO: Element Found with locator: {'xpath': "//a[@class='zh-login']"}
05/08/2021 02:47:25 AM - HomePage - INFO: Clicked on element with locator: {'xpath': "//a[@class='zh-login']"}
05/08/2021 02:47:25 AM - LoginPage - INFO: Element Found with locator: {'xpath': "//input[@id='login_id']"}
05/08/2021 02:47:25 AM - LoginPage - INFO: Sent data on element with locator: {'xpath': "//input[@id='login_id']"}
05/08/2021 02:47:25 AM - LoginPage - INFO: Element Found with locator: {'xpath': "//button[@id='nextbtn']//span[text()='Next']"}
05/08/2021 02:47:25 AM - LoginPage - INFO: Clicked on element with locator: {'xpath': "//button[@id='nextbtn']//span[text()='Next']"}
05/08/2021 02:47:25 AM - LoginPage - INFO: Element Found with locator: {'xpath': "//input[@id='password']"}
05/08/2021 02:47:28 AM - LoginPage - INFO: Cannot send data on the element with locator: {'xpath': "//input[@id='password']"}
05/08/2021 02:47:36 AM - LoginPage - INFO: Element not found with locator: {'xpath': "//button[@id='nextbtn']//span[text()='Sign in']"}
05/08/2021 02:47:36 AM - LoginPage - INFO: Cannot click on the element with locator: {'xpath': "//button[@id='nextbtn']//span[text()='Sign in']"}
05/08/2021 02:47:41 AM - LoginPage - INFO: Element Found with locator: {'xpath': "//div[@id='getusername']//div[@class='fielderror errorlabel']"}
05/08/2021 02:47:41 AM - TestStatus - ERROR: ### VERIFICATION FAILED :: + Error Message is Displayed
05/08/2021 02:47:41 AM - TestStatus - INFO: Screenshot save to directory: C:\Users\bisai\OneDrive - Kudelski Group\Desktop\Desktop\Study\4Selenium with Python(letskodeit)\WebTestFrameworkBDD\base\../screenshots/Error Message is Displayed.1620422261052.png
05/08/2021 02:47:41 AM - TestStatus - ERROR: userErrorMessage ### TEST FAILED
05/08/2021 02:47:41 AM - <module> - INFO: Browser Closed
05/08/2021 02:47:45 AM - <module> - INFO: Browser Opened
05/08/2021 02:47:45 AM - HomePage - INFO: Element Found with locator: {'xpath': "//a[@class='zh-login']"}
05/08/2021 02:47:46 AM - HomePage - INFO: Clicked on element with locator: {'xpath': "//a[@class='zh-login']"}
05/08/2021 02:47:46 AM - LoginPage - INFO: Element Found with locator: {'xpath': "//input[@id='login_id']"}
05/08/2021 02:47:46 AM - LoginPage - INFO: Sent data on element with locator: {'xpath': "//input[@id='login_id']"}
05/08/2021 02:47:46 AM - LoginPage - INFO: Element Found with locator: {'xpath': "//button[@id='nextbtn']//span[text()='Next']"}
05/08/2021 02:47:46 AM - LoginPage - INFO: Clicked on element with locator: {'xpath': "//button[@id='nextbtn']//span[text()='Next']"}
05/08/2021 02:47:46 AM - LoginPage - INFO: Element Found with locator: {'xpath': "//input[@id='password']"}
05/08/2021 02:47:49 AM - LoginPage - INFO: Cannot send data on the element with locator: {'xpath': "//input[@id='password']"}
05/08/2021 02:47:56 AM - LoginPage - INFO: Element not found with locator: {'xpath': "//button[@id='nextbtn']//span[text()='Sign in']"}
05/08/2021 02:47:56 AM - LoginPage - INFO: Cannot click on the element with locator: {'xpath': "//button[@id='nextbtn']//span[text()='Sign in']"}
05/08/2021 02:48:01 AM - LoginPage - INFO: Element Found with locator: {'xpath': "//div[@id='getusername']//div[@class='fielderror errorlabel']"}
05/08/2021 02:48:01 AM - TestStatus - ERROR: ### VERIFICATION FAILED :: + Error Message is Displayed
05/08/2021 02:48:01 AM - TestStatus - INFO: Screenshot save to directory: C:\Users\bisai\OneDrive - Kudelski Group\Desktop\Desktop\Study\4Selenium with Python(letskodeit)\WebTestFrameworkBDD\base\../screenshots/Error Message is Displayed.1620422281759.png
05/08/2021 02:48:01 AM - TestStatus - ERROR: userErrorMessage ### TEST FAILED
05/08/2021 02:48:02 AM - <module> - INFO: Browser Closed
05/08/2021 02:48:06 AM - <module> - INFO: Browser Opened
05/08/2021 02:48:06 AM - HomePage - INFO: Element Found with locator: {'xpath': "//a[@class='zh-login']"}
05/08/2021 02:48:07 AM - HomePage - INFO: Clicked on element with locator: {'xpath': "//a[@class='zh-login']"}
05/08/2021 02:48:07 AM - LoginPage - INFO: Element Found with locator: {'xpath': "//input[@id='login_id']"}
05/08/2021 02:48:07 AM - LoginPage - INFO: Sent data on element with locator: {'xpath': "//input[@id='login_id']"}
05/08/2021 02:48:07 AM - LoginPage - INFO: Element Found with locator: {'xpath': "//button[@id='nextbtn']//span[text()='Next']"}
05/08/2021 02:48:07 AM - LoginPage - INFO: Clicked on element with locator: {'xpath': "//button[@id='nextbtn']//span[text()='Next']"}
05/08/2021 02:48:07 AM - LoginPage - INFO: Element Found with locator: {'xpath': "//input[@id='password']"}
05/08/2021 02:48:07 AM - LoginPage - INFO: Sent data on element with locator: {'xpath': "//input[@id='password']"}
05/08/2021 02:48:11 AM - LoginPage - INFO: Element Found with locator: {'xpath': "//button[@id='nextbtn']//span[text()='Sign in']"}
05/08/2021 02:48:11 AM - LoginPage - INFO: Clicked on element with locator: {'xpath': "//button[@id='nextbtn']//span[text()='Sign in']"}
05/08/2021 02:48:19 AM - TestStatus - INFO: ### VERIFICATION SUCCESSFUL :: + ClientHomePage is displayed
05/08/2021 02:48:19 AM - TestStatus - INFO: userClientHomePage ### TEST SUCCESSFUL
05/08/2021 02:48:19 AM - <module> - INFO: Browser Closed
05/08/2021 02:53:16 AM - <module> - INFO: Browser Opened
05/08/2021 02:53:16 AM - HomePage - INFO: Element Found with locator: {'xpath': "//a[@class='zh-login']"}
05/08/2021 02:53:17 AM - HomePage - INFO: Clicked on element with locator: {'xpath': "//a[@class='zh-login']"}
05/08/2021 02:53:17 AM - LoginPage - INFO: Element Found with locator: {'xpath': "//input[@id='login_id']"}
05/08/2021 02:53:17 AM - LoginPage - INFO: Sent data on element with locator: {'xpath': "//input[@id='login_id']"}
05/08/2021 02:53:17 AM - LoginPage - INFO: Element Found with locator: {'xpath': "//button[@id='nextbtn']//span[text()='Next']"}
05/08/2021 02:53:18 AM - LoginPage - INFO: Clicked on element with locator: {'xpath': "//button[@id='nextbtn']//span[text()='Next']"}
05/08/2021 02:53:18 AM - LoginPage - INFO: Element Found with locator: {'xpath': "//input[@id='password']"}
05/08/2021 02:53:18 AM - LoginPage - INFO: Sent data on element with locator: {'xpath': "//input[@id='password']"}
05/08/2021 02:53:22 AM - LoginPage - INFO: Element Found with locator: {'xpath': "//button[@id='nextbtn']//span[text()='Sign in']"}
05/08/2021 02:53:22 AM - LoginPage - INFO: Clicked on element with locator: {'xpath': "//button[@id='nextbtn']//span[text()='Sign in']"}
05/08/2021 02:54:22 AM - <module> - INFO: Browser Opened
05/08/2021 02:54:22 AM - HomePage - INFO: Element Found with locator: {'xpath': "//a[@class='zh-login']"}
05/08/2021 02:54:23 AM - HomePage - INFO: Clicked on element with locator: {'xpath': "//a[@class='zh-login']"}
05/08/2021 02:54:23 AM - LoginPage - INFO: Element Found with locator: {'xpath': "//input[@id='login_id']"}
05/08/2021 02:54:23 AM - LoginPage - INFO: Sent data on element with locator: {'xpath': "//input[@id='login_id']"}
05/08/2021 02:54:23 AM - LoginPage - INFO: Element Found with locator: {'xpath': "//button[@id='nextbtn']//span[text()='Next']"}
05/08/2021 02:54:23 AM - LoginPage - INFO: Clicked on element with locator: {'xpath': "//button[@id='nextbtn']//span[text()='Next']"}
05/08/2021 02:54:23 AM - LoginPage - INFO: Element Found with locator: {'xpath': "//input[@id='password']"}
05/08/2021 02:54:26 AM - LoginPage - INFO: Cannot send data on the element with locator: {'xpath': "//input[@id='password']"}
05/08/2021 02:54:33 AM - LoginPage - INFO: Element not found with locator: {'xpath': "//button[@id='nextbtn']//span[text()='Sign in']"}
05/08/2021 02:54:33 AM - LoginPage - INFO: Cannot click on the element with locator: {'xpath': "//button[@id='nextbtn']//span[text()='Sign in']"}
05/08/2021 02:54:38 AM - LoginPage - INFO: Element Found with locator: {'xpath': "//div[@id='getusername']//div[@class='fielderror errorlabel']"}
05/08/2021 02:54:38 AM - TestStatus - ERROR: ### VERIFICATION FAILED :: + Error Message is Displayed
05/08/2021 02:54:38 AM - TestStatus - INFO: Screenshot save to directory: C:\Users\bisai\OneDrive - Kudelski Group\Desktop\Desktop\Study\4Selenium with Python(letskodeit)\WebTestFrameworkBDD\base\../screenshots/Error Message is Displayed.1620422678437.png
05/08/2021 02:54:38 AM - TestStatus - ERROR: userErrorMessage ### TEST FAILED
05/08/2021 02:54:38 AM - <module> - INFO: Browser Closed
05/08/2021 02:54:43 AM - <module> - INFO: Browser Opened
05/08/2021 02:54:43 AM - HomePage - INFO: Element Found with locator: {'xpath': "//a[@class='zh-login']"}
05/08/2021 02:54:44 AM - HomePage - INFO: Clicked on element with locator: {'xpath': "//a[@class='zh-login']"}
05/08/2021 02:54:44 AM - LoginPage - INFO: Element Found with locator: {'xpath': "//input[@id='login_id']"}
05/08/2021 02:54:44 AM - LoginPage - INFO: Sent data on element with locator: {'xpath': "//input[@id='login_id']"}
05/08/2021 02:54:44 AM - LoginPage - INFO: Element Found with locator: {'xpath': "//button[@id='nextbtn']//span[text()='Next']"}
05/08/2021 02:54:44 AM - LoginPage - INFO: Clicked on element with locator: {'xpath': "//button[@id='nextbtn']//span[text()='Next']"}
05/08/2021 02:54:44 AM - LoginPage - INFO: Element Found with locator: {'xpath': "//input[@id='password']"}
05/08/2021 02:54:47 AM - LoginPage - INFO: Cannot send data on the element with locator: {'xpath': "//input[@id='password']"}
05/08/2021 02:54:55 AM - LoginPage - INFO: Element not found with locator: {'xpath': "//button[@id='nextbtn']//span[text()='Sign in']"}
05/08/2021 02:54:55 AM - LoginPage - INFO: Cannot click on the element with locator: {'xpath': "//button[@id='nextbtn']//span[text()='Sign in']"}
05/08/2021 02:55:00 AM - LoginPage - INFO: Element Found with locator: {'xpath': "//div[@id='getusername']//div[@class='fielderror errorlabel']"}
05/08/2021 02:55:00 AM - TestStatus - ERROR: ### VERIFICATION FAILED :: + Error Message is Displayed
05/08/2021 02:55:00 AM - TestStatus - INFO: Screenshot save to directory: C:\Users\bisai\OneDrive - Kudelski Group\Desktop\Desktop\Study\4Selenium with Python(letskodeit)\WebTestFrameworkBDD\base\../screenshots/Error Message is Displayed.1620422700094.png
05/08/2021 02:55:00 AM - TestStatus - ERROR: userErrorMessage ### TEST FAILED
05/08/2021 02:55:00 AM - <module> - INFO: Browser Closed
05/08/2021 02:57:20 AM - <module> - INFO: Browser Opened
05/08/2021 02:57:20 AM - HomePage - INFO: Element Found with locator: {'xpath': "//a[@class='zh-login']"}
05/08/2021 02:57:21 AM - HomePage - INFO: Clicked on element with locator: {'xpath': "//a[@class='zh-login']"}
05/08/2021 02:57:21 AM - LoginPage - INFO: Element Found with locator: {'xpath': "//input[@id='login_id']"}
05/08/2021 02:57:21 AM - LoginPage - INFO: Sent data on element with locator: {'xpath': "//input[@id='login_id']"}
05/08/2021 02:57:21 AM - LoginPage - INFO: Element Found with locator: {'xpath': "//button[@id='nextbtn']//span[text()='Next']"}
05/08/2021 02:57:21 AM - LoginPage - INFO: Clicked on element with locator: {'xpath': "//button[@id='nextbtn']//span[text()='Next']"}
05/08/2021 02:57:21 AM - LoginPage - INFO: Element Found with locator: {'xpath': "//input[@id='password']"}
05/08/2021 02:57:22 AM - LoginPage - INFO: Sent data on element with locator: {'xpath': "//input[@id='password']"}
05/08/2021 02:57:26 AM - LoginPage - INFO: Element Found with locator: {'xpath': "//button[@id='nextbtn']//span[text()='Sign in']"}
05/08/2021 02:57:26 AM - LoginPage - INFO: Clicked on element with locator: {'xpath': "//button[@id='nextbtn']//span[text()='Sign in']"}
05/08/2021 02:57:31 AM - TestStatus - ERROR: ### VERIFICATION FAILED :: + ClientHomePage is displayed
05/08/2021 02:57:31 AM - TestStatus - INFO: Screenshot save to directory: C:\Users\bisai\OneDrive - Kudelski Group\Desktop\Desktop\Study\4Selenium with Python(letskodeit)\WebTestFrameworkBDD\base\../screenshots/ClientHomePage is displayed.1620422851094.png
05/08/2021 02:57:31 AM - TestStatus - ERROR: userClientHomePage ### TEST FAILED
05/08/2021 02:57:31 AM - <module> - INFO: Browser Closed
05/08/2021 02:57:35 AM - <module> - INFO: Browser Opened
05/08/2021 02:57:35 AM - HomePage - INFO: Element Found with locator: {'xpath': "//a[@class='zh-login']"}
05/08/2021 02:57:36 AM - HomePage - INFO: Clicked on element with locator: {'xpath': "//a[@class='zh-login']"}
05/08/2021 02:57:36 AM - LoginPage - INFO: Element Found with locator: {'xpath': "//input[@id='login_id']"}
05/08/2021 02:57:37 AM - LoginPage - INFO: Sent data on element with locator: {'xpath': "//input[@id='login_id']"}
05/08/2021 02:57:37 AM - LoginPage - INFO: Element Found with locator: {'xpath': "//button[@id='nextbtn']//span[text()='Next']"}
05/08/2021 02:57:37 AM - LoginPage - INFO: Clicked on element with locator: {'xpath': "//button[@id='nextbtn']//span[text()='Next']"}
05/08/2021 02:57:37 AM - LoginPage - INFO: Element Found with locator: {'xpath': "//input[@id='password']"}
05/08/2021 02:57:40 AM - LoginPage - INFO: Cannot send data on the element with locator: {'xpath': "//input[@id='password']"}
05/08/2021 02:57:47 AM - LoginPage - INFO: Element not found with locator: {'xpath': "//button[@id='nextbtn']//span[text()='Sign in']"}
05/08/2021 02:57:47 AM - LoginPage - INFO: Cannot click on the element with locator: {'xpath': "//button[@id='nextbtn']//span[text()='Sign in']"}
05/08/2021 02:57:52 AM - LoginPage - INFO: Element Found with locator: {'xpath': "//div[@id='getusername']//div[@class='fielderror errorlabel']"}
05/08/2021 02:57:52 AM - TestStatus - ERROR: ### VERIFICATION FAILED :: + Error Message is Displayed
05/08/2021 02:57:52 AM - TestStatus - INFO: Screenshot save to directory: C:\Users\bisai\OneDrive - Kudelski Group\Desktop\Desktop\Study\4Selenium with Python(letskodeit)\WebTestFrameworkBDD\base\../screenshots/Error Message is Displayed.1620422872320.png
05/08/2021 02:57:52 AM - TestStatus - ERROR: userErrorMessage ### TEST FAILED
05/08/2021 02:57:52 AM - <module> - INFO: Browser Closed
05/08/2021 02:57:57 AM - <module> - INFO: Browser Opened
05/08/2021 02:57:57 AM - HomePage - INFO: Element Found with locator: {'xpath': "//a[@class='zh-login']"}
05/08/2021 02:57:58 AM - HomePage - INFO: Clicked on element with locator: {'xpath': "//a[@class='zh-login']"}
05/08/2021 02:57:58 AM - LoginPage - INFO: Element Found with locator: {'xpath': "//input[@id='login_id']"}
05/08/2021 02:57:58 AM - LoginPage - INFO: Sent data on element with locator: {'xpath': "//input[@id='login_id']"}
05/08/2021 02:57:58 AM - LoginPage - INFO: Element Found with locator: {'xpath': "//button[@id='nextbtn']//span[text()='Next']"}
05/08/2021 02:57:58 AM - LoginPage - INFO: Clicked on element with locator: {'xpath': "//button[@id='nextbtn']//span[text()='Next']"}
05/08/2021 02:57:58 AM - LoginPage - INFO: Element Found with locator: {'xpath': "//input[@id='password']"}
05/08/2021 02:58:01 AM - LoginPage - INFO: Cannot send data on the element with locator: {'xpath': "//input[@id='password']"}
05/08/2021 02:58:08 AM - LoginPage - INFO: Element not found with locator: {'xpath': "//button[@id='nextbtn']//span[text()='Sign in']"}
05/08/2021 02:58:08 AM - LoginPage - INFO: Cannot click on the element with locator: {'xpath': "//button[@id='nextbtn']//span[text()='Sign in']"}
05/08/2021 02:58:13 AM - LoginPage - INFO: Element Found with locator: {'xpath': "//div[@id='getusername']//div[@class='fielderror errorlabel']"}
05/08/2021 02:58:13 AM - TestStatus - ERROR: ### VERIFICATION FAILED :: + Error Message is Displayed
05/08/2021 02:58:13 AM - TestStatus - INFO: Screenshot save to directory: C:\Users\bisai\OneDrive - Kudelski Group\Desktop\Desktop\Study\4Selenium with Python(letskodeit)\WebTestFrameworkBDD\base\../screenshots/Error Message is Displayed.1620422893515.png
05/08/2021 02:58:13 AM - TestStatus - ERROR: userErrorMessage ### TEST FAILED
05/08/2021 02:58:13 AM - <module> - INFO: Browser Closed
05/08/2021 02:58:17 AM - <module> - INFO: Browser Opened
05/08/2021 02:58:17 AM - HomePage - INFO: Element Found with locator: {'xpath': "//a[@class='zh-login']"}
05/08/2021 02:58:19 AM - HomePage - INFO: Clicked on element with locator: {'xpath': "//a[@class='zh-login']"}
05/08/2021 02:58:19 AM - LoginPage - INFO: Element Found with locator: {'xpath': "//input[@id='login_id']"}
05/08/2021 02:58:19 AM - LoginPage - INFO: Sent data on element with locator: {'xpath': "//input[@id='login_id']"}
05/08/2021 02:58:19 AM - LoginPage - INFO: Element Found with locator: {'xpath': "//button[@id='nextbtn']//span[text()='Next']"}
05/08/2021 02:58:19 AM - LoginPage - INFO: Clicked on element with locator: {'xpath': "//button[@id='nextbtn']//span[text()='Next']"}
05/08/2021 02:58:19 AM - LoginPage - INFO: Element Found with locator: {'xpath': "//input[@id='password']"}
05/08/2021 02:58:19 AM - LoginPage - INFO: Sent data on element with locator: {'xpath': "//input[@id='password']"}
05/08/2021 02:58:23 AM - LoginPage - INFO: Element Found with locator: {'xpath': "//button[@id='nextbtn']//span[text()='Sign in']"}
05/08/2021 02:58:23 AM - LoginPage - INFO: Clicked on element with locator: {'xpath': "//button[@id='nextbtn']//span[text()='Sign in']"}
05/08/2021 02:59:07 AM - <module> - INFO: Browser Opened
05/08/2021 02:59:07 AM - HomePage - INFO: Element Found with locator: {'xpath': "//a[@class='zh-login']"}
05/08/2021 02:59:08 AM - HomePage - INFO: Clicked on element with locator: {'xpath': "//a[@class='zh-login']"}
05/08/2021 02:59:08 AM - LoginPage - INFO: Element Found with locator: {'xpath': "//input[@id='login_id']"}
05/08/2021 02:59:08 AM - LoginPage - INFO: Sent data on element with locator: {'xpath': "//input[@id='login_id']"}
05/08/2021 02:59:08 AM - LoginPage - INFO: Element Found with locator: {'xpath': "//button[@id='nextbtn']//span[text()='Next']"}
05/08/2021 02:59:08 AM - LoginPage - INFO: Clicked on element with locator: {'xpath': "//button[@id='nextbtn']//span[text()='Next']"}
05/08/2021 02:59:08 AM - LoginPage - INFO: Element Found with locator: {'xpath': "//input[@id='password']"}
05/08/2021 02:59:11 AM - LoginPage - INFO: Cannot send data on the element with locator: {'xpath': "//input[@id='password']"}
05/08/2021 02:59:18 AM - LoginPage - INFO: Element not found with locator: {'xpath': "//button[@id='nextbtn']//span[text()='Sign in']"}
05/08/2021 02:59:18 AM - LoginPage - INFO: Cannot click on the element with locator: {'xpath': "//button[@id='nextbtn']//span[text()='Sign in']"}
05/08/2021 02:59:23 AM - LoginPage - INFO: Element Found with locator: {'xpath': "//div[@id='getusername']//div[@class='fielderror errorlabel']"}
05/08/2021 02:59:23 AM - TestStatus - ERROR: ### VERIFICATION FAILED :: + Error Message is Displayed
05/08/2021 02:59:23 AM - TestStatus - INFO: Screenshot save to directory: C:\Users\bisai\OneDrive - Kudelski Group\Desktop\Desktop\Study\4Selenium with Python(letskodeit)\WebTestFrameworkBDD\base\../screenshots/Error Message is Displayed.1620422963863.png
05/08/2021 02:59:24 AM - TestStatus - ERROR: userErrorMessage ### TEST FAILED
05/08/2021 02:59:24 AM - <module> - INFO: Browser Closed
05/08/2021 02:59:28 AM - <module> - INFO: Browser Opened
05/08/2021 02:59:28 AM - HomePage - INFO: Element Found with locator: {'xpath': "//a[@class='zh-login']"}
05/08/2021 02:59:29 AM - HomePage - INFO: Clicked on element with locator: {'xpath': "//a[@class='zh-login']"}
05/08/2021 02:59:29 AM - LoginPage - INFO: Element Found with locator: {'xpath': "//input[@id='login_id']"}
05/08/2021 02:59:30 AM - LoginPage - INFO: Sent data on element with locator: {'xpath': "//input[@id='login_id']"}
05/08/2021 02:59:30 AM - LoginPage - INFO: Element Found with locator: {'xpath': "//button[@id='nextbtn']//span[text()='Next']"}
05/08/2021 02:59:30 AM - LoginPage - INFO: Clicked on element with locator: {'xpath': "//button[@id='nextbtn']//span[text()='Next']"}
05/08/2021 02:59:30 AM - LoginPage - INFO: Element Found with locator: {'xpath': "//input[@id='password']"}
05/08/2021 02:59:33 AM - LoginPage - INFO: Cannot send data on the element with locator: {'xpath': "//input[@id='password']"}
05/08/2021 02:59:40 AM - LoginPage - INFO: Element not found with locator: {'xpath': "//button[@id='nextbtn']//span[text()='Sign in']"}
05/08/2021 02:59:40 AM - LoginPage - INFO: Cannot click on the element with locator: {'xpath': "//button[@id='nextbtn']//span[text()='Sign in']"}
05/08/2021 02:59:45 AM - LoginPage - INFO: Element Found with locator: {'xpath': "//div[@id='getusername']//div[@class='fielderror errorlabel']"}
05/08/2021 02:59:45 AM - TestStatus - ERROR: ### VERIFICATION FAILED :: + Error Message is Displayed
05/08/2021 02:59:45 AM - TestStatus - INFO: Screenshot save to directory: C:\Users\bisai\OneDrive - Kudelski Group\Desktop\Desktop\Study\4Selenium with Python(letskodeit)\WebTestFrameworkBDD\base\../screenshots/Error Message is Displayed.1620422985207.png
05/08/2021 02:59:45 AM - TestStatus - ERROR: userErrorMessage ### TEST FAILED
05/08/2021 02:59:45 AM - <module> - INFO: Browser Closed
05/08/2021 03:00:29 AM - <module> - INFO: Browser Opened
05/08/2021 03:00:29 AM - HomePage - INFO: Element Found with locator: {'xpath': "//a[@class='zh-login']"}
05/08/2021 03:00:30 AM - HomePage - INFO: Clicked on element with locator: {'xpath': "//a[@class='zh-login']"}
05/08/2021 03:00:30 AM - LoginPage - INFO: Element Found with locator: {'xpath': "//input[@id='login_id']"}
05/08/2021 03:00:30 AM - LoginPage - INFO: Sent data on element with locator: {'xpath': "//input[@id='login_id']"}
05/08/2021 03:00:30 AM - LoginPage - INFO: Element Found with locator: {'xpath': "//button[@id='nextbtn']//span[text()='Next']"}
05/08/2021 03:00:30 AM - LoginPage - INFO: Clicked on element with locator: {'xpath': "//button[@id='nextbtn']//span[text()='Next']"}
05/08/2021 03:00:31 AM - LoginPage - INFO: Element Found with locator: {'xpath': "//input[@id='password']"}
05/08/2021 03:00:34 AM - LoginPage - INFO: Cannot send data on the element with locator: {'xpath': "//input[@id='password']"}
05/08/2021 03:00:41 AM - LoginPage - INFO: Element not found with locator: {'xpath': "//button[@id='nextbtn']//span[text()='Sign in']"}
05/08/2021 03:00:41 AM - LoginPage - INFO: Cannot click on the element with locator: {'xpath': "//button[@id='nextbtn']//span[text()='Sign in']"}
05/08/2021 03:00:46 AM - LoginPage - INFO: Element Found with locator: {'xpath': "//div[@id='getusername']//div[@class='fielderror errorlabel']"}
05/08/2021 03:00:46 AM - TestStatus - ERROR: ### VERIFICATION FAILED :: + Error Message is Displayed
05/08/2021 03:00:46 AM - TestStatus - INFO: Screenshot save to directory: C:\Users\bisai\OneDrive - Kudelski Group\Desktop\Desktop\Study\4Selenium with Python(letskodeit)\WebTestFrameworkBDD\base\../screenshots/Error Message is Displayed.1620423046124.png
05/08/2021 03:00:46 AM - TestStatus - ERROR: userErrorMessage ### TEST FAILED
05/08/2021 03:00:46 AM - <module> - INFO: Browser Closed
05/08/2021 03:00:50 AM - <module> - INFO: Browser Opened
05/08/2021 03:00:50 AM - HomePage - INFO: Element Found with locator: {'xpath': "//a[@class='zh-login']"}
05/08/2021 03:00:51 AM - HomePage - INFO: Clicked on element with locator: {'xpath': "//a[@class='zh-login']"}
05/08/2021 03:00:51 AM - LoginPage - INFO: Element Found with locator: {'xpath': "//input[@id='login_id']"}
05/08/2021 03:00:51 AM - LoginPage - INFO: Sent data on element with locator: {'xpath': "//input[@id='login_id']"}
05/08/2021 03:00:51 AM - LoginPage - INFO: Element Found with locator: {'xpath': "//button[@id='nextbtn']//span[text()='Next']"}
05/08/2021 03:00:51 AM - LoginPage - INFO: Clicked on element with locator: {'xpath': "//button[@id='nextbtn']//span[text()='Next']"}
05/08/2021 03:00:51 AM - LoginPage - INFO: Element Found with locator: {'xpath': "//input[@id='password']"}
05/08/2021 03:00:54 AM - LoginPage - INFO: Cannot send data on the element with locator: {'xpath': "//input[@id='password']"}
05/08/2021 03:01:02 AM - LoginPage - INFO: Element not found with locator: {'xpath': "//button[@id='nextbtn']//span[text()='Sign in']"}
05/08/2021 03:01:02 AM - LoginPage - INFO: Cannot click on the element with locator: {'xpath': "//button[@id='nextbtn']//span[text()='Sign in']"}
05/08/2021 03:01:07 AM - LoginPage - INFO: Element Found with locator: {'xpath': "//div[@id='getusername']//div[@class='fielderror errorlabel']"}
05/08/2021 03:01:07 AM - TestStatus - ERROR: ### VERIFICATION FAILED :: + Error Message is Displayed
05/08/2021 03:01:07 AM - TestStatus - INFO: Screenshot save to directory: C:\Users\bisai\OneDrive - Kudelski Group\Desktop\Desktop\Study\4Selenium with Python(letskodeit)\WebTestFrameworkBDD\base\../screenshots/Error Message is Displayed.1620423067039.png
05/08/2021 03:01:07 AM - TestStatus - ERROR: userErrorMessage ### TEST FAILED
05/08/2021 03:01:07 AM - <module> - INFO: Browser Closed
05/08/2021 03:02:29 AM - <module> - INFO: Browser Opened
05/08/2021 03:02:29 AM - HomePage - INFO: Element Found with locator: {'xpath': "//a[@class='zh-login']"}
05/08/2021 03:02:30 AM - HomePage - INFO: Clicked on element with locator: {'xpath': "//a[@class='zh-login']"}
05/08/2021 03:02:30 AM - LoginPage - INFO: Element Found with locator: {'xpath': "//input[@id='login_id']"}
05/08/2021 03:02:30 AM - LoginPage - INFO: Sent data on element with locator: {'xpath': "//input[@id='login_id']"}
05/08/2021 03:02:30 AM - LoginPage - INFO: Element Found with locator: {'xpath': "//button[@id='nextbtn']//span[text()='Next']"}
05/08/2021 03:02:30 AM - LoginPage - INFO: Clicked on element with locator: {'xpath': "//button[@id='nextbtn']//span[text()='Next']"}
05/08/2021 03:02:30 AM - LoginPage - INFO: Element Found with locator: {'xpath': "//input[@id='password']"}
05/08/2021 03:02:34 AM - LoginPage - INFO: Cannot send data on the element with locator: {'xpath': "//input[@id='password']"}
05/08/2021 03:02:41 AM - LoginPage - INFO: Element not found with locator: {'xpath': "//button[@id='nextbtn']//span[text()='Sign in']"}
05/08/2021 03:02:41 AM - LoginPage - INFO: Cannot click on the element with locator: {'xpath': "//button[@id='nextbtn']//span[text()='Sign in']"}
05/08/2021 03:02:46 AM - LoginPage - INFO: Element Found with locator: {'xpath': "//div[@id='getusername']//div[@class='fielderror errorlabel']"}
05/08/2021 03:02:46 AM - TestStatus - ERROR: ### VERIFICATION FAILED :: + Error Message is Displayed
05/08/2021 03:02:46 AM - TestStatus - INFO: Screenshot save to directory: C:\Users\bisai\OneDrive - Kudelski Group\Desktop\Desktop\Study\4Selenium with Python(letskodeit)\WebTestFrameworkBDD\base\../screenshots/Error Message is Displayed.1620423166090.png
05/08/2021 03:02:46 AM - TestStatus - ERROR: userErrorMessage ### TEST FAILED
05/08/2021 03:02:46 AM - <module> - INFO: Browser Closed
05/08/2021 03:02:50 AM - <module> - INFO: Browser Opened
05/08/2021 03:02:50 AM - HomePage - INFO: Element Found with locator: {'xpath': "//a[@class='zh-login']"}
05/08/2021 03:02:51 AM - HomePage - INFO: Clicked on element with locator: {'xpath': "//a[@class='zh-login']"}
05/08/2021 03:02:51 AM - LoginPage - INFO: Element Found with locator: {'xpath': "//input[@id='login_id']"}
05/08/2021 03:02:51 AM - LoginPage - INFO: Sent data on element with locator: {'xpath': "//input[@id='login_id']"}
05/08/2021 03:02:51 AM - LoginPage - INFO: Element Found with locator: {'xpath': "//button[@id='nextbtn']//span[text()='Next']"}
05/08/2021 03:02:51 AM - LoginPage - INFO: Clicked on element with locator: {'xpath': "//button[@id='nextbtn']//span[text()='Next']"}
05/08/2021 03:02:51 AM - LoginPage - INFO: Element Found with locator: {'xpath': "//input[@id='password']"}
05/08/2021 03:02:54 AM - LoginPage - INFO: Cannot send data on the element with locator: {'xpath': "//input[@id='password']"}
05/08/2021 03:03:01 AM - LoginPage - INFO: Element not found with locator: {'xpath': "//button[@id='nextbtn']//span[text()='Sign in']"}
05/08/2021 03:03:01 AM - LoginPage - INFO: Cannot click on the element with locator: {'xpath': "//button[@id='nextbtn']//span[text()='Sign in']"}
05/08/2021 03:03:06 AM - LoginPage - INFO: Element Found with locator: {'xpath': "//div[@id='getusername']//div[@class='fielderror errorlabel']"}
05/08/2021 03:03:06 AM - TestStatus - ERROR: ### VERIFICATION FAILED :: + Error Message is Displayed
05/08/2021 03:03:07 AM - TestStatus - INFO: Screenshot save to directory: C:\Users\bisai\OneDrive - Kudelski Group\Desktop\Desktop\Study\4Selenium with Python(letskodeit)\WebTestFrameworkBDD\base\../screenshots/Error Message is Displayed.1620423186910.png
05/08/2021 03:03:07 AM - TestStatus - ERROR: userErrorMessage ### TEST FAILED
05/08/2021 03:03:07 AM - <module> - INFO: Browser Closed
05/08/2021 03:04:57 AM - <module> - INFO: Browser Opened
05/08/2021 03:04:57 AM - HomePage - INFO: Element Found with locator: {'xpath': "//a[@class='zh-login']"}
05/08/2021 03:04:58 AM - HomePage - INFO: Clicked on element with locator: {'xpath': "//a[@class='zh-login']"}
05/08/2021 03:04:58 AM - LoginPage - INFO: Element Found with locator: {'xpath': "//input[@id='login_id']"}
05/08/2021 03:04:58 AM - LoginPage - INFO: Sent data on element with locator: {'xpath': "//input[@id='login_id']"}
05/08/2021 03:04:58 AM - LoginPage - INFO: Element Found with locator: {'xpath': "//button[@id='nextbtn']//span[text()='Next']"}
05/08/2021 03:04:58 AM - LoginPage - INFO: Clicked on element with locator: {'xpath': "//button[@id='nextbtn']//span[text()='Next']"}
05/08/2021 03:04:58 AM - LoginPage - INFO: Element Found with locator: {'xpath': "//input[@id='password']"}
05/08/2021 03:05:01 AM - LoginPage - INFO: Cannot send data on the element with locator: {'xpath': "//input[@id='password']"}
05/08/2021 03:05:08 AM - LoginPage - INFO: Element not found with locator: {'xpath': "//button[@id='nextbtn']//span[text()='Sign in']"}
05/08/2021 03:05:08 AM - LoginPage - INFO: Cannot click on the element with locator: {'xpath': "//button[@id='nextbtn']//span[text()='Sign in']"}
05/08/2021 03:05:13 AM - LoginPage - INFO: Element Found with locator: {'xpath': "//div[@id='getusername']//div[@class='fielderror errorlabel']"}
05/08/2021 03:05:13 AM - TestStatus - ERROR: ### VERIFICATION FAILED :: + Error Message is Displayed
05/08/2021 03:05:13 AM - TestStatus - INFO: Screenshot save to directory: C:\Users\bisai\OneDrive - Kudelski Group\Desktop\Desktop\Study\4Selenium with Python(letskodeit)\WebTestFrameworkBDD\base\../screenshots/Error Message is Displayed.1620423313625.png
05/08/2021 03:05:13 AM - TestStatus - ERROR: userErrorMessage ### TEST FAILED
05/08/2021 03:05:13 AM - <module> - INFO: Browser Closed
05/08/2021 03:05:17 AM - <module> - INFO: Browser Opened
05/08/2021 03:05:17 AM - HomePage - INFO: Element Found with locator: {'xpath': "//a[@class='zh-login']"}
05/08/2021 03:05:19 AM - HomePage - INFO: Clicked on element with locator: {'xpath': "//a[@class='zh-login']"}
05/08/2021 03:05:19 AM - LoginPage - INFO: Element Found with locator: {'xpath': "//input[@id='login_id']"}
05/08/2021 03:05:19 AM - LoginPage - INFO: Sent data on element with locator: {'xpath': "//input[@id='login_id']"}
05/08/2021 03:05:19 AM - LoginPage - INFO: Element Found with locator: {'xpath': "//button[@id='nextbtn']//span[text()='Next']"}
05/08/2021 03:05:19 AM - LoginPage - INFO: Clicked on element with locator: {'xpath': "//button[@id='nextbtn']//span[text()='Next']"}
05/08/2021 03:05:19 AM - LoginPage - INFO: Element Found with locator: {'xpath': "//input[@id='password']"}
05/08/2021 03:05:22 AM - LoginPage - INFO: Cannot send data on the element with locator: {'xpath': "//input[@id='password']"}
05/08/2021 03:05:29 AM - LoginPage - INFO: Element not found with locator: {'xpath': "//button[@id='nextbtn']//span[text()='Sign in']"}
05/08/2021 03:05:29 AM - LoginPage - INFO: Cannot click on the element with locator: {'xpath': "//button[@id='nextbtn']//span[text()='Sign in']"}
05/08/2021 03:05:34 AM - LoginPage - INFO: Element Found with locator: {'xpath': "//div[@id='getusername']//div[@class='fielderror errorlabel']"}
05/08/2021 03:05:34 AM - TestStatus - ERROR: ### VERIFICATION FAILED :: + Error Message is Displayed
05/08/2021 03:05:34 AM - TestStatus - INFO: Screenshot save to directory: C:\Users\bisai\OneDrive - Kudelski Group\Desktop\Desktop\Study\4Selenium with Python(letskodeit)\WebTestFrameworkBDD\base\../screenshots/Error Message is Displayed.1620423334397.png
05/08/2021 03:05:34 AM - TestStatus - ERROR: userErrorMessage ### TEST FAILED
05/08/2021 03:05:34 AM - <module> - INFO: Browser Closed
05/08/2021 03:07:51 AM - <module> - INFO: Browser Opened
05/08/2021 03:07:51 AM - HomePage - INFO: Element Found with locator: {'xpath': "//a[@class='zh-login']"}
05/08/2021 03:07:52 AM - HomePage - INFO: Clicked on element with locator: {'xpath': "//a[@class='zh-login']"}
05/08/2021 03:07:52 AM - LoginPage - INFO: Element Found with locator: {'xpath': "//input[@id='login_id']"}
05/08/2021 03:07:52 AM - LoginPage - INFO: Sent data on element with locator: {'xpath': "//input[@id='login_id']"}
05/08/2021 03:07:52 AM - LoginPage - INFO: Element Found with locator: {'xpath': "//button[@id='nextbtn']//span[text()='Next']"}
05/08/2021 03:07:52 AM - LoginPage - INFO: Clicked on element with locator: {'xpath': "//button[@id='nextbtn']//span[text()='Next']"}
05/08/2021 03:07:52 AM - LoginPage - INFO: Element Found with locator: {'xpath': "//input[@id='password']"}
05/08/2021 03:07:55 AM - LoginPage - INFO: Cannot send data on the element with locator: {'xpath': "//input[@id='password']"}
05/08/2021 03:08:02 AM - LoginPage - INFO: Element not found with locator: {'xpath': "//button[@id='nextbtn']//span[text()='Sign in']"}
05/08/2021 03:08:02 AM - LoginPage - INFO: Cannot click on the element with locator: {'xpath': "//button[@id='nextbtn']//span[text()='Sign in']"}
05/08/2021 03:08:10 AM - LoginPage - INFO: Element not found with locator: {'xpath': "//div[@id='getusername']//div[@class='fielderror errorlabel']"}
05/08/2021 03:08:10 AM - LoginPage - INFO: Failed to get text on element with locator: {'xpath': "//div[@id='getusername']//div[@class='fielderror errorlabel']"}
05/08/2021 03:08:10 AM - TestStatus - ERROR: ### VERIFICATION FAILED :: + Error Message is Displayed
05/08/2021 03:08:11 AM - TestStatus - INFO: Screenshot save to directory: C:\Users\bisai\OneDrive - Kudelski Group\Desktop\Desktop\Study\4Selenium with Python(letskodeit)\WebTestFrameworkBDD\base\../screenshots/Error Message is Displayed.1620423490955.png
05/08/2021 03:08:11 AM - TestStatus - ERROR: userErrorMessage ### TEST FAILED
05/08/2021 03:08:11 AM - <module> - INFO: Browser Closed
05/08/2021 03:08:15 AM - <module> - INFO: Browser Opened
05/08/2021 03:08:15 AM - HomePage - INFO: Element Found with locator: {'xpath': "//a[@class='zh-login']"}
05/08/2021 03:08:16 AM - HomePage - INFO: Clicked on element with locator: {'xpath': "//a[@class='zh-login']"}
05/08/2021 03:08:16 AM - LoginPage - INFO: Element Found with locator: {'xpath': "//input[@id='login_id']"}
05/08/2021 03:08:16 AM - LoginPage - INFO: Sent data on element with locator: {'xpath': "//input[@id='login_id']"}
05/08/2021 03:08:16 AM - LoginPage - INFO: Element Found with locator: {'xpath': "//button[@id='nextbtn']//span[text()='Next']"}
05/08/2021 03:08:16 AM - LoginPage - INFO: Clicked on element with locator: {'xpath': "//button[@id='nextbtn']//span[text()='Next']"}
05/08/2021 03:08:16 AM - LoginPage - INFO: Element Found with locator: {'xpath': "//input[@id='password']"}
05/08/2021 03:08:19 AM - LoginPage - INFO: Cannot send data on the element with locator: {'xpath': "//input[@id='password']"}
05/08/2021 03:08:26 AM - LoginPage - INFO: Element not found with locator: {'xpath': "//button[@id='nextbtn']//span[text()='Sign in']"}
05/08/2021 03:08:26 AM - LoginPage - INFO: Cannot click on the element with locator: {'xpath': "//button[@id='nextbtn']//span[text()='Sign in']"}
05/08/2021 03:08:35 AM - LoginPage - INFO: Element not found with locator: {'xpath': "//div[@id='getusername']//div[@class='fielderror errorlabel']"}
05/08/2021 03:08:35 AM - LoginPage - INFO: Failed to get text on element with locator: {'xpath': "//div[@id='getusername']//div[@class='fielderror errorlabel']"}
05/08/2021 03:08:35 AM - TestStatus - ERROR: ### VERIFICATION FAILED :: + Error Message is Displayed
05/08/2021 03:08:35 AM - TestStatus - INFO: Screenshot save to directory: C:\Users\bisai\OneDrive - Kudelski Group\Desktop\Desktop\Study\4Selenium with Python(letskodeit)\WebTestFrameworkBDD\base\../screenshots/Error Message is Displayed.1620423515009.png
05/08/2021 03:08:35 AM - TestStatus - ERROR: userErrorMessage ### TEST FAILED
05/08/2021 03:08:35 AM - <module> - INFO: Browser Closed
05/08/2021 03:10:04 AM - <module> - INFO: Browser Opened
05/08/2021 03:10:04 AM - HomePage - INFO: Element Found with locator: {'xpath': "//a[@class='zh-login']"}
05/08/2021 03:10:05 AM - HomePage - INFO: Clicked on element with locator: {'xpath': "//a[@class='zh-login']"}
05/08/2021 03:10:05 AM - LoginPage - INFO: Element Found with locator: {'xpath': "//input[@id='login_id']"}
05/08/2021 03:10:05 AM - LoginPage - INFO: Sent data on element with locator: {'xpath': "//input[@id='login_id']"}
05/08/2021 03:10:05 AM - LoginPage - INFO: Element Found with locator: {'xpath': "//button[@id='nextbtn']//span[text()='Next']"}
05/08/2021 03:10:05 AM - LoginPage - INFO: Clicked on element with locator: {'xpath': "//button[@id='nextbtn']//span[text()='Next']"}
05/08/2021 03:10:05 AM - LoginPage - INFO: Element Found with locator: {'xpath': "//input[@id='password']"}
05/08/2021 03:10:08 AM - LoginPage - INFO: Cannot send data on the element with locator: {'xpath': "//input[@id='password']"}
05/08/2021 03:10:15 AM - LoginPage - INFO: Element not found with locator: {'xpath': "//button[@id='nextbtn']//span[text()='Sign in']"}
05/08/2021 03:10:15 AM - LoginPage - INFO: Cannot click on the element with locator: {'xpath': "//button[@id='nextbtn']//span[text()='Sign in']"}
05/08/2021 03:10:23 AM - LoginPage - INFO: Element not found with locator: {'xpath': "//div[@id='getusername']//div[@class='fielderror errorlabel']"}
05/08/2021 03:10:23 AM - LoginPage - INFO: Failed to get text on element with locator: {'xpath': "//div[@id='getusername']//div[@class='fielderror errorlabel']"}
05/08/2021 03:10:23 AM - TestStatus - ERROR: ### VERIFICATION FAILED :: + Error Message is Displayed
05/08/2021 03:10:23 AM - TestStatus - INFO: Screenshot save to directory: C:\Users\bisai\OneDrive - Kudelski Group\Desktop\Desktop\Study\4Selenium with Python(letskodeit)\WebTestFrameworkBDD\base\../screenshots/Error Message is Displayed.1620423623508.png
05/08/2021 03:10:23 AM - TestStatus - ERROR: userErrorMessage ### TEST FAILED
05/08/2021 03:10:23 AM - <module> - INFO: Browser Closed
05/08/2021 03:10:27 AM - <module> - INFO: Browser Opened
05/08/2021 03:10:27 AM - HomePage - INFO: Element Found with locator: {'xpath': "//a[@class='zh-login']"}
05/08/2021 03:10:29 AM - HomePage - INFO: Clicked on element with locator: {'xpath': "//a[@class='zh-login']"}
05/08/2021 03:10:29 AM - LoginPage - INFO: Element Found with locator: {'xpath': "//input[@id='login_id']"}
05/08/2021 03:10:29 AM - LoginPage - INFO: Sent data on element with locator: {'xpath': "//input[@id='login_id']"}
05/08/2021 03:10:29 AM - LoginPage - INFO: Element Found with locator: {'xpath': "//button[@id='nextbtn']//span[text()='Next']"}
05/08/2021 03:10:29 AM - LoginPage - INFO: Clicked on element with locator: {'xpath': "//button[@id='nextbtn']//span[text()='Next']"}
05/08/2021 03:10:29 AM - LoginPage - INFO: Element Found with locator: {'xpath': "//input[@id='password']"}
05/08/2021 03:10:32 AM - LoginPage - INFO: Cannot send data on the element with locator: {'xpath': "//input[@id='password']"}
05/08/2021 03:10:39 AM - LoginPage - INFO: Element not found with locator: {'xpath': "//button[@id='nextbtn']//span[text()='Sign in']"}
05/08/2021 03:10:39 AM - LoginPage - INFO: Cannot click on the element with locator: {'xpath': "//button[@id='nextbtn']//span[text()='Sign in']"}
05/08/2021 03:10:47 AM - LoginPage - INFO: Element not found with locator: {'xpath': "//div[@id='getusername']//div[@class='fielderror errorlabel']"}
05/08/2021 03:10:47 AM - LoginPage - INFO: Failed to get text on element with locator: {'xpath': "//div[@id='getusername']//div[@class='fielderror errorlabel']"}
05/08/2021 03:10:47 AM - TestStatus - ERROR: ### VERIFICATION FAILED :: + Error Message is Displayed
05/08/2021 03:10:47 AM - TestStatus - INFO: Screenshot save to directory: C:\Users\bisai\OneDrive - Kudelski Group\Desktop\Desktop\Study\4Selenium with Python(letskodeit)\WebTestFrameworkBDD\base\../screenshots/Error Message is Displayed.1620423647538.png
05/08/2021 03:10:47 AM - TestStatus - ERROR: userErrorMessage ### TEST FAILED
05/08/2021 03:10:47 AM - <module> - INFO: Browser Closed
05/08/2021 10:50:03 AM - <module> - INFO: Browser Opened
05/08/2021 10:50:03 AM - HomePage - INFO: Element Found with locator: {'xpath': "//a[@class='zh-login']"}
05/08/2021 10:50:05 AM - HomePage - INFO: Clicked on element with locator: {'xpath': "//a[@class='zh-login']"}
05/08/2021 10:50:05 AM - LoginPage - INFO: Element Found with locator: {'xpath': "//input[@id='login_id']"}
05/08/2021 10:50:05 AM - LoginPage - INFO: Sent data on element with locator: {'xpath': "//input[@id='login_id']"}
05/08/2021 10:50:05 AM - LoginPage - INFO: Element Found with locator: {'xpath': "//button[@id='nextbtn']//span[text()='Next']"}
05/08/2021 10:50:05 AM - LoginPage - INFO: Clicked on element with locator: {'xpath': "//button[@id='nextbtn']//span[text()='Next']"}
05/08/2021 10:50:05 AM - LoginPage - INFO: Element Found with locator: {'xpath': "//input[@id='password']"}
05/08/2021 10:50:05 AM - LoginPage - INFO: Sent data on element with locator: {'xpath': "//input[@id='password']"}
05/08/2021 10:50:10 AM - LoginPage - INFO: Element not found with locator: {'xpath': "//button[@id='nextbtn']//span[text()='Sign in']"}
05/08/2021 10:50:10 AM - LoginPage - INFO: Cannot click on the element with locator: {'xpath': "//button[@id='nextbtn']//span[text()='Sign in']"}
05/08/2021 10:50:26 AM - <module> - INFO: Browser Opened
05/08/2021 10:50:26 AM - HomePage - INFO: Element Found with locator: {'xpath': "//a[@class='zh-login']"}
05/08/2021 10:50:27 AM - HomePage - INFO: Clicked on element with locator: {'xpath': "//a[@class='zh-login']"}
05/08/2021 10:50:27 AM - LoginPage - INFO: Element Found with locator: {'xpath': "//input[@id='login_id']"}
05/08/2021 10:50:27 AM - LoginPage - INFO: Sent data on element with locator: {'xpath': "//input[@id='login_id']"}
05/08/2021 10:50:27 AM - LoginPage - INFO: Element Found with locator: {'xpath': "//button[@id='nextbtn']//span[text()='Next']"}
05/08/2021 10:50:27 AM - LoginPage - INFO: Clicked on element with locator: {'xpath': "//button[@id='nextbtn']//span[text()='Next']"}
05/08/2021 10:50:27 AM - LoginPage - INFO: Element Found with locator: {'xpath': "//input[@id='password']"}
05/08/2021 10:50:30 AM - LoginPage - INFO: Cannot send data on the element with locator: {'xpath': "//input[@id='password']"}
05/08/2021 10:50:37 AM - LoginPage - INFO: Element not found with locator: {'xpath': "//button[@id='nextbtn']//span[text()='Sign in']"}
05/08/2021 10:50:37 AM - LoginPage - INFO: Cannot click on the element with locator: {'xpath': "//button[@id='nextbtn']//span[text()='Sign in']"}
05/08/2021 10:50:42 AM - LoginPage - INFO: Element Found with locator: {'xpath': "//div[@id='getusername']//div[@class='fielderror errorlabel']"}
05/08/2021 10:50:42 AM - TestStatus - ERROR: ### VERIFICATION FAILED :: + Error Message is Displayed
05/08/2021 10:50:43 AM - TestStatus - INFO: Screenshot save to directory: C:\Users\bisai\OneDrive - Kudelski Group\Desktop\Desktop\Study\4Selenium with Python(letskodeit)\WebTestFrameworkBDD\base\../screenshots/Error Message is Displayed.1620451242941.png
05/08/2021 10:50:43 AM - TestStatus - ERROR: userErrorMessage ### TEST FAILED
05/08/2021 10:50:43 AM - <module> - INFO: Browser Closed
05/08/2021 10:50:48 AM - <module> - INFO: Browser Opened
05/08/2021 10:50:48 AM - HomePage - INFO: Element Found with locator: {'xpath': "//a[@class='zh-login']"}
05/08/2021 10:50:49 AM - HomePage - INFO: Clicked on element with locator: {'xpath': "//a[@class='zh-login']"}
05/08/2021 10:50:49 AM - LoginPage - INFO: Element Found with locator: {'xpath': "//input[@id='login_id']"}
05/08/2021 10:50:49 AM - LoginPage - INFO: Sent data on element with locator: {'xpath': "//input[@id='login_id']"}
05/08/2021 10:50:49 AM - LoginPage - INFO: Element Found with locator: {'xpath': "//button[@id='nextbtn']//span[text()='Next']"}
05/08/2021 10:50:49 AM - LoginPage - INFO: Clicked on element with locator: {'xpath': "//button[@id='nextbtn']//span[text()='Next']"}
05/08/2021 10:50:49 AM - LoginPage - INFO: Element Found with locator: {'xpath': "//input[@id='password']"}
05/08/2021 10:50:52 AM - LoginPage - INFO: Cannot send data on the element with locator: {'xpath': "//input[@id='password']"}
05/08/2021 10:50:59 AM - LoginPage - INFO: Element not found with locator: {'xpath': "//button[@id='nextbtn']//span[text()='Sign in']"}
05/08/2021 10:50:59 AM - LoginPage - INFO: Cannot click on the element with locator: {'xpath': "//button[@id='nextbtn']//span[text()='Sign in']"}
05/08/2021 10:51:04 AM - LoginPage - INFO: Element Found with locator: {'xpath': "//div[@id='getusername']//div[@class='fielderror errorlabel']"}
05/08/2021 10:51:05 AM - TestStatus - ERROR: ### VERIFICATION FAILED :: + Error Message is Displayed
05/08/2021 10:51:05 AM - TestStatus - INFO: Screenshot save to directory: C:\Users\bisai\OneDrive - Kudelski Group\Desktop\Desktop\Study\4Selenium with Python(letskodeit)\WebTestFrameworkBDD\base\../screenshots/Error Message is Displayed.1620451265020.png
05/08/2021 10:51:05 AM - TestStatus - ERROR: userErrorMessage ### TEST FAILED
05/08/2021 10:51:05 AM - <module> - INFO: Browser Closed
05/08/2021 10:58:53 AM - <module> - INFO: Browser Opened
05/08/2021 10:58:53 AM - HomePage - INFO: Element Found with locator: {'xpath': "//a[@class='zh-login']"}
05/08/2021 10:58:55 AM - HomePage - INFO: Clicked on element with locator: {'xpath': "//a[@class='zh-login']"}
05/08/2021 10:58:55 AM - LoginPage - INFO: Element Found with locator: {'xpath': "//input[@id='login_id']"}
05/08/2021 10:58:55 AM - LoginPage - INFO: Sent data on element with locator: {'xpath': "//input[@id='login_id']"}
05/08/2021 10:58:55 AM - LoginPage - INFO: Element Found with locator: {'xpath': "//button[@id='nextbtn']//span[text()='Next']"}
05/08/2021 10:58:55 AM - LoginPage - INFO: Clicked on element with locator: {'xpath': "//button[@id='nextbtn']//span[text()='Next']"}
05/08/2021 10:58:55 AM - LoginPage - INFO: Element Found with locator: {'xpath': "//input[@id='password']"}
05/08/2021 10:58:58 AM - LoginPage - INFO: Cannot send data on the element with locator: {'xpath': "//input[@id='password']"}
05/08/2021 10:59:05 AM - LoginPage - INFO: Element not found with locator: {'xpath': "//button[@id='nextbtn']//span[text()='Sign in']"}
05/08/2021 10:59:05 AM - LoginPage - INFO: Cannot click on the element with locator: {'xpath': "//button[@id='nextbtn']//span[text()='Sign in']"}
05/08/2021 10:59:10 AM - LoginPage - INFO: Element Found with locator: {'xpath': "//div[@id='getusername']//div[@class='fielderror errorlabel']"}
05/08/2021 10:59:10 AM - TestStatus - ERROR: ### VERIFICATION FAILED :: + Error Message is Displayed
05/08/2021 10:59:11 AM - TestStatus - INFO: Screenshot save to directory: C:\Users\bisai\OneDrive - Kudelski Group\Desktop\Desktop\Study\4Selenium with Python(letskodeit)\WebTestFrameworkBDD\base\../screenshots/Error Message is Displayed.1620451750903.png
05/08/2021 10:59:11 AM - TestStatus - ERROR: userErrorMessage ### TEST FAILED
05/08/2021 10:59:11 AM - <module> - INFO: Browser Closed
05/08/2021 10:59:15 AM - <module> - INFO: Browser Opened
05/08/2021 10:59:15 AM - HomePage - INFO: Element Found with locator: {'xpath': "//a[@class='zh-login']"}
05/08/2021 10:59:16 AM - HomePage - INFO: Clicked on element with locator: {'xpath': "//a[@class='zh-login']"}
05/08/2021 10:59:16 AM - LoginPage - INFO: Element Found with locator: {'xpath': "//input[@id='login_id']"}
05/08/2021 10:59:16 AM - LoginPage - INFO: Sent data on element with locator: {'xpath': "//input[@id='login_id']"}
05/08/2021 10:59:16 AM - LoginPage - INFO: Element Found with locator: {'xpath': "//button[@id='nextbtn']//span[text()='Next']"}
05/08/2021 10:59:16 AM - LoginPage - INFO: Clicked on element with locator: {'xpath': "//button[@id='nextbtn']//span[text()='Next']"}
05/08/2021 10:59:16 AM - LoginPage - INFO: Element Found with locator: {'xpath': "//input[@id='password']"}
05/08/2021 10:59:19 AM - LoginPage - INFO: Cannot send data on the element with locator: {'xpath': "//input[@id='password']"}
05/08/2021 10:59:26 AM - LoginPage - INFO: Element not found with locator: {'xpath': "//button[@id='nextbtn']//span[text()='Sign in']"}
05/08/2021 10:59:26 AM - LoginPage - INFO: Cannot click on the element with locator: {'xpath': "//button[@id='nextbtn']//span[text()='Sign in']"}
05/08/2021 10:59:31 AM - LoginPage - INFO: Element Found with locator: {'xpath': "//div[@id='getusername']//div[@class='fielderror errorlabel']"}
05/08/2021 10:59:31 AM - TestStatus - ERROR: ### VERIFICATION FAILED :: + Error Message is Displayed
05/08/2021 10:59:32 AM - TestStatus - INFO: Screenshot save to directory: C:\Users\bisai\OneDrive - Kudelski Group\Desktop\Desktop\Study\4Selenium with Python(letskodeit)\WebTestFrameworkBDD\base\../screenshots/Error Message is Displayed.1620451771854.png
05/08/2021 10:59:32 AM - TestStatus - ERROR: userErrorMessage ### TEST FAILED
05/08/2021 10:59:32 AM - <module> - INFO: Browser Closed
05/08/2021 11:57:53 AM - <module> - INFO: Browser Opened
05/08/2021 11:57:53 AM - HomePage - INFO: Element Found with locator: {'xpath': "//a[@class='zh-login']"}
05/08/2021 11:57:55 AM - HomePage - INFO: Clicked on element with locator: {'xpath': "//a[@class='zh-login']"}
05/08/2021 11:57:55 AM - LoginPage - INFO: Element Found with locator: {'xpath': "//input[@id='login_id']"}
05/08/2021 11:57:55 AM - LoginPage - INFO: Sent data on element with locator: {'xpath': "//input[@id='login_id']"}
05/08/2021 11:57:55 AM - LoginPage - INFO: Element Found with locator: {'xpath': "//button[@id='nextbtn']//span[text()='Next']"}
05/08/2021 11:57:55 AM - LoginPage - INFO: Clicked on element with locator: {'xpath': "//button[@id='nextbtn']//span[text()='Next']"}
05/08/2021 11:57:55 AM - LoginPage - INFO: Element Found with locator: {'xpath': "//input[@id='password']"}
05/08/2021 11:57:58 AM - LoginPage - INFO: Cannot send data on the element with locator: {'xpath': "//input[@id='password']"}
05/08/2021 11:58:14 AM - LoginPage - INFO: Element not found with locator: {'xpath': "//button[@id='nextbtn']//span[text()='Sign in']"}
05/08/2021 11:58:14 AM - LoginPage - INFO: Cannot click on the element with locator: {'xpath': "//button[@id='nextbtn']//span[text()='Sign in']"}
05/08/2021 11:58:31 AM - LoginPage - INFO: Element not found with locator: {'xpath': "//div[@id='getusername']//div[@class='fielderror errorlabel']"}
05/08/2021 11:58:31 AM - LoginPage - INFO: Failed to get text on element with locator: {'xpath': "//div[@id='getusername']//div[@class='fielderror errorlabel']"}
05/08/2021 11:58:31 AM - TestStatus - ERROR: ### VERIFICATION FAILED :: + Error Message is Displayed
05/08/2021 11:58:32 AM - TestStatus - ERROR: ### Exception Occurred when taking screenshot
05/08/2021 11:58:34 AM - TestStatus - ERROR: ### Exception Occurred !!!
05/08/2021 11:58:36 AM - TestStatus - ERROR: ### Exception Occurred when taking screenshot
05/08/2021 11:58:36 AM - TestStatus - ERROR: userErrorMessage ### TEST FAILED
05/08/2021 12:02:50 PM - <module> - INFO: Browser Opened
05/08/2021 12:02:50 PM - HomePage - INFO: Element Found with locator: {'xpath': "//a[@class='zh-login']"}
05/08/2021 12:02:52 PM - HomePage - INFO: Clicked on element with locator: {'xpath': "//a[@class='zh-login']"}
05/08/2021 12:02:52 PM - LoginPage - INFO: Element Found with locator: {'xpath': "//input[@id='login_id']"}
05/08/2021 12:02:52 PM - LoginPage - INFO: Sent data on element with locator: {'xpath': "//input[@id='login_id']"}
05/08/2021 12:02:52 PM - LoginPage - INFO: Element Found with locator: {'xpath': "//button[@id='nextbtn']//span[text()='Next']"}
05/08/2021 12:02:52 PM - LoginPage - INFO: Clicked on element with locator: {'xpath': "//button[@id='nextbtn']//span[text()='Next']"}
05/08/2021 12:02:52 PM - LoginPage - INFO: Element Found with locator: {'xpath': "//input[@id='password']"}
05/08/2021 12:02:55 PM - LoginPage - INFO: Cannot send data on the element with locator: {'xpath': "//input[@id='password']"}
05/08/2021 12:03:02 PM - LoginPage - INFO: Element not found with locator: {'xpath': "//button[@id='nextbtn']//span[text()='Sign in']"}
05/08/2021 12:03:02 PM - LoginPage - INFO: Cannot click on the element with locator: {'xpath': "//button[@id='nextbtn']//span[text()='Sign in']"}
05/08/2021 12:03:07 PM - LoginPage - INFO: Element Found with locator: {'xpath': "//div[@id='getusername']//div[@class='fielderror errorlabel']"}
05/08/2021 12:03:07 PM - TestStatus - ERROR: ### VERIFICATION FAILED :: + Error Message is Displayed
05/08/2021 12:03:07 PM - TestStatus - INFO: Screenshot save to directory: C:\Users\bisai\OneDrive - Kudelski Group\Desktop\Desktop\Study\4Selenium with Python(letskodeit)\WebTestFrameworkBDD\base\../screenshots/Error Message is Displayed.1620455587718.png
05/08/2021 12:03:08 PM - TestStatus - ERROR: userErrorMessage ### TEST FAILED
05/08/2021 12:03:08 PM - <module> - INFO: Browser Closed
05/08/2021 12:03:13 PM - <module> - INFO: Browser Opened
05/08/2021 12:03:13 PM - HomePage - INFO: Element Found with locator: {'xpath': "//a[@class='zh-login']"}
05/08/2021 12:03:15 PM - HomePage - INFO: Clicked on element with locator: {'xpath': "//a[@class='zh-login']"}
05/08/2021 12:03:15 PM - LoginPage - INFO: Element Found with locator: {'xpath': "//input[@id='login_id']"}
05/08/2021 12:03:15 PM - LoginPage - INFO: Sent data on element with locator: {'xpath': "//input[@id='login_id']"}
05/08/2021 12:03:15 PM - LoginPage - INFO: Element Found with locator: {'xpath': "//button[@id='nextbtn']//span[text()='Next']"}
05/08/2021 12:03:15 PM - LoginPage - INFO: Clicked on element with locator: {'xpath': "//button[@id='nextbtn']//span[text()='Next']"}
05/08/2021 12:03:15 PM - LoginPage - INFO: Element Found with locator: {'xpath': "//input[@id='password']"}
05/08/2021 12:03:18 PM - LoginPage - INFO: Cannot send data on the element with locator: {'xpath': "//input[@id='password']"}
05/08/2021 12:03:25 PM - LoginPage - INFO: Element not found with locator: {'xpath': "//button[@id='nextbtn']//span[text()='Sign in']"}
05/08/2021 12:03:25 PM - LoginPage - INFO: Cannot click on the element with locator: {'xpath': "//button[@id='nextbtn']//span[text()='Sign in']"}
05/08/2021 12:03:30 PM - LoginPage - INFO: Element Found with locator: {'xpath': "//div[@id='getusername']//div[@class='fielderror errorlabel']"}
05/08/2021 12:03:31 PM - TestStatus - ERROR: ### VERIFICATION FAILED :: + Error Message is Displayed
05/08/2021 12:03:31 PM - TestStatus - INFO: Screenshot save to directory: C:\Users\bisai\OneDrive - Kudelski Group\Desktop\Desktop\Study\4Selenium with Python(letskodeit)\WebTestFrameworkBDD\base\../screenshots/Error Message is Displayed.1620455611025.png
05/08/2021 12:03:31 PM - TestStatus - ERROR: userErrorMessage ### TEST FAILED
05/08/2021 12:03:31 PM - <module> - INFO: Browser Closed
05/08/2021 12:06:18 PM - <module> - INFO: Browser Opened
05/08/2021 12:06:18 PM - HomePage - INFO: Element Found with locator: {'xpath': "//a[@class='zh-login']"}
05/08/2021 12:06:20 PM - HomePage - INFO: Clicked on element with locator: {'xpath': "//a[@class='zh-login']"}
05/08/2021 12:06:20 PM - LoginPage - INFO: Element Found with locator: {'xpath': "//input[@id='login_id']"}
05/08/2021 12:06:21 PM - LoginPage - INFO: Sent data on element with locator: {'xpath': "//input[@id='login_id']"}
05/08/2021 12:06:21 PM - LoginPage - INFO: Element Found with locator: {'xpath': "//button[@id='nextbtn']//span[text()='Next']"}
05/08/2021 12:06:21 PM - LoginPage - INFO: Clicked on element with locator: {'xpath': "//button[@id='nextbtn']//span[text()='Next']"}
05/08/2021 12:06:21 PM - LoginPage - INFO: Element Found with locator: {'xpath': "//input[@id='password']"}
05/08/2021 12:06:24 PM - LoginPage - INFO: Cannot send data on the element with locator: {'xpath': "//input[@id='password']"}
05/08/2021 12:06:31 PM - LoginPage - INFO: Element not found with locator: {'xpath': "//button[@id='nextbtn']//span[text()='Sign in']"}
05/08/2021 12:06:31 PM - LoginPage - INFO: Cannot click on the element with locator: {'xpath': "//button[@id='nextbtn']//span[text()='Sign in']"}
05/08/2021 12:06:36 PM - LoginPage - INFO: Element Found with locator: {'xpath': "//div[@id='getusername']//div[@class='fielderror errorlabel']"}
05/08/2021 12:06:36 PM - TestStatus - ERROR: ### VERIFICATION FAILED :: + Error Message is Displayed
05/08/2021 12:06:36 PM - TestStatus - INFO: Screenshot save to directory: C:\Users\bisai\OneDrive - Kudelski Group\Desktop\Desktop\Study\4Selenium with Python(letskodeit)\WebTestFrameworkBDD\base\../screenshots/Error Message is Displayed.1620455796364.png
05/08/2021 12:06:36 PM - TestStatus - ERROR: userErrorMessage ### TEST FAILED
05/08/2021 12:06:36 PM - <module> - INFO: Browser Closed
05/08/2021 12:06:41 PM - <module> - INFO: Browser Opened
05/08/2021 12:06:41 PM - HomePage - INFO: Element Found with locator: {'xpath': "//a[@class='zh-login']"}
05/08/2021 12:06:43 PM - HomePage - INFO: Clicked on element with locator: {'xpath': "//a[@class='zh-login']"}
05/08/2021 12:06:43 PM - LoginPage - INFO: Element Found with locator: {'xpath': "//input[@id='login_id']"}
05/08/2021 12:06:43 PM - LoginPage - INFO: Sent data on element with locator: {'xpath': "//input[@id='login_id']"}
05/08/2021 12:06:44 PM - LoginPage - INFO: Element Found with locator: {'xpath': "//button[@id='nextbtn']//span[text()='Next']"}
05/08/2021 12:06:44 PM - LoginPage - INFO: Clicked on element with locator: {'xpath': "//button[@id='nextbtn']//span[text()='Next']"}
05/08/2021 12:06:44 PM - LoginPage - INFO: Element Found with locator: {'xpath': "//input[@id='password']"}
05/08/2021 12:06:47 PM - LoginPage - INFO: Cannot send data on the element with locator: {'xpath': "//input[@id='password']"}
05/08/2021 12:06:54 PM - LoginPage - INFO: Element not found with locator: {'xpath': "//button[@id='nextbtn']//span[text()='Sign in']"}
05/08/2021 12:06:54 PM - LoginPage - INFO: Cannot click on the element with locator: {'xpath': "//button[@id='nextbtn']//span[text()='Sign in']"}
05/08/2021 12:06:59 PM - LoginPage - INFO: Element Found with locator: {'xpath': "//div[@id='getusername']//div[@class='fielderror errorlabel']"}
05/08/2021 12:06:59 PM - TestStatus - ERROR: ### VERIFICATION FAILED :: + Error Message is Displayed
05/08/2021 12:06:59 PM - TestStatus - INFO: Screenshot save to directory: C:\Users\bisai\OneDrive - Kudelski Group\Desktop\Desktop\Study\4Selenium with Python(letskodeit)\WebTestFrameworkBDD\base\../screenshots/Error Message is Displayed.1620455819370.png
05/08/2021 12:06:59 PM - TestStatus - ERROR: userErrorMessage ### TEST FAILED
05/08/2021 12:07:00 PM - <module> - INFO: Browser Closed
05/08/2021 12:09:49 PM - <module> - INFO: Browser Opened
05/08/2021 12:09:49 PM - HomePage - INFO: Element Found with locator: {'xpath': "//a[@class='zh-login']"}
05/08/2021 12:09:51 PM - HomePage - INFO: Clicked on element with locator: {'xpath': "//a[@class='zh-login']"}
05/08/2021 12:09:51 PM - LoginPage - INFO: Element Found with locator: {'xpath': "//input[@id='login_id']"}
05/08/2021 12:09:51 PM - LoginPage - INFO: Sent data on element with locator: {'xpath': "//input[@id='login_id']"}
05/08/2021 12:09:51 PM - LoginPage - INFO: Element Found with locator: {'xpath': "//button[@id='nextbtn']//span[text()='Next']"}
05/08/2021 12:09:51 PM - LoginPage - INFO: Clicked on element with locator: {'xpath': "//button[@id='nextbtn']//span[text()='Next']"}
05/08/2021 12:09:51 PM - LoginPage - INFO: Element Found with locator: {'xpath': "//input[@id='password']"}
05/08/2021 12:09:51 PM - LoginPage - INFO: Sent data on element with locator: {'xpath': "//input[@id='password']"}
05/08/2021 12:09:55 PM - LoginPage - INFO: Element Found with locator: {'xpath': "//button[@id='nextbtn']//span[text()='Sign in']"}
05/08/2021 12:09:55 PM - LoginPage - INFO: Clicked on element with locator: {'xpath': "//button[@id='nextbtn']//span[text()='Sign in']"}
05/08/2021 12:16:03 PM - <module> - INFO: Browser Opened
05/08/2021 12:16:03 PM - HomePage - INFO: Element Found with locator: {'xpath': "//a[@class='zh-login']"}
05/08/2021 12:16:05 PM - HomePage - INFO: Clicked on element with locator: {'xpath': "//a[@class='zh-login']"}
05/08/2021 12:16:05 PM - LoginPage - INFO: Element Found with locator: {'xpath': "//input[@id='login_id']"}
05/08/2021 12:16:05 PM - LoginPage - INFO: Sent data on element with locator: {'xpath': "//input[@id='login_id']"}
05/08/2021 12:16:05 PM - LoginPage - INFO: Element Found with locator: {'xpath': "//button[@id='nextbtn']//span[text()='Next']"}
05/08/2021 12:16:05 PM - LoginPage - INFO: Clicked on element with locator: {'xpath': "//button[@id='nextbtn']//span[text()='Next']"}
05/08/2021 12:16:05 PM - LoginPage - INFO: Element Found with locator: {'xpath': "//input[@id='password']"}
05/08/2021 12:16:08 PM - LoginPage - INFO: Cannot send data on the element with locator: {'xpath': "//input[@id='password']"}
05/08/2021 12:16:15 PM - LoginPage - INFO: Element not found with locator: {'xpath': "//button[@id='nextbtn']//span[text()='Sign in']"}
05/08/2021 12:16:15 PM - LoginPage - INFO: Cannot click on the element with locator: {'xpath': "//button[@id='nextbtn']//span[text()='Sign in']"}
05/08/2021 12:16:20 PM - LoginPage - INFO: Element Found with locator: {'xpath': "//div[@id='getusername']//div[@class='fielderror errorlabel']"}
05/08/2021 12:16:20 PM - TestStatus - ERROR: ### VERIFICATION FAILED :: + Error Message is Displayed
05/08/2021 12:16:20 PM - TestStatus - INFO: Screenshot save to directory: C:\Users\bisai\OneDrive - Kudelski Group\Desktop\Desktop\Study\4Selenium with Python(letskodeit)\WebTestFrameworkBDD\base\../screenshots/Error Message is Displayed.1620456380541.png
05/08/2021 12:16:21 PM - TestStatus - ERROR: userErrorMessage ### TEST FAILED
05/08/2021 12:16:21 PM - <module> - INFO: Browser Closed
05/08/2021 12:16:26 PM - <module> - INFO: Browser Opened
05/08/2021 12:16:26 PM - HomePage - INFO: Element Found with locator: {'xpath': "//a[@class='zh-login']"}
05/08/2021 12:16:27 PM - HomePage - INFO: Clicked on element with locator: {'xpath': "//a[@class='zh-login']"}
05/08/2021 12:16:27 PM - LoginPage - INFO: Element Found with locator: {'xpath': "//input[@id='login_id']"}
05/08/2021 12:16:28 PM - LoginPage - INFO: Sent data on element with locator: {'xpath': "//input[@id='login_id']"}
05/08/2021 12:16:28 PM - LoginPage - INFO: Element Found with locator: {'xpath': "//button[@id='nextbtn']//span[text()='Next']"}
05/08/2021 12:16:28 PM - LoginPage - INFO: Clicked on element with locator: {'xpath': "//button[@id='nextbtn']//span[text()='Next']"}
05/08/2021 12:16:28 PM - LoginPage - INFO: Element Found with locator: {'xpath': "//input[@id='password']"}
05/08/2021 12:16:30 PM - LoginPage - INFO: Cannot send data on the element with locator: {'xpath': "//input[@id='password']"}
05/08/2021 12:16:54 PM - <module> - INFO: Browser Opened
05/08/2021 12:16:54 PM - HomePage - INFO: Element Found with locator: {'xpath': "//a[@class='zh-login']"}
05/08/2021 12:16:57 PM - HomePage - INFO: Clicked on element with locator: {'xpath': "//a[@class='zh-login']"}
05/08/2021 12:16:57 PM - LoginPage - INFO: Element Found with locator: {'xpath': "//input[@id='login_id']"}
05/08/2021 12:16:57 PM - LoginPage - INFO: Sent data on element with locator: {'xpath': "//input[@id='login_id']"}
05/08/2021 12:16:57 PM - LoginPage - INFO: Element Found with locator: {'xpath': "//button[@id='nextbtn']//span[text()='Next']"}
05/08/2021 12:16:57 PM - LoginPage - INFO: Clicked on element with locator: {'xpath': "//button[@id='nextbtn']//span[text()='Next']"}
05/08/2021 12:16:57 PM - LoginPage - INFO: Element Found with locator: {'xpath': "//input[@id='password']"}
05/08/2021 12:16:57 PM - LoginPage - INFO: Sent data on element with locator: {'xpath': "//input[@id='password']"}
05/08/2021 12:25:14 PM - <module> - INFO: Browser Opened
05/08/2021 12:25:14 PM - HomePage - INFO: Element Found with locator: {'xpath': "//a[@class='zh-login']"}
05/08/2021 12:25:16 PM - HomePage - INFO: Clicked on element with locator: {'xpath': "//a[@class='zh-login']"}
05/08/2021 12:25:16 PM - LoginPage - INFO: Element Found with locator: {'xpath': "//input[@id='login_id']"}
05/08/2021 12:25:16 PM - LoginPage - INFO: Sent data on element with locator: {'xpath': "//input[@id='login_id']"}
05/08/2021 12:25:16 PM - LoginPage - INFO: Element Found with locator: {'xpath': "//button[@id='nextbtn']//span[text()='Next']"}
05/08/2021 12:25:16 PM - LoginPage - INFO: Clicked on element with locator: {'xpath': "//button[@id='nextbtn']//span[text()='Next']"}
05/08/2021 12:25:16 PM - LoginPage - INFO: Element Found with locator: {'xpath': "//input[@id='password']"}
05/08/2021 12:25:19 PM - LoginPage - INFO: Cannot send data on the element with locator: {'xpath': "//input[@id='password']"}
05/08/2021 12:25:26 PM - LoginPage - INFO: Element not found with locator: {'xpath': "//button[@id='nextbtn']//span[text()='Sign in']"}
05/08/2021 12:25:26 PM - LoginPage - INFO: Cannot click on the element with locator: {'xpath': "//button[@id='nextbtn']//span[text()='Sign in']"}
05/08/2021 12:25:31 PM - LoginPage - INFO: Element Found with locator: {'xpath': "//div[@id='getusername']//div[@class='fielderror errorlabel']"}
05/08/2021 12:25:31 PM - TestStatus - ERROR: ### VERIFICATION FAILED :: + Error Message is Displayed
05/08/2021 12:25:32 PM - TestStatus - INFO: Screenshot save to directory: C:\Users\bisai\OneDrive - Kudelski Group\Desktop\Desktop\Study\4Selenium with Python(letskodeit)\WebTestFrameworkBDD\base\../screenshots/Error Message is Displayed.1620456931832.png
05/08/2021 12:25:32 PM - TestStatus - ERROR: userErrorMessage ### TEST FAILED
05/08/2021 12:25:32 PM - <module> - INFO: Browser Closed
05/08/2021 12:25:37 PM - <module> - INFO: Browser Opened
05/08/2021 12:25:37 PM - HomePage - INFO: Element Found with locator: {'xpath': "//a[@class='zh-login']"}
05/08/2021 12:25:38 PM - HomePage - INFO: Clicked on element with locator: {'xpath': "//a[@class='zh-login']"}
05/08/2021 12:25:38 PM - LoginPage - INFO: Element Found with locator: {'xpath': "//input[@id='login_id']"}
05/08/2021 12:25:38 PM - LoginPage - INFO: Sent data on element with locator: {'xpath': "//input[@id='login_id']"}
05/08/2021 12:25:38 PM - LoginPage - INFO: Element Found with locator: {'xpath': "//button[@id='nextbtn']//span[text()='Next']"}
05/08/2021 12:25:38 PM - LoginPage - INFO: Clicked on element with locator: {'xpath': "//button[@id='nextbtn']//span[text()='Next']"}
05/08/2021 12:25:38 PM - LoginPage - INFO: Element Found with locator: {'xpath': "//input[@id='password']"}
05/08/2021 12:25:42 PM - LoginPage - INFO: Cannot send data on the element with locator: {'xpath': "//input[@id='password']"}
05/08/2021 12:25:49 PM - LoginPage - INFO: Element not found with locator: {'xpath': "//button[@id='nextbtn']//span[text()='Sign in']"}
05/08/2021 12:25:49 PM - LoginPage - INFO: Cannot click on the element with locator: {'xpath': "//button[@id='nextbtn']//span[text()='Sign in']"}
05/08/2021 12:25:54 PM - LoginPage - INFO: Element Found with locator: {'xpath': "//div[@id='getusername']//div[@class='fielderror errorlabel']"}
05/08/2021 12:25:54 PM - TestStatus - ERROR: ### VERIFICATION FAILED :: + Error Message is Displayed
05/08/2021 12:25:54 PM - TestStatus - INFO: Screenshot save to directory: C:\Users\bisai\OneDrive - Kudelski Group\Desktop\Desktop\Study\4Selenium with Python(letskodeit)\WebTestFrameworkBDD\base\../screenshots/Error Message is Displayed.1620456954328.png
05/08/2021 12:25:54 PM - TestStatus - ERROR: userErrorMessage ### TEST FAILED
05/08/2021 12:25:55 PM - <module> - INFO: Browser Closed
05/08/2021 02:15:25 PM - <module> - INFO: Browser Opened
05/08/2021 02:15:25 PM - HomePage - INFO: Element Found with locator: {'xpath': "//a[@class='zh-login']"}
05/08/2021 02:15:27 PM - HomePage - INFO: Clicked on element with locator: {'xpath': "//a[@class='zh-login']"}
05/08/2021 02:15:27 PM - LoginPage - INFO: Element Found with locator: {'xpath': "//input[@id='login_id']"}
05/08/2021 02:15:27 PM - LoginPage - INFO: Sent data on element with locator: {'xpath': "//input[@id='login_id']"}
05/08/2021 02:15:27 PM - LoginPage - INFO: Element Found with locator: {'xpath': "//button[@id='nextbtn']//span[text()='Next']"}
05/08/2021 02:15:27 PM - LoginPage - INFO: Clicked on element with locator: {'xpath': "//button[@id='nextbtn']//span[text()='Next']"}
05/08/2021 02:15:27 PM - LoginPage - INFO: Element Found with locator: {'xpath': "//input[@id='password']"}
05/08/2021 02:15:30 PM - LoginPage - INFO: Cannot send data on the element with locator: {'xpath': "//input[@id='password']"}
05/08/2021 02:15:37 PM - LoginPage - INFO: Element not found with locator: {'xpath': "//button[@id='nextbtn']//span[text()='Sign in']"}
05/08/2021 02:15:37 PM - LoginPage - INFO: Cannot click on the element with locator: {'xpath': "//button[@id='nextbtn']//span[text()='Sign in']"}
05/08/2021 02:15:42 PM - LoginPage - INFO: Element Found with locator: {'xpath': "//div[@id='getusername']//div[@class='fielderror errorlabel']"}
05/08/2021 02:15:42 PM - TestStatus - ERROR: ### VERIFICATION FAILED :: + Error Message is Displayed
05/08/2021 02:15:42 PM - TestStatus - INFO: Screenshot save to directory: C:\Users\bisai\OneDrive - Kudelski Group\Desktop\Desktop\Study\4Selenium with Python(letskodeit)\WebTestFrameworkBDD\base\../screenshots/Error Message is Displayed.1620463542698.png
05/08/2021 02:15:43 PM - TestStatus - ERROR: userErrorMessage ### TEST FAILED
05/08/2021 02:15:43 PM - <module> - INFO: Browser Closed
05/08/2021 02:15:49 PM - <module> - INFO: Browser Opened
05/08/2021 02:15:49 PM - HomePage - INFO: Element Found with locator: {'xpath': "//a[@class='zh-login']"}
05/08/2021 02:15:50 PM - HomePage - INFO: Clicked on element with locator: {'xpath': "//a[@class='zh-login']"}
05/08/2021 02:15:50 PM - LoginPage - INFO: Element Found with locator: {'xpath': "//input[@id='login_id']"}
05/08/2021 02:15:50 PM - LoginPage - INFO: Sent data on element with locator: {'xpath': "//input[@id='login_id']"}
05/08/2021 02:15:50 PM - LoginPage - INFO: Element Found with locator: {'xpath': "//button[@id='nextbtn']//span[text()='Next']"}
05/08/2021 02:15:50 PM - LoginPage - INFO: Clicked on element with locator: {'xpath': "//button[@id='nextbtn']//span[text()='Next']"}
05/08/2021 02:15:50 PM - LoginPage - INFO: Element Found with locator: {'xpath': "//input[@id='password']"}
05/08/2021 02:15:54 PM - LoginPage - INFO: Cannot send data on the element with locator: {'xpath': "//input[@id='password']"}
05/08/2021 02:16:01 PM - LoginPage - INFO: Element not found with locator: {'xpath': "//button[@id='nextbtn']//span[text()='Sign in']"}
05/08/2021 02:16:01 PM - LoginPage - INFO: Cannot click on the element with locator: {'xpath': "//button[@id='nextbtn']//span[text()='Sign in']"}
05/08/2021 02:16:06 PM - LoginPage - INFO: Element Found with locator: {'xpath': "//div[@id='getusername']//div[@class='fielderror errorlabel']"}
05/08/2021 02:16:06 PM - TestStatus - ERROR: ### VERIFICATION FAILED :: + Error Message is Displayed
05/08/2021 02:16:06 PM - TestStatus - INFO: Screenshot save to directory: C:\Users\bisai\OneDrive - Kudelski Group\Desktop\Desktop\Study\4Selenium with Python(letskodeit)\WebTestFrameworkBDD\base\../screenshots/Error Message is Displayed.1620463566253.png
05/08/2021 02:16:06 PM - TestStatus - ERROR: userErrorMessage ### TEST FAILED
05/08/2021 02:16:06 PM - <module> - INFO: Browser Closed
05/08/2021 02:26:02 PM - <module> - INFO: Browser Opened
05/08/2021 02:26:02 PM - HomePage - INFO: Element Found with locator: {'xpath': "//a[@class='zh-login']"}
05/08/2021 02:26:04 PM - HomePage - INFO: Clicked on element with locator: {'xpath': "//a[@class='zh-login']"}
05/08/2021 02:26:04 PM - LoginPage - INFO: Element Found with locator: {'xpath': "//input[@id='login_id']"}
05/08/2021 02:26:04 PM - LoginPage - INFO: Sent data on element with locator: {'xpath': "//input[@id='login_id']"}
05/08/2021 02:26:04 PM - LoginPage - INFO: Element Found with locator: {'xpath': "//button[@id='nextbtn']//span[text()='Next']"}
05/08/2021 02:26:05 PM - LoginPage - INFO: Clicked on element with locator: {'xpath': "//button[@id='nextbtn']//span[text()='Next']"}
05/08/2021 02:26:05 PM - LoginPage - INFO: Element Found with locator: {'xpath': "//input[@id='password']"}
05/08/2021 02:26:08 PM - LoginPage - INFO: Cannot send data on the element with locator: {'xpath': "//input[@id='password']"}
05/08/2021 02:26:15 PM - LoginPage - INFO: Element not found with locator: {'xpath': "//button[@id='nextbtn']//span[text()='Sign in']"}
05/08/2021 02:26:15 PM - LoginPage - INFO: Cannot click on the element with locator: {'xpath': "//button[@id='nextbtn']//span[text()='Sign in']"}
05/08/2021 02:26:32 PM - LoginPage - INFO: Element not found with locator: {'xpath': "//div[@id='getusername']//div[@class='fielderror errorlabel']"}
05/08/2021 02:26:32 PM - LoginPage - INFO: Failed to get text on element with locator: {'xpath': "//div[@id='getusername']//div[@class='fielderror errorlabel']"}
05/08/2021 02:26:32 PM - TestStatus - ERROR: ### VERIFICATION FAILED :: + Error Message is Displayed
05/08/2021 02:26:44 PM - TestStatus - ERROR: ### Exception Occurred when taking screenshot
05/08/2021 02:26:56 PM - TestStatus - ERROR: ### Exception Occurred !!!
05/08/2021 02:27:08 PM - TestStatus - ERROR: ### Exception Occurred when taking screenshot
05/08/2021 02:27:08 PM - TestStatus - ERROR: userErrorMessage ### TEST FAILED
05/08/2021 02:27:14 PM - <module> - INFO: Browser Opened
05/08/2021 02:27:14 PM - HomePage - INFO: Element Found with locator: {'xpath': "//a[@class='zh-login']"}
05/08/2021 02:27:15 PM - HomePage - INFO: Clicked on element with locator: {'xpath': "//a[@class='zh-login']"}
05/08/2021 02:27:15 PM - LoginPage - INFO: Element Found with locator: {'xpath': "//input[@id='login_id']"}
05/08/2021 02:27:15 PM - LoginPage - INFO: Sent data on element with locator: {'xpath': "//input[@id='login_id']"}
05/08/2021 02:27:15 PM - LoginPage - INFO: Element Found with locator: {'xpath': "//button[@id='nextbtn']//span[text()='Next']"}
05/08/2021 02:27:15 PM - LoginPage - INFO: Clicked on element with locator: {'xpath': "//button[@id='nextbtn']//span[text()='Next']"}
05/08/2021 02:27:15 PM - LoginPage - INFO: Element Found with locator: {'xpath': "//input[@id='password']"}
05/08/2021 02:27:18 PM - LoginPage - INFO: Cannot send data on the element with locator: {'xpath': "//input[@id='password']"}
05/08/2021 02:27:27 PM - LoginPage - INFO: Element not found with locator: {'xpath': "//button[@id='nextbtn']//span[text()='Sign in']"}
05/08/2021 02:27:27 PM - LoginPage - INFO: Cannot click on the element with locator: {'xpath': "//button[@id='nextbtn']//span[text()='Sign in']"}
05/08/2021 02:42:28 PM - <module> - INFO: Browser Opened
05/08/2021 02:42:29 PM - HomePage - INFO: Element Found with locator: {'xpath': "//a[@class='zh-login']"}
05/08/2021 02:42:30 PM - HomePage - INFO: Clicked on element with locator: {'xpath': "//a[@class='zh-login']"}
05/08/2021 02:42:31 PM - LoginPage - INFO: Element Found with locator: {'xpath': "//input[@id='login_id']"}
05/08/2021 02:42:31 PM - LoginPage - INFO: Sent data on element with locator: {'xpath': "//input[@id='login_id']"}
05/08/2021 02:42:31 PM - LoginPage - INFO: Element Found with locator: {'xpath': "//button[@id='nextbtn']//span[text()='Next']"}
05/08/2021 02:42:31 PM - LoginPage - INFO: Clicked on element with locator: {'xpath': "//button[@id='nextbtn']//span[text()='Next']"}
05/08/2021 02:42:31 PM - LoginPage - INFO: Element Found with locator: {'xpath': "//input[@id='password']"}
05/08/2021 02:42:34 PM - LoginPage - INFO: Cannot send data on the element with locator: {'xpath': "//input[@id='password']"}
05/08/2021 02:42:41 PM - LoginPage - INFO: Element not found with locator: {'xpath': "//button[@id='nextbtn']//span[text()='Sign in']"}
05/08/2021 02:42:41 PM - LoginPage - INFO: Cannot click on the element with locator: {'xpath': "//button[@id='nextbtn']//span[text()='Sign in']"}
05/08/2021 02:42:46 PM - LoginPage - INFO: Element Found with locator: {'xpath': "//div[@id='getusername']//div[@class='fielderror errorlabel']"}
05/08/2021 02:42:46 PM - TestStatus - ERROR: ### VERIFICATION FAILED :: + Error Message is Displayed
05/08/2021 02:42:46 PM - TestStatus - INFO: Screenshot save to directory: C:\Users\bisai\OneDrive - Kudelski Group\Desktop\Desktop\Study\4Selenium with Python(letskodeit)\WebTestFrameworkBDD\base\../screenshots/Error Message is Displayed.1620465166610.png
05/08/2021 02:42:46 PM - TestStatus - ERROR: userErrorMessage ### TEST FAILED
05/08/2021 02:42:47 PM - <module> - INFO: Browser Closed
05/08/2021 02:42:52 PM - <module> - INFO: Browser Opened
05/08/2021 02:42:52 PM - HomePage - INFO: Element Found with locator: {'xpath': "//a[@class='zh-login']"}
05/08/2021 02:42:53 PM - HomePage - INFO: Clicked on element with locator: {'xpath': "//a[@class='zh-login']"}
05/08/2021 02:42:53 PM - LoginPage - INFO: Element Found with locator: {'xpath': "//input[@id='login_id']"}
05/08/2021 02:42:54 PM - LoginPage - INFO: Sent data on element with locator: {'xpath': "//input[@id='login_id']"}
05/08/2021 02:42:54 PM - LoginPage - INFO: Element Found with locator: {'xpath': "//button[@id='nextbtn']//span[text()='Next']"}
05/08/2021 02:42:54 PM - LoginPage - INFO: Clicked on element with locator: {'xpath': "//button[@id='nextbtn']//span[text()='Next']"}
05/08/2021 02:42:54 PM - LoginPage - INFO: Element Found with locator: {'xpath': "//input[@id='password']"}
05/08/2021 02:42:57 PM - LoginPage - INFO: Cannot send data on the element with locator: {'xpath': "//input[@id='password']"}
05/08/2021 02:43:04 PM - LoginPage - INFO: Element not found with locator: {'xpath': "//button[@id='nextbtn']//span[text()='Sign in']"}
05/08/2021 02:43:04 PM - LoginPage - INFO: Cannot click on the element with locator: {'xpath': "//button[@id='nextbtn']//span[text()='Sign in']"}
05/08/2021 02:43:09 PM - LoginPage - INFO: Element Found with locator: {'xpath': "//div[@id='getusername']//div[@class='fielderror errorlabel']"}
05/08/2021 02:43:09 PM - TestStatus - ERROR: ### VERIFICATION FAILED :: + Error Message is Displayed
05/08/2021 02:43:09 PM - TestStatus - INFO: Screenshot save to directory: C:\Users\bisai\OneDrive - Kudelski Group\Desktop\Desktop\Study\4Selenium with Python(letskodeit)\WebTestFrameworkBDD\base\../screenshots/Error Message is Displayed.1620465189615.png
05/08/2021 02:43:10 PM - TestStatus - ERROR: userErrorMessage ### TEST FAILED
05/08/2021 02:43:10 PM - <module> - INFO: Browser Closed
05/08/2021 02:46:51 PM - <module> - INFO: Browser Opened
05/08/2021 02:46:51 PM - HomePage - INFO: Element Found with locator: {'xpath': "//a[@class='zh-login']"}
05/08/2021 02:46:53 PM - HomePage - INFO: Clicked on element with locator: {'xpath': "//a[@class='zh-login']"}
05/08/2021 02:46:53 PM - LoginPage - INFO: Element Found with locator: {'xpath': "//input[@id='login_id']"}
05/08/2021 02:46:53 PM - LoginPage - INFO: Sent data on element with locator: {'xpath': "//input[@id='login_id']"}
05/08/2021 02:46:53 PM - LoginPage - INFO: Element Found with locator: {'xpath': "//button[@id='nextbtn']//span[text()='Next']"}
05/08/2021 02:46:53 PM - LoginPage - INFO: Clicked on element with locator: {'xpath': "//button[@id='nextbtn']//span[text()='Next']"}
05/08/2021 02:46:53 PM - LoginPage - INFO: Element Found with locator: {'xpath': "//input[@id='password']"}
05/08/2021 02:46:56 PM - LoginPage - INFO: Cannot send data on the element with locator: {'xpath': "//input[@id='password']"}
05/08/2021 02:47:03 PM - LoginPage - INFO: Element not found with locator: {'xpath': "//button[@id='nextbtn']//span[text()='Sign in']"}
05/08/2021 02:47:03 PM - LoginPage - INFO: Cannot click on the element with locator: {'xpath': "//button[@id='nextbtn']//span[text()='Sign in']"}
05/08/2021 02:47:08 PM - LoginPage - INFO: Element Found with locator: {'xpath': "//div[@id='getusername']//div[@class='fielderror errorlabel']"}
05/08/2021 02:47:08 PM - TestStatus - ERROR: ### VERIFICATION FAILED :: + Error Message is Displayed
05/08/2021 02:47:08 PM - TestStatus - INFO: Screenshot save to directory: C:\Users\bisai\OneDrive - Kudelski Group\Desktop\Desktop\Study\4Selenium with Python(letskodeit)\WebTestFrameworkBDD\base\../screenshots/Error Message is Displayed.1620465428587.png
05/08/2021 02:47:08 PM - TestStatus - ERROR: userErrorMessage ### TEST FAILED
05/08/2021 02:47:09 PM - <module> - INFO: Browser Closed
05/08/2021 02:47:13 PM - <module> - INFO: Browser Opened
05/08/2021 02:47:13 PM - HomePage - INFO: Element Found with locator: {'xpath': "//a[@class='zh-login']"}
05/08/2021 02:47:15 PM - HomePage - INFO: Clicked on element with locator: {'xpath': "//a[@class='zh-login']"}
05/08/2021 02:47:15 PM - LoginPage - INFO: Element Found with locator: {'xpath': "//input[@id='login_id']"}
05/08/2021 02:47:15 PM - LoginPage - INFO: Sent data on element with locator: {'xpath': "//input[@id='login_id']"}
05/08/2021 02:47:15 PM - LoginPage - INFO: Element Found with locator: {'xpath': "//button[@id='nextbtn']//span[text()='Next']"}
05/08/2021 02:47:15 PM - LoginPage - INFO: Clicked on element with locator: {'xpath': "//button[@id='nextbtn']//span[text()='Next']"}
05/08/2021 02:47:15 PM - LoginPage - INFO: Element Found with locator: {'xpath': "//input[@id='password']"}
05/08/2021 02:47:19 PM - LoginPage - INFO: Cannot send data on the element with locator: {'xpath': "//input[@id='password']"}
05/08/2021 02:47:26 PM - LoginPage - INFO: Element not found with locator: {'xpath': "//button[@id='nextbtn']//span[text()='Sign in']"}
05/08/2021 02:47:26 PM - LoginPage - INFO: Cannot click on the element with locator: {'xpath': "//button[@id='nextbtn']//span[text()='Sign in']"}
05/08/2021 02:47:31 PM - LoginPage - INFO: Element Found with locator: {'xpath': "//div[@id='getusername']//div[@class='fielderror errorlabel']"}
05/08/2021 02:47:31 PM - TestStatus - ERROR: ### VERIFICATION FAILED :: + Error Message is Displayed
05/08/2021 02:47:31 PM - TestStatus - INFO: Screenshot save to directory: C:\Users\bisai\OneDrive - Kudelski Group\Desktop\Desktop\Study\4Selenium with Python(letskodeit)\WebTestFrameworkBDD\base\../screenshots/Error Message is Displayed.1620465451191.png
05/08/2021 02:47:31 PM - TestStatus - ERROR: userErrorMessage ### TEST FAILED
05/08/2021 02:47:31 PM - <module> - INFO: Browser Closed
